This is pdfTeX, Version 3.141592653-2.6-1.40.23 (MiKTeX 21.8) (preloaded format=pdflatex 2022.12.1)  29 DEC 2022 17:19
entering extended mode
**./book.tex
(book.tex
LaTeX2e <2021-06-01> patch level 1
L3 programming layer <2021-08-27> (style/svmono.cls

LaTeX Warning: You have requested document class `style/svmono',
               but the document class provides `svmono'.

Document Class: svmono 2018/06/25 v5.6 
Springer Verlag global LaTeX document class for monographs
Class Springer-SVMono Info: extra/valid Springer sub-package 
(Springer-SVMono)           not found in option list - using "global" style.
(C:\Users\halin\AppData\Local\Programs\MiKTeX\tex/latex/base\article.cls
Document Class: article 2021/02/12 v1.4n Standard LaTeX document class
(C:\Users\halin\AppData\Local\Programs\MiKTeX\tex/latex/base\size10.clo
File: size10.clo 2021/02/12 v1.4n Standard LaTeX file (size option)
)
\c@part=\count182
\c@section=\count183
\c@subsection=\count184
\c@subsubsection=\count185
\c@paragraph=\count186
\c@subparagraph=\count187
\c@figure=\count188
\c@table=\count189
\abovecaptionskip=\skip47
\belowcaptionskip=\skip48
\bibindent=\dimen138
)
\svparindent=\dimen139
\betweenumberspace=\dimen140
\headlineindent=\dimen141
\c@chapter=\count190
\mottowidth=\dimen142
\svitemindent=\dimen143
\verbatimindent=\dimen144
LaTeX Font Info:    Redeclaring math symbol \Gamma on input line 849.
LaTeX Font Info:    Redeclaring math symbol \Delta on input line 850.
LaTeX Font Info:    Redeclaring math symbol \Theta on input line 851.
LaTeX Font Info:    Redeclaring math symbol \Lambda on input line 852.
LaTeX Font Info:    Redeclaring math symbol \Xi on input line 853.
LaTeX Font Info:    Redeclaring math symbol \Pi on input line 854.
LaTeX Font Info:    Redeclaring math symbol \Sigma on input line 855.
LaTeX Font Info:    Redeclaring math symbol \Upsilon on input line 856.
LaTeX Font Info:    Redeclaring math symbol \Phi on input line 857.
LaTeX Font Info:    Redeclaring math symbol \Psi on input line 858.
LaTeX Font Info:    Redeclaring math symbol \Omega on input line 859.
\tocchpnum=\dimen145
\tocsecnum=\dimen146
\tocsectotal=\dimen147
\tocsubsecnum=\dimen148
\tocsubsectotal=\dimen149
\tocsubsubsecnum=\dimen150
\tocsubsubsectotal=\dimen151
\tocparanum=\dimen152
\tocparatotal=\dimen153
\tocsubparanum=\dimen154
\foot@parindent=\dimen155
\spthmsep=\dimen156
\c@theorem=\count191
\c@case=\count192
\c@conjecture=\count193
\c@corollary=\count194
\c@definition=\count195
\c@example=\count196
\c@exercise=\count197
\c@lemma=\count198
\c@note=\count199
\c@problem=\count266
\c@property=\count267
\c@proposition=\count268
\c@question=\count269
\c@solution=\count270
\c@remark=\count271
\c@prob=\count272
\instindent=\dimen157
\figgap=\dimen158
\bildb@x=\box50
\figcapgap=\dimen159
\tabcapgap=\dimen160
\c@merk=\count273
LaTeX Info: Redefining \abstract on input line 1912.

(C:\Users\halin\AppData\Local\Programs\MiKTeX\tex/latex/xcolor\xcolor.sty
Package: xcolor 2016/05/11 v2.12 LaTeX color extensions (UK)

(C:\Users\halin\AppData\Local\Programs\MiKTeX\tex/latex/graphics-cfg\color.cfg
File: color.cfg 2016/01/02 v1.6 sample color configuration
)
Package xcolor Info: Driver file: pdftex.def on input line 225.

(C:\Users\halin\AppData\Local\Programs\MiKTeX\tex/latex/graphics-def\pdftex.def
File: pdftex.def 2020/10/05 v1.2a Graphics/color driver for pdftex
)
Package xcolor Info: Model `cmy' substituted by `cmy0' on input line 1348.
Package xcolor Info: Model `hsb' substituted by `rgb' on input line 1352.
Package xcolor Info: Model `RGB' extended on input line 1364.
Package xcolor Info: Model `HTML' substituted by `rgb' on input line 1366.
Package xcolor Info: Model `Hsb' substituted by `hsb' on input line 1367.
Package xcolor Info: Model `tHsb' substituted by `hsb' on input line 1368.
Package xcolor Info: Model `HSB' substituted by `hsb' on input line 1369.
Package xcolor Info: Model `Gray' substituted by `gray' on input line 1370.
Package xcolor Info: Model `wave' substituted by `hsb' on input line 1371.
 (C:\Users\halin\AppData\Local\Programs\MiKTeX\tex/latex/xcolor\x11nam.def
File: x11nam.def 2016/05/11 v2.12 Predefined colors according to Unix/X11 (UK)
))
(C:\Users\halin\AppData\Local\Programs\MiKTeX\tex/latex/ntheorem\ntheorem.sty
Style `ntheorem', Version 1.33 <2011/08/15>
Package: ntheorem 2011/08/15 1.33
(C:\Users\halin\AppData\Local\Programs\MiKTeX\tex/latex/base\ifthen.sty
Package: ifthen 2020/11/24 v1.1c Standard LaTeX ifthen package (DPC)
)
\theorem@style=\toks16
\theorem@@style=\toks17
\theorembodyfont=\toks18
\theoremnumbering=\toks19
\theorempreskipamount=\skip49
\theorempostskipamount=\skip50
\theoremframepreskipamount=\skip51
\theoremframepostskipamount=\skip52
\theoreminframepreskipamount=\skip53
\theoreminframepostskipamount=\skip54
\theorem@preskip=\toks20
\theorem@postskip=\toks21
\theorem@framepreskip=\toks22
\theorem@framepostskip=\toks23
\theorem@inframepreskip=\toks24
\theorem@inframepostskip=\toks25
\theoremindent=\dimen161
\theorem@indent=\dimen162
\theoremrightindent=\dimen163
\theorem@rightindent=\dimen164
\theoremheaderfont=\toks26
\theoremseparator=\toks27
\theoremprework=\toks28
\theorempostwork=\toks29
\theoremsymbol=\toks30
\qedsymbol=\toks31
\theoremkeyword=\toks32
\qedsymbol=\toks33
\thm@topsep=\skip55
\thm@topsepadd=\skip56
Package ntheorem Info: Option `thmmarks' loaded on input line 1175.
\c@endNonectr=\count274
\c@currNonectr=\count275
\mysavskip=\skip57
Package ntheorem Info: Option `thref' loaded on input line 1175.
\mysavskip=\skip58
)
\c@currproofctr=\count276
\c@endproofctr=\count277
\c@proof=\count278
\minitoc=\write3
\c@minitocdepth=\count279
\c@@inst=\count280
\c@@auth=\count281
\c@auco=\count282
\instindent=\dimen165
\authrun=\box51
\authorrunning=\toks34
\tocauthor=\toks35
\titrun=\box52
\titlerunning=\toks36
\toctitle=\toks37
\c@contribution=\count283
)
(C:\Users\halin\AppData\Local\Programs\MiKTeX\tex/latex/framed\framed.sty
Package: framed 2011/10/22 v 0.96: framed or shaded text with page breaks
\OuterFrameSep=\skip59
\fb@frw=\dimen166
\fb@frh=\dimen167
\FrameRule=\dimen168
\FrameSep=\dimen169
)
(C:\Users\halin\AppData\Local\Programs\MiKTeX\tex/latex/cjk-ko\kotex.sty
Package: kotex 2015/04/19 v1.6 Korean TeX (ko.TeX)

(C:\Users\halin\AppData\Local\Programs\MiKTeX\tex/latex/kotex-utf\kotex.cfg)
(C:\Users\halin\AppData\Local\Programs\MiKTeX\tex/latex/kotex-utf\kotexutf.sty
Package: kotexutf 2015/07/18 v2.1.1 typesetting UTF-8 Korean documents

(C:\Users\halin\AppData\Local\Programs\MiKTeX\tex/latex/base\inputenc.sty
Package: inputenc 2021/02/14 v1.3d Input encoding file
\inpenc@prehook=\toks38
\inpenc@posthook=\toks39
)
(C:\Users\halin\AppData\Local\Programs\MiKTeX\tex/plain/kotex-plain\kotexutf-co
re.tex
\unih@ngulpoint=\count284
\dhucs@emph@raise=\dimen170
)
Now handling font encoding LUC ...
... processing UTF-8 mapping file for font encoding LUC

(C:\Users\halin\AppData\Local\Programs\MiKTeX\tex/latex/kotex-utf\lucenc.dfu
File: lucenc.dfu 2007/09/05 UTF-8 support for dhucs
   defining Unicode char U+00B7 (decimal 183)
   defining Unicode char U+2018 (decimal 8216)
   defining Unicode char U+2019 (decimal 8217)
   defining Unicode char U+201C (decimal 8220)
   defining Unicode char U+201D (decimal 8221)
   defining Unicode char U+3001 (decimal 12289)
   defining Unicode char U+3002 (decimal 12290)
   defining Unicode char U+3008 (decimal 12296)
   defining Unicode char U+3009 (decimal 12297)
   defining Unicode char U+300A (decimal 12298)
   defining Unicode char U+300B (decimal 12299)
   defining Unicode char U+300C (decimal 12300)
   defining Unicode char U+300D (decimal 12301)
   defining Unicode char U+300E (decimal 12302)
   defining Unicode char U+300F (decimal 12303)
   defining Unicode char U+3010 (decimal 12304)
   defining Unicode char U+3011 (decimal 12305)
   defining Unicode char U+3014 (decimal 12308)
   defining Unicode char U+3015 (decimal 12309)
   defining Unicode char U+3016 (decimal 12310)
   defining Unicode char U+3017 (decimal 12311)
   defining Unicode char U+3018 (decimal 12312)
   defining Unicode char U+3019 (decimal 12313)
   defining Unicode char U+301A (decimal 12314)
   defining Unicode char U+301B (decimal 12315)
   defining Unicode char U+FF01 (decimal 65281)
   defining Unicode char U+FF08 (decimal 65288)
   defining Unicode char U+FF09 (decimal 65289)
   defining Unicode char U+FF0C (decimal 65292)
   defining Unicode char U+FF0E (decimal 65294)
   defining Unicode char U+FF1A (decimal 65306)
   defining Unicode char U+FF1B (decimal 65307)
   defining Unicode char U+FF1C (decimal 65308)
   defining Unicode char U+FF1D (decimal 65309)
   defining Unicode char U+FF1E (decimal 65310)
   defining Unicode char U+FF1F (decimal 65311)
   defining Unicode char U+FF3B (decimal 65339)
   defining Unicode char U+FF3D (decimal 65341)
   defining Unicode char U+FF5B (decimal 65371)
   defining Unicode char U+FF5D (decimal 65373)
   defining Unicode char U+FF61 (decimal 65377)
   defining Unicode char U+FF62 (decimal 65378)
   defining Unicode char U+FF63 (decimal 65379)
   defining Unicode char U+FF64 (decimal 65380)
   defining Unicode char U+FF65 (decimal 65381)
)
\@josa=\count285
\josatoks=\toks40

(C:\Users\halin\AppData\Local\Programs\MiKTeX\tex/latex/cjk-ko\kolabels-utf.sty
Package: kolabels-utf 2015/03/20 v1.5 UTF-8 Hangul item labels
)))
(C:\Users\halin\AppData\Local\Programs\MiKTeX\tex/latex/setspace\setspace.sty
Package: setspace 2011/12/19 v6.7a set line spacing
)
(C:\Users\halin\AppData\Local\Programs\MiKTeX\tex/latex/type1cm\type1cm.sty
Package: type1cm 2002/09/05 v0.04 BlueSky/Y&Y Type1 CM font definitions (DPC, p
atched RF)
)
(C:\Users\halin\AppData\Local\Programs\MiKTeX\tex/latex/base\makeidx.sty
Package: makeidx 2014/09/29 v1.0m Standard LaTeX package
)
(C:\Users\halin\AppData\Local\Programs\MiKTeX\tex/latex/graphics\graphicx.sty
Package: graphicx 2020/12/05 v1.2c Enhanced LaTeX Graphics (DPC,SPQR)

(C:\Users\halin\AppData\Local\Programs\MiKTeX\tex/latex/graphics\keyval.sty
Package: keyval 2014/10/28 v1.15 key=value parser (DPC)
\KV@toks@=\toks41
)
(C:\Users\halin\AppData\Local\Programs\MiKTeX\tex/latex/graphics\graphics.sty
Package: graphics 2021/03/04 v1.4d Standard LaTeX Graphics (DPC,SPQR)

(C:\Users\halin\AppData\Local\Programs\MiKTeX\tex/latex/graphics\trig.sty
Package: trig 2016/01/03 v1.10 sin cos tan (DPC)
)
(C:\Users\halin\AppData\Local\Programs\MiKTeX\tex/latex/graphics-cfg\graphics.c
fg
File: graphics.cfg 2016/06/04 v1.11 sample graphics configuration
)
Package graphics Info: Driver file: pdftex.def on input line 107.
)
\Gin@req@height=\dimen171
\Gin@req@width=\dimen172
) (C:\Users\halin\AppData\Local\Programs\MiKTeX\tex/latex/float\float.sty
Package: float 2001/11/08 v1.3d Float enhancements (AL)
\c@float@type=\count286
\float@exts=\toks42
\float@box=\box53
\@float@everytoks=\toks43
\@floatcapt=\box54
)
(C:\Users\halin\AppData\Local\Programs\MiKTeX\tex/latex/tools\multicol.sty
Package: multicol 2019/12/09 v1.8y multicolumn formatting (FMi)
\c@tracingmulticols=\count287
\mult@box=\box55
\multicol@leftmargin=\dimen173
\c@unbalance=\count288
\c@collectmore=\count289
\doublecol@number=\count290
\multicoltolerance=\count291
\multicolpretolerance=\count292
\full@width=\dimen174
\page@free=\dimen175
\premulticols=\dimen176
\postmulticols=\dimen177
\multicolsep=\skip60
\multicolbaselineskip=\skip61
\partial@page=\box56
\last@line=\box57
\maxbalancingoverflow=\dimen178
\mult@rightbox=\box58
\mult@grightbox=\box59
\mult@gfirstbox=\box60
\mult@firstbox=\box61
\@tempa=\box62
\@tempa=\box63
\@tempa=\box64
\@tempa=\box65
\@tempa=\box66
\@tempa=\box67
\@tempa=\box68
\@tempa=\box69
\@tempa=\box70
\@tempa=\box71
\@tempa=\box72
\@tempa=\box73
\@tempa=\box74
\@tempa=\box75
\@tempa=\box76
\@tempa=\box77
\@tempa=\box78
\@tempa=\box79
\@tempa=\box80
\@tempa=\box81
\@tempa=\box82
\@tempa=\box83
\@tempa=\box84
\@tempa=\box85
\@tempa=\box86
\@tempa=\box87
\@tempa=\box88
\@tempa=\box89
\@tempa=\box90
\@tempa=\box91
\@tempa=\box92
\@tempa=\box93
\@tempa=\box94
\@tempa=\box95
\@tempa=\box96
\@tempa=\box97
\@tempa=\box98
\c@minrows=\count293
\c@columnbadness=\count294
\c@finalcolumnbadness=\count295
\last@try=\dimen179
\multicolovershoot=\dimen180
\multicolundershoot=\dimen181
\mult@nat@firstbox=\box99
\colbreak@box=\box100
\mc@col@check@num=\count296
)
(C:\Users\halin\AppData\Local\Programs\MiKTeX\tex/latex/footmisc\footmisc.sty
Package: footmisc 2011/06/06 v5.5b a miscellany of footnote facilities
\FN@temptoken=\toks44
\footnotemargin=\dimen182
\c@pp@next@reset=\count297
Package footmisc Info: Declaring symbol style bringhurst on input line 855.
Package footmisc Info: Declaring symbol style chicago on input line 863.
Package footmisc Info: Declaring symbol style wiley on input line 872.
Package footmisc Info: Declaring symbol style lamport-robust on input line 883.

Package footmisc Info: Declaring symbol style lamport* on input line 903.
Package footmisc Info: Declaring symbol style lamport*-robust on input line 924
.
)
(C:\Users\halin\AppData\Local\Programs\MiKTeX\tex/latex/multirow\multirow.sty
Package: multirow 2021/03/15 v2.8 Span multiple rows of a table
\multirow@colwidth=\skip62
\multirow@cntb=\count298
\multirow@dima=\skip63
\bigstrutjot=\dimen183
)
(C:\Users\halin\AppData\Local\Programs\MiKTeX\tex/latex/psnfss\palatino.sty
Package: palatino 2020/03/25 PSNFSS-v9.3 (SPQR) 
)
(C:/Users/halin/Desktop/Temp/mtp2fonts.zip/texmf\tex/latex/mtpro2\mtpro2.sty
Package: mtpro2 2009/4/27 v2.3 MathTimePro II - added arc accents MathTimePro I
I - fixed rbrace problem with straightbraces and morphedbraces options MathTime
Pro II - fix bug with z = \backslash widetilde{\backslash sum_{x }}MathTimePro 
II v2 font support (PCTeX/WaS)MathTimePro II v2.1a Allowed alternate form of I 
in Math Script Fonts (MS)

(C:\Users\halin\AppData\Local\Programs\MiKTeX\tex/latex/psnfss\ot1ppl.fd
File: ot1ppl.fd 2001/06/04 font definitions for OT1/ppl.
)
\c@mv@heavy=\count299
Now handling font encoding LMP1 ...
... no UTF-8 mapping file for font encoding LMP1
Now handling font encoding LMP2 ...
... no UTF-8 mapping file for font encoding LMP2
Now handling font encoding LMP3 ...
... no UTF-8 mapping file for font encoding LMP3
\pointcount@=\count300
\prePbox@=\box101
\Pbox@=\box102
\LRbox@=\box103
\HATbox@=\box104
\TDbox@=\box105
\CHbox@=\box106
\ARCbox@=\box107
\preSbox@=\box108
\Sbox@=\box109
\SQcount@=\count301
\SQRTbox@=\box110
\UPROOT@=\count302
\LEFTROOT@=\count303
\limtype@=\count304
\xlfont@=\count305
\xlposition@=\count306
\xlposition@ii=\count307
\optype@=\count308
\x@count=\count309
\maxXLscripts@=\dimen184
\symAMSa=\mathgroup4
)
\@indexfile=\write4
\openout4 = `book.idx'.


Writing index file book.idx

(C:\Users\halin\AppData\Local\Programs\MiKTeX\tex/latex/l3backend\l3backend-pdf
tex.def
File: l3backend-pdftex.def 2021-08-04 L3 backend support: PDF output (pdfTeX)
\l__color_backend_stack_int=\count310
\l__pdf_internal_box=\box111
) (book.aux (author/acronym.aux) (author/part.aux) (author/main/Spin.aux) (auth
or/appendix.aux) (author/glossary.aux) (author/solutions.aux))
\openout1 = `book.aux'.


(C:\Users\halin\AppData\Local\Programs\MiKTeX\tex/latex/nanumtype1\lucnanummj.f
d
File: lucnanummj.fd 2013/02/12 v0.1 Nanum Myeongjo font definitions
)
(C:\Users\halin\AppData\Local\Programs\MiKTeX\tex/context/base/mkii\supp-pdf.mk
ii
[Loading MPS to PDF converter (version 2006.09.02).]
\scratchcounter=\count311
\scratchdimen=\dimen185
\scratchbox=\box112
\nofMPsegments=\count312
\nofMParguments=\count313
\everyMPshowfont=\toks45
\MPscratchCnt=\count314
\MPscratchDim=\dimen186
\MPnumerator=\count315
\makeMPintoPDFobject=\count316
\everyMPtoPDFconversion=\toks46
)
(C:\Users\halin\AppData\Local\Programs\MiKTeX\tex/latex/epstopdf-pkg\epstopdf-b
ase.sty
Package: epstopdf-base 2020-01-24 v2.11 Base part for package epstopdf

(C:\Users\halin\AppData\Local\Programs\MiKTeX\tex/generic/infwarerr\infwarerr.s
ty
Package: infwarerr 2019/12/03 v1.5 Providing info/warning/error messages (HO)
) (C:\Users\halin\AppData\Local\Programs\MiKTeX\tex/latex/grfext\grfext.sty
Package: grfext 2019/12/03 v1.3 Manage graphics extensions (HO)

(C:\Users\halin\AppData\Local\Programs\MiKTeX\tex/generic/kvdefinekeys\kvdefine
keys.sty
Package: kvdefinekeys 2019-12-19 v1.6 Define keys (HO)
))
(C:\Users\halin\AppData\Local\Programs\MiKTeX\tex/latex/kvoptions\kvoptions.sty
Package: kvoptions 2020-10-07 v3.14 Key value format for package options (HO)
(C:\Users\halin\AppData\Local\Programs\MiKTeX\tex/generic/ltxcmds\ltxcmds.sty
Package: ltxcmds 2020-05-10 v1.25 LaTeX kernel commands for general use (HO)
)
(C:\Users\halin\AppData\Local\Programs\MiKTeX\tex/generic/kvsetkeys\kvsetkeys.s
ty
Package: kvsetkeys 2019/12/15 v1.18 Key value parser (HO)
))
(C:\Users\halin\AppData\Local\Programs\MiKTeX\tex/generic/pdftexcmds\pdftexcmds
.sty
Package: pdftexcmds 2020-06-27 v0.33 Utility functions of pdfTeX for LuaTeX (HO
)
 (C:\Users\halin\AppData\Local\Programs\MiKTeX\tex/generic/iftex\iftex.sty
Package: iftex 2020/03/06 v1.0d TeX engine tests
)
Package pdftexcmds Info: \pdf@primitive is available.
Package pdftexcmds Info: \pdf@ifprimitive is available.
Package pdftexcmds Info: \pdfdraftmode found.
)
Package epstopdf-base Info: Redefining graphics rule for `.eps' on input line 4
85.
Package grfext Info: Graphics extension search list:
(grfext)             [.pdf,.png,.jpg,.mps,.jpeg,.jbig2,.jb2,.PDF,.PNG,.JPG,.JPE
G,.JBIG2,.JB2,.eps]
(grfext)             \AppendGraphicsExtensions on input line 504.

(C:\Users\halin\AppData\Local\Programs\MiKTeX\tex/latex/00miktex\epstopdf-sys.c
fg
File: epstopdf-sys.cfg 2021/03/18 v2.0 Configuration of epstopdf for MiKTeX
))
\big@size=\dimen187
 [1

{C:/Users/halin/AppData/Local/MiKTeX/pdftex/config/pdftex.map}] [2


]
(book.toc)
\tf@toc=\write5
\openout5 = `book.toc'.

 [5


]
\openout2 = `author/acronym.aux'.

 (author/acronym.tex [6



]
(C:\Users\halin\AppData\Local\Programs\MiKTeX\tex/latex/psnfss\ot1pcr.fd
File: ot1pcr.fd 2001/06/04 font definitions for OT1/pcr.
))
[7] [8




]
\openout2 = `author/part.aux'.

 (author/part.tex [1



] [2])
\openout2 = `author/main/Spin.aux'.

 (author/main/Spin.tex
Chapter 1.
[3





] [4]
<images//figure.pdf, id=72, 139.52126pt x 195.73125pt>
File: images//figure.pdf Graphic file (type pdf)
<use images//figure.pdf>
Package pdftex.def Info: images//figure.pdf  used on input line 92.
(pdftex.def)             Requested size: 90.68773pt x 127.22379pt.
 [5] [6 <./images//figure.pdf>]
File: images//figure.pdf Graphic file (type pdf)
<use images//figure.pdf>
Package pdftex.def Info: images//figure.pdf  used on input line 139.
(pdftex.def)             Requested size: 90.68773pt x 127.22379pt.

Underfull \hbox (badness 10000) in paragraph at lines 163--163
[]\OT1/ppl/m/n/10 mRNA cleav-
 []

[7]
Overfull \hbox (2.61053pt too wide) in paragraph at lines 186--187
[]\OT1/ppl/m/n/10 That ad-dresses cen-tral themes per-tainng to mi-gra-tion, he
alth, and dis-ease. In Sect. 1.4.1[],
 []

[8]
Overfull \hbox (3.0pt too wide) detected at line 264
 [] 
 []

[9] (C:\Users\halin\AppData\Local\Programs\MiKTeX\tex/latex/psnfss\ot1phv.fd
File: ot1phv.fd 2020/03/25 scalable font definitions for OT1/phv.
)
Overfull \hbox (3.0pt too wide) detected at line 271
 [] 
 []


Overfull \hbox (3.0pt too wide) detected at line 279
 [] 
 []

[10]
Overfull \hbox (3.0pt too wide) detected at line 287
 [] 
 []


Overfull \hbox (3.0pt too wide) detected at line 294
 [] 
 []


Overfull \hbox (3.0pt too wide) detected at line 306
 [] 
 []


Overfull \hbox (3.0pt too wide) detected at line 314
 [] 
 []

[11

]
Overfull \hbox (3.0pt too wide) detected at line 321
 [] 
 []


Overfull \hbox (3.0pt too wide) detected at line 332
 [] 
 []

[12

]

pdfTeX warning: pdflatex.exe (file ./images/prob.pdf): PDF inclusion: found PDF
 version <1.6>, but at most version <1.5> allowed
<images/prob.pdf, id=107, 112.97408pt x 40.2054pt>
File: images/prob.pdf Graphic file (type pdf)
<use images/prob.pdf>
Package pdftex.def Info: images/prob.pdf  used on input line 381.
(pdftex.def)             Requested size: 112.97379pt x 40.20528pt.

Underfull \hbox (badness 10000) in paragraph at lines 378--382

 []

) [13 <./images/prob.pdf>]
\openout2 = `author/appendix.aux'.

 (author/appendix.tex [14





]
Appendix A.
[15]
File: images//figure.pdf Graphic file (type pdf)
<use images//figure.pdf>
Package pdftex.def Info: images//figure.pdf  used on input line 58.
(pdftex.def)             Requested size: 90.68773pt x 127.22379pt.

Underfull \hbox (badness 10000) in paragraph at lines 75--75
[]\OT1/ppl/m/n/10 mRNA cleav-
 []

) [16]
\openout2 = `author/glossary.aux'.

 (author/glossary.tex) [17







]
\openout2 = `author/solutions.aux'.

 (author/solutions.tex [18





]

LaTeX Warning: Reference `intro' on page 19 undefined on input line 4.

) [19]
No file book.ind.
\tf@thm=\write6
\openout6 = `book.thm'.

(book.aux (author/acronym.aux) (author/part.aux) (author/main/Spin.aux)
(author/appendix.aux) (author/glossary.aux) (author/solutions.aux))

LaTeX Warning: There were undefined references.

 ) 
Here is how much of TeX's memory you used:
 5960 strings out of 478889
 85093 string characters out of 7600833
 80403070 words of memory out of 160112629
 23600 multiletter control sequences out of 15000+600000
 591269 words of font info for 180 fonts, out of 799999 for 9000
 1141 hyphenation exceptions out of 8191
 61i,12n,70p,730b,333s stack positions out of 5000i,500n,10000p,7999999b,79999s
{C:/Users/halin/AppData/Local/Programs/MiKTeX/fonts/enc/dvips/base/8r.enc}<C:
/Users/halin/AppData/Local/Programs/MiKTeX/fonts/type1/public/amsfonts/cm/cmr7.
pfb><C:/Users/halin/AppData/Local/Programs/MiKTeX/fonts/type1/public/amsfonts/c
m/cmsy10.pfb><C:/Users/halin/Desktop/Temp/mtp2fonts.zip/texmf/fonts/type1/pctex
/mtpro2/mt2exa.pfb><C:/Users/halin/Desktop/Temp/mtp2fonts.zip/texmf/fonts/type1
/pctex/mtpro2/mt2mif.pfb><C:/Users/halin/Desktop/Temp/mtp2fonts.zip/texmf/fonts
/type1/pctex/mtpro2/mt2mis.pfb><C:/Users/halin/Desktop/Temp/mtp2fonts.zip/texmf
/fonts/type1/pctex/mtpro2/mt2mit.pfb><C:/Users/halin/Desktop/Temp/mtp2fonts.zip
/texmf/fonts/type1/pctex/mtpro2/mt2syat.pfb><C:/Users/halin/Desktop/Temp/mtp2fo
nts.zip/texmf/fonts/type1/pctex/mtpro2/mt2sys.pfb><C:/Users/halin/Desktop/Temp/
mtp2fonts.zip/texmf/fonts/type1/pctex/mtpro2/mt2syt.pfb><C:/Users/halin/AppData
/Local/Programs/MiKTeX/fonts/type1/public/nanumtype1/nanummjbac.pfb><C:/Users/h
alin/AppData/Local/Programs/MiKTeX/fonts/type1/public/nanumtype1/nanummjbbb.pfb
><C:/Users/halin/AppData/Local/Programs/MiKTeX/fonts/type1/public/nanumtype1/na
nummjbc5.pfb><C:/Users/halin/AppData/Local/Programs/MiKTeX/fonts/type1/public/n
anumtype1/nanummjbc7.pfb><C:/Users/halin/AppData/Local/Programs/MiKTeX/fonts/ty
pe1/public/nanumtype1/nanummjmac.pfb><C:/Users/halin/AppData/Local/Programs/MiK
TeX/fonts/type1/public/nanumtype1/nanummjmad.pfb><C:/Users/halin/AppData/Local/
Programs/MiKTeX/fonts/type1/public/nanumtype1/nanummjmae.pfb><C:/Users/halin/Ap
pData/Local/Programs/MiKTeX/fonts/type1/public/nanumtype1/nanummjmb0.pfb><C:/Us
ers/halin/AppData/Local/Programs/MiKTeX/fonts/type1/public/nanumtype1/nanummjmb
1.pfb><C:/Users/halin/AppData/Local/Programs/MiKTeX/fonts/type1/public/nanumtyp
e1/nanummjmb1.pfb><C:/Users/halin/AppData/Local/Programs/MiKTeX/fonts/type1/pub
lic/nanumtype1/nanummjmb2.pfb><C:/Users/halin/AppData/Local/Programs/MiKTeX/fon
ts/type1/public/nanumtype1/nanummjmb3.pfb><C:/Users/halin/AppData/Local/Program
s/MiKTeX/fonts/type1/public/nanumtype1/nanummjmb3.pfb><C:/Users/halin/AppData/L
ocal/Programs/MiKTeX/fonts/type1/public/nanumtype1/nanummjmb4.pfb><C:/Users/hal
in/AppData/Local/Programs/MiKTeX/fonts/type1/public/nanumtype1/nanummjmb5.pfb><
C:/Users/halin/AppData/Local/Programs/MiKTeX/fonts/type1/public/nanumtype1/nanu
mmjmb7.pfb><C:/Users/halin/AppData/Local/Programs/MiKTeX/fonts/type1/public/nan
umtype1/nanummjmb8.pfb><C:/Users/halin/AppData/Local/Programs/MiKTeX/fonts/type
1/public/nanumtype1/nanummjmb9.pfb><C:/Users/halin/AppData/Local/Programs/MiKTe
X/fonts/type1/public/nanumtype1/nanummjmba.pfb><C:/Users/halin/AppData/Local/Pr
ograms/MiKTeX/fonts/type1/public/nanumtype1/nanummjmbb.pfb><C:/Users/halin/AppD
ata/Local/Programs/MiKTeX/fonts/type1/public/nanumtype1/nanummjmbc.pfb><C:/User
s/halin/AppData/Local/Programs/MiKTeX/fonts/type1/public/nanumtype1/nanummjmbc.
pfb><C:/Users/halin/AppData/Local/Programs/MiKTeX/fonts/type1/public/nanumtype1
/nanummjmbd.pfb><C:/Users/halin/AppData/Local/Programs/MiKTeX/fonts/type1/publi
c/nanumtype1/nanummjmbe.pfb><C:/Users/halin/AppData/Local/Programs/MiKTeX/fonts
/type1/public/nanumtype1/nanummjmc0.pfb><C:/Users/halin/AppData/Local/Programs/
MiKTeX/fonts/type1/public/nanumtype1/nanummjmc1.pfb><C:/Users/halin/AppData/Loc
al/Programs/MiKTeX/fonts/type1/public/nanumtype1/nanummjmc2.pfb><C:/Users/halin
/AppData/Local/Programs/MiKTeX/fonts/type1/public/nanumtype1/nanummjmc5.pfb><C:
/Users/halin/AppData/Local/Programs/MiKTeX/fonts/type1/public/nanumtype1/nanumm
jmc6.pfb><C:/Users/halin/AppData/Local/Programs/MiKTeX/fonts/type1/public/nanum
type1/nanummjmc6.pfb><C:/Users/halin/AppData/Local/Programs/MiKTeX/fonts/type1/
public/nanumtype1/nanummjmc7.pfb><C:/Users/halin/AppData/Local/Programs/MiKTeX/
fonts/type1/public/nanumtype1/nanummjmc8.pfb><C:/Users/halin/AppData/Local/Prog
rams/MiKTeX/fonts/type1/public/nanumtype1/nanummjmc9.pfb><C:/Users/halin/AppDat
a/Local/Programs/MiKTeX/fonts/type1/public/nanumtype1/nanummjmcc.pfb><C:/Users/
halin/AppData/Local/Programs/MiKTeX/fonts/type1/public/nanumtype1/nanummjmcd.pf
b><C:/Users/halin/AppData/Local/Programs/MiKTeX/fonts/type1/public/nanumtype1/n
anummjmce.pfb><C:/Users/halin/AppData/Local/Programs/MiKTeX/fonts/type1/public/
nanumtype1/nanummjmd0.pfb><C:/Users/halin/AppData/Local/Programs/MiKTeX/fonts/t
ype1/public/nanumtype1/nanummjmd1.pfb><C:/Users/halin/AppData/Local/Programs/Mi
KTeX/fonts/type1/public/nanumtype1/nanummjmd3.pfb><C:/Users/halin/AppData/Local
/Programs/MiKTeX/fonts/type1/public/nanumtype1/nanummjmd5.pfb><C:/Users/halin/A
ppData/Local/Programs/MiKTeX/fonts/type1/public/nanumtype1/nanummjmd5.pfb><C:/U
sers/halin/AppData/Local/Programs/MiKTeX/fonts/type1/public/nanumtype1/nanummjm
d6.pfb><C:/Users/halin/AppData/Local/Programs/MiKTeX/fonts/type1/public/nanumty
pe1/nanummjmd7.pfb><C:/Users/halin/AppData/Local/Programs/MiKTeX/fonts/type1/pu
blic/cm-super/sfrm1000.pfb><C:/Users/halin/AppData/Local/Programs/MiKTeX/fonts/
type1/urw/courier/ucrr8a.pfb><C:/Users/halin/AppData/Local/Programs/MiKTeX/font
s/type1/urw/helvetic/uhvb8a.pfb><C:/Users/halin/AppData/Local/Programs/MiKTeX/f
onts/type1/urw/palatino/uplb8a.pfb><C:/Users/halin/AppData/Local/Programs/MiKTe
X/fonts/type1/urw/palatino/uplbi8a.pfb><C:/Users/halin/AppData/Local/Programs/M
iKTeX/fonts/type1/urw/palatino/uplr8a.pfb><C:/Users/halin/AppData/Local/Program
s/MiKTeX/fonts/type1/urw/palatino/uplri8a.pfb>
Output written on book.pdf (25 pages, 2473003 bytes).
PDF statistics:
 422 PDF objects out of 1000 (max. 8388607)
 0 named destinations out of 1000 (max. 500000)
 11 words of extra memory for PDF output out of 10000 (max. 10000000)

