This is pdfTeX, Version 3.141592653-2.6-1.40.25 (MiKTeX 23.5) (preloaded format=pdflatex 2023.7.30)  22 SEP 2023 23:40
entering extended mode
 \write18 enabled.
 %&-line parsing enabled.
**./document.tex
(document.tex
LaTeX2e <2023-06-01> patch level 1
L3 programming layer <2023-06-30>
(C:\Users\halin\AppData\Local\Programs\MiKTeX\tex/latex/base\article.cls
Document Class: article 2023/05/17 v1.4n Standard LaTeX document class
(C:\Users\halin\AppData\Local\Programs\MiKTeX\tex/latex/base\size10.clo
File: size10.clo 2023/05/17 v1.4n Standard LaTeX file (size option)
)
\c@part=\count185
\c@section=\count186
\c@subsection=\count187
\c@subsubsection=\count188
\c@paragraph=\count189
\c@subparagraph=\count190
\c@figure=\count191
\c@table=\count192
\abovecaptionskip=\skip48
\belowcaptionskip=\skip49
\bibindent=\dimen140
)
(C:\Users\halin\AppData\Local\Programs\MiKTeX\tex/latex/setspace\setspace.sty
Package: setspace 2022/12/04 v6.7b set line spacing
)
(C:\Users\halin\AppData\Local\Programs\MiKTeX\tex/latex/graphics\graphicx.sty
Package: graphicx 2021/09/16 v1.2d Enhanced LaTeX Graphics (DPC,SPQR)

(C:\Users\halin\AppData\Local\Programs\MiKTeX\tex/latex/graphics\keyval.sty
Package: keyval 2022/05/29 v1.15 key=value parser (DPC)
\KV@toks@=\toks17
)
(C:\Users\halin\AppData\Local\Programs\MiKTeX\tex/latex/graphics\graphics.sty
Package: graphics 2022/03/10 v1.4e Standard LaTeX Graphics (DPC,SPQR)

(C:\Users\halin\AppData\Local\Programs\MiKTeX\tex/latex/graphics\trig.sty
Package: trig 2021/08/11 v1.11 sin cos tan (DPC)
)
(C:\Users\halin\AppData\Local\Programs\MiKTeX\tex/latex/graphics-cfg\graphics.c
fg
File: graphics.cfg 2016/06/04 v1.11 sample graphics configuration
)
Package graphics Info: Driver file: pdftex.def on input line 107.

(C:\Users\halin\AppData\Local\Programs\MiKTeX\tex/latex/graphics-def\pdftex.def
File: pdftex.def 2022/09/22 v1.2b Graphics/color driver for pdftex
))
\Gin@req@height=\dimen141
\Gin@req@width=\dimen142
) (C:\Users\halin\AppData\Local\Programs\MiKTeX\tex/latex/float\float.sty
Package: float 2001/11/08 v1.3d Float enhancements (AL)
\c@float@type=\count193
\float@exts=\toks18
\float@box=\box51
\@float@everytoks=\toks19
\@floatcapt=\box52
)
(C:\Users\halin\AppData\Local\Programs\MiKTeX\tex/latex/cjk-ko\kotex.sty
Package: kotex 2015/04/19 v1.6 Korean TeX (ko.TeX)

(C:\Users\halin\AppData\Local\Programs\MiKTeX\tex/latex/kotex-utf\kotex.cfg)
(C:\Users\halin\AppData\Local\Programs\MiKTeX\tex/latex/kotex-utf\kotexutf.sty
Package: kotexutf 2022/06/22 v3.0.0 typesetting UTF-8 Korean documents

(C:\Users\halin\AppData\Local\Programs\MiKTeX\tex/latex/base\inputenc.sty
Package: inputenc 2021/02/14 v1.3d Input encoding file
\inpenc@prehook=\toks20
\inpenc@posthook=\toks21
)
(C:\Users\halin\AppData\Local\Programs\MiKTeX\tex/plain/kotex-plain\kotexutf-co
re.tex
\unih@ngulpoint=\count194
\dhucs@emph@raise=\dimen143
)
Now handling font encoding LUC ...
... processing UTF-8 mapping file for font encoding LUC

(C:\Users\halin\AppData\Local\Programs\MiKTeX\tex/latex/kotex-utf\lucenc.dfu
File: lucenc.dfu 2007/09/05 UTF-8 support for dhucs
   defining Unicode char U+00B7 (decimal 183)
   defining Unicode char U+2018 (decimal 8216)
   defining Unicode char U+2019 (decimal 8217)
   defining Unicode char U+201C (decimal 8220)
   defining Unicode char U+201D (decimal 8221)
   defining Unicode char U+3001 (decimal 12289)
   defining Unicode char U+3002 (decimal 12290)
   defining Unicode char U+3008 (decimal 12296)
   defining Unicode char U+3009 (decimal 12297)
   defining Unicode char U+300A (decimal 12298)
   defining Unicode char U+300B (decimal 12299)
   defining Unicode char U+300C (decimal 12300)
   defining Unicode char U+300D (decimal 12301)
   defining Unicode char U+300E (decimal 12302)
   defining Unicode char U+300F (decimal 12303)
   defining Unicode char U+3010 (decimal 12304)
   defining Unicode char U+3011 (decimal 12305)
   defining Unicode char U+3014 (decimal 12308)
   defining Unicode char U+3015 (decimal 12309)
   defining Unicode char U+3016 (decimal 12310)
   defining Unicode char U+3017 (decimal 12311)
   defining Unicode char U+3018 (decimal 12312)
   defining Unicode char U+3019 (decimal 12313)
   defining Unicode char U+301A (decimal 12314)
   defining Unicode char U+301B (decimal 12315)
   defining Unicode char U+FF01 (decimal 65281)
   defining Unicode char U+FF08 (decimal 65288)
   defining Unicode char U+FF09 (decimal 65289)
   defining Unicode char U+FF0C (decimal 65292)
   defining Unicode char U+FF0E (decimal 65294)
   defining Unicode char U+FF1A (decimal 65306)
   defining Unicode char U+FF1B (decimal 65307)
   defining Unicode char U+FF1C (decimal 65308)
   defining Unicode char U+FF1D (decimal 65309)
   defining Unicode char U+FF1E (decimal 65310)
   defining Unicode char U+FF1F (decimal 65311)
   defining Unicode char U+FF3B (decimal 65339)
   defining Unicode char U+FF3D (decimal 65341)
   defining Unicode char U+FF5B (decimal 65371)
   defining Unicode char U+FF5D (decimal 65373)
   defining Unicode char U+FF61 (decimal 65377)
   defining Unicode char U+FF62 (decimal 65378)
   defining Unicode char U+FF63 (decimal 65379)
   defining Unicode char U+FF64 (decimal 65380)
   defining Unicode char U+FF65 (decimal 65381)
)
\@josa=\count195
\josatoks=\toks22

(C:\Users\halin\AppData\Local\Programs\MiKTeX\tex/latex/cjk-ko\kolabels-utf.sty
Package: kolabels-utf 2015/03/20 v1.5 UTF-8 Hangul item labels
)
(C:\Users\halin\AppData\Local\Programs\MiKTeX\tex/latex/kotex-utf\kosections-ut
f.sty
File: kosections-utf 2022/06/20 hangul option to kotex/utf
   defining Unicode char U+00BC (decimal 188)
   defining Unicode char U+00BD (decimal 189)
   defining Unicode char U+00BE (decimal 190)
   defining Unicode char U+02D0 (decimal 720)
   defining Unicode char U+2025 (decimal 8229)
   defining Unicode char U+2015 (decimal 8213)
   defining Unicode char U+2312 (decimal 8978)
   defining Unicode char U+203B (decimal 8251)

(C:\Users\halin\AppData\Local\Programs\MiKTeX\tex/latex/cjk-ko\konames-utf.sty
Package: konames-utf 2015/07/06 v1.7 UTF-8 Hangul captions
)
\raisedotdim=\dimen144
\dhucs@emph@width=\dimen145
\useremphraisedim=\dimen146
))) (C:\Users\halin\AppData\Local\Programs\MiKTeX\tex/latex/physics\physics.sty
Package: physics 

(C:\Users\halin\AppData\Local\Programs\MiKTeX\tex/latex/l3packages/xparse\xpars
e.sty
(C:\Users\halin\AppData\Local\Programs\MiKTeX\tex/latex/l3kernel\expl3.sty
Package: expl3 2023-06-30 L3 programming layer (loader) 

(C:\Users\halin\AppData\Local\Programs\MiKTeX\tex/latex/l3backend\l3backend-pdf
tex.def
File: l3backend-pdftex.def 2023-04-19 L3 backend support: PDF output (pdfTeX)
\l__color_backend_stack_int=\count196
\l__pdf_internal_box=\box53
))
Package: xparse 2023-02-02 L3 Experimental document command parser
)
(C:\Users\halin\AppData\Local\Programs\MiKTeX\tex/latex/amsmath\amsmath.sty
Package: amsmath 2023/05/13 v2.17o AMS math features
\@mathmargin=\skip50

For additional information on amsmath, use the `?' option.
(C:\Users\halin\AppData\Local\Programs\MiKTeX\tex/latex/amsmath\amstext.sty
Package: amstext 2021/08/26 v2.01 AMS text

(C:\Users\halin\AppData\Local\Programs\MiKTeX\tex/latex/amsmath\amsgen.sty
File: amsgen.sty 1999/11/30 v2.0 generic functions
\@emptytoks=\toks23
\ex@=\dimen147
))
(C:\Users\halin\AppData\Local\Programs\MiKTeX\tex/latex/amsmath\amsbsy.sty
Package: amsbsy 1999/11/29 v1.2d Bold Symbols
\pmbraise@=\dimen148
)
(C:\Users\halin\AppData\Local\Programs\MiKTeX\tex/latex/amsmath\amsopn.sty
Package: amsopn 2022/04/08 v2.04 operator names
)
\inf@bad=\count197
LaTeX Info: Redefining \frac on input line 234.
\uproot@=\count198
\leftroot@=\count199
LaTeX Info: Redefining \overline on input line 399.
LaTeX Info: Redefining \colon on input line 410.
\classnum@=\count266
\DOTSCASE@=\count267
LaTeX Info: Redefining \ldots on input line 496.
LaTeX Info: Redefining \dots on input line 499.
LaTeX Info: Redefining \cdots on input line 620.
\Mathstrutbox@=\box54
\strutbox@=\box55
LaTeX Info: Redefining \big on input line 722.
LaTeX Info: Redefining \Big on input line 723.
LaTeX Info: Redefining \bigg on input line 724.
LaTeX Info: Redefining \Bigg on input line 725.
\big@size=\dimen149
LaTeX Font Info:    Redeclaring font encoding OML on input line 743.
LaTeX Font Info:    Redeclaring font encoding OMS on input line 744.
\macc@depth=\count268
LaTeX Info: Redefining \bmod on input line 905.
LaTeX Info: Redefining \pmod on input line 910.
LaTeX Info: Redefining \smash on input line 940.
LaTeX Info: Redefining \relbar on input line 970.
LaTeX Info: Redefining \Relbar on input line 971.
\c@MaxMatrixCols=\count269
\dotsspace@=\muskip16
\c@parentequation=\count270
\dspbrk@lvl=\count271
\tag@help=\toks24
\row@=\count272
\column@=\count273
\maxfields@=\count274
\andhelp@=\toks25
\eqnshift@=\dimen150
\alignsep@=\dimen151
\tagshift@=\dimen152
\tagwidth@=\dimen153
\totwidth@=\dimen154
\lineht@=\dimen155
\@envbody=\toks26
\multlinegap=\skip51
\multlinetaggap=\skip52
\mathdisplay@stack=\toks27
LaTeX Info: Redefining \[ on input line 2953.
LaTeX Info: Redefining \] on input line 2954.
))
(C:\Users\halin\AppData\Local\Programs\MiKTeX\tex/latex/tensor\tensor.sty
Package: tensor 2023/07/18 v2.2 tensor indices package (PGR)
\tnsr@Sps=\toks28
\tnsr@Sbs=\toks29
\tnsr@Spe=\toks30
\tnsr@Sbe=\toks31
\ncld@Mno=\toks32
)
(C:\Users\halin\AppData\Local\Programs\MiKTeX\tex/latex/amsfonts\amssymb.sty
Package: amssymb 2013/01/14 v3.01 AMS font symbols

(C:\Users\halin\AppData\Local\Programs\MiKTeX\tex/latex/amsfonts\amsfonts.sty
Package: amsfonts 2013/01/14 v3.01 Basic AMSFonts support
\symAMSa=\mathgroup4
\symAMSb=\mathgroup5
LaTeX Font Info:    Redeclaring math symbol \hbar on input line 98.
LaTeX Font Info:    Overwriting math alphabet `\mathfrak' in version `bold'
(Font)                  U/euf/m/n --> U/euf/b/n on input line 106.
)) (C:\Users\halin\AppData\Local\Programs\MiKTeX\tex/latex/newtx\newtxtext.sty
Package: newtxtext 2023/07/20 v1.72(Michael Sharpe) latex and unicode latex sup
port for TeXGyreTermesX

`newtxtext' v1.72, 2023/07/20 Text macros taking advantage of TeXGyre Termes an
d its extensions (msharpe)
(C:\Users\halin\AppData\Local\Programs\MiKTeX\tex/generic/iftex\iftex.sty
Package: iftex 2022/02/03 v1.0f TeX engine tests
)
(C:\Users\halin\AppData\Local\Programs\MiKTeX\tex/latex/xkeyval\xkeyval.sty
Package: xkeyval 2022/06/16 v2.9 package option processing (HA)

(C:\Users\halin\AppData\Local\Programs\MiKTeX\tex/generic/xkeyval\xkeyval.tex
(C:\Users\halin\AppData\Local\Programs\MiKTeX\tex/generic/xkeyval\xkvutils.tex
\XKV@toks=\toks33
\XKV@tempa@toks=\toks34
)
\XKV@depth=\count275
File: xkeyval.tex 2014/12/03 v2.7a key=value parser (HA)
))
(C:\Users\halin\AppData\Local\Programs\MiKTeX\tex/latex/etoolbox\etoolbox.sty
Package: etoolbox 2020/10/05 v2.5k e-TeX tools for LaTeX (JAW)
\etb@tempcnta=\count276
)
(C:\Users\halin\AppData\Local\Programs\MiKTeX\tex/latex/base\textcomp.sty
Package: textcomp 2020/02/02 v2.0n Standard LaTeX package
)
(C:\Users\halin\AppData\Local\Programs\MiKTeX\tex/latex/xstring\xstring.sty
(C:\Users\halin\AppData\Local\Programs\MiKTeX\tex/generic/xstring\xstring.tex
\integerpart=\count277
\decimalpart=\count278
)
Package: xstring 2023/01/14 v1.85 String manipulations (CT)
) (C:\Users\halin\AppData\Local\Programs\MiKTeX\tex/latex/base\ifthen.sty
Package: ifthen 2022/04/13 v1.1d Standard LaTeX ifthen package (DPC)
)
(C:\Users\halin\AppData\Local\Programs\MiKTeX\tex/latex/carlisle\scalefnt.sty)
LaTeX Font Info:    Setting ntxLF sub-encoding to TS1/0 on input line 21.
LaTeX Font Info:    Setting ntxTLF sub-encoding to TS1/0 on input line 21.
LaTeX Font Info:    Setting ntxOsF sub-encoding to TS1/0 on input line 21.
LaTeX Font Info:    Setting ntxTOsF sub-encoding to TS1/0 on input line 21.

(C:\Users\halin\AppData\Local\Programs\MiKTeX\tex/generic/binhex\binhex.tex)
\ntx@tmpcnta=\count279
\ntx@cnt=\count280

ntx@otftextfalse
(C:\Users\halin\AppData\Local\Programs\MiKTeX\tex/latex/fontaxes\fontaxes.sty
Package: fontaxes 2020/07/21 v1.0e Font selection axes
LaTeX Info: Redefining \upshape on input line 29.
LaTeX Info: Redefining \itshape on input line 31.
LaTeX Info: Redefining \slshape on input line 33.
LaTeX Info: Redefining \swshape on input line 35.
LaTeX Info: Redefining \scshape on input line 37.
LaTeX Info: Redefining \sscshape on input line 39.
LaTeX Info: Redefining \ulcshape on input line 41.
LaTeX Info: Redefining \textsw on input line 47.
LaTeX Info: Redefining \textssc on input line 48.
LaTeX Info: Redefining \textulc on input line 49.
)
LaTeX Info: Redefining \oldstylenums on input line 653.
) (C:/Users/halin/TexCustom\tex/latex/mtpro2\mtpro2.sty
Package: mtpro2 2009/4/27 v2.3 MathTimePro II - added arc accents MathTimePro I
I - fixed rbrace problem with straightbraces and morphedbraces options MathTime
Pro II - fix bug with z = \backslash widetilde{\backslash sum_{x }}MathTimePro 
II v2 font support (PCTeX/WaS)MathTimePro II v2.1a Allowed alternate form of I 
in Math Script Fonts (MS)

(C:\Users\halin\AppData\Local\Programs\MiKTeX\tex/latex/newtx\ot1minntx.fd
File: ot1minntx.fd 2022/01/20 v1.0 font definition file for OT1/minntx
)
\c@mv@heavy=\count281
Now handling font encoding LMP1 ...
... no UTF-8 mapping file for font encoding LMP1
Now handling font encoding LMP2 ...
... no UTF-8 mapping file for font encoding LMP2
Now handling font encoding LMP3 ...
... no UTF-8 mapping file for font encoding LMP3
\pointcount@=\count282
\prePbox@=\box56
\Pbox@=\box57
\LRbox@=\box58
\HATbox@=\box59
\TDbox@=\box60
\CHbox@=\box61
\ARCbox@=\box62
\preSbox@=\box63
\Sbox@=\box64
\SQcount@=\count283
\SQRTbox@=\box65
\UPROOT@=\count284
\LEFTROOT@=\count285
\limtype@=\count286
\xlfont@=\count287
\xlposition@=\count288
\xlposition@ii=\count289
\optype@=\count290
\x@count=\count291
\maxXLscripts@=\dimen156
)
(C:\Users\halin\AppData\Local\Programs\MiKTeX\tex/latex/geometry\geometry.sty
Package: geometry 2020/01/02 v5.9 Page Geometry

(C:\Users\halin\AppData\Local\Programs\MiKTeX\tex/generic/iftex\ifvtex.sty
Package: ifvtex 2019/10/25 v1.7 ifvtex legacy package. Use iftex instead.
)
\Gm@cnth=\count292
\Gm@cntv=\count293
\c@Gm@tempcnt=\count294
\Gm@bindingoffset=\dimen157
\Gm@wd@mp=\dimen158
\Gm@odd@mp=\dimen159
\Gm@even@mp=\dimen160
\Gm@layoutwidth=\dimen161
\Gm@layoutheight=\dimen162
\Gm@layouthoffset=\dimen163
\Gm@layoutvoffset=\dimen164
\Gm@dimlist=\toks35

(C:\Users\halin\AppData\Local\Programs\MiKTeX\tex/latex/geometry\geometry.cfg))
\c@theorem=\count295
\c@corollary=\count296
(C:\Users\halin\AppData\Local\Programs\MiKTeX\tex/latex/newtx\ot1ntxtlf.fd
File: ot1ntxtlf.fd 2021/05/24 v1.0 font definition file for OT1/ntx/tlf
)
(document.aux)
\openout1 = `document.aux'.


(C:\Users\halin\AppData\Local\Programs\MiKTeX\tex/latex/nanumtype1\lucnanummj.f
d
File: lucnanummj.fd 2013/02/12 v0.1 Nanum Myeongjo font definitions
)
(C:\Users\halin\AppData\Local\Programs\MiKTeX\tex/context/base/mkii\supp-pdf.mk
ii
[Loading MPS to PDF converter (version 2006.09.02).]
\scratchcounter=\count297
\scratchdimen=\dimen165
\scratchbox=\box66
\nofMPsegments=\count298
\nofMParguments=\count299
\everyMPshowfont=\toks36
\MPscratchCnt=\count300
\MPscratchDim=\dimen166
\MPnumerator=\count301
\makeMPintoPDFobject=\count302
\everyMPtoPDFconversion=\toks37
)
(C:\Users\halin\AppData\Local\Programs\MiKTeX\tex/latex/epstopdf-pkg\epstopdf-b
ase.sty
Package: epstopdf-base 2020-01-24 v2.11 Base part for package epstopdf
Package epstopdf-base Info: Redefining graphics rule for `.eps' on input line 4
85.

(C:\Users\halin\AppData\Local\Programs\MiKTeX\tex/latex/00miktex\epstopdf-sys.c
fg
File: epstopdf-sys.cfg 2021/03/18 v2.0 Configuration of epstopdf for MiKTeX
))
\c@mv@tabular=\count303
\c@mv@boldtabular=\count304
LaTeX Info: Command `\dddot' is already robust on input line 24.
LaTeX Info: Command `\ddddot' is already robust on input line 24.

*geometry* driver: auto-detecting
*geometry* detected driver: pdftex
*geometry* verbose mode - [ preamble ] result:
* driver: pdftex
* paper: a4paper
* layout: <same size as paper>
* layoutoffset:(h,v)=(0.0pt,0.0pt)
* hratio: 1:1
* vratio: 2:3
* modes: 
* h-part:(L,W,R)=(74.68848pt, 448.1309pt, 74.68849pt)
* v-part:(T,H,B)=(84.50467pt, 633.78513pt, 126.75705pt)
* \paperwidth=597.50787pt
* \paperheight=845.04684pt
* \textwidth=448.1309pt
* \textheight=633.78513pt
* \oddsidemargin=2.41849pt
* \evensidemargin=2.41849pt
* \topmargin=-24.76532pt
* \headheight=12.0pt
* \headsep=25.0pt
* \topskip=10.0pt
* \footskip=30.0pt
* \marginparwidth=65.0pt
* \marginparsep=11.0pt
* \columnsep=10.0pt
* \skip\footins=12.5pt plus 5.55573pt minus 2.7771pt
* \hoffset=0.0pt
* \voffset=0.0pt
* \mag=1000
* \@twocolumnfalse
* \@twosidefalse
* \@mparswitchfalse
* \@reversemarginfalse
* (1in=72.27pt=25.4mm, 1cm=28.453pt)

(C:\Users\halin\AppData\Local\Programs\MiKTeX\tex/latex/amsfonts\umsb.fd
File: umsb.fd 2013/01/14 v3.01 AMS symbols B
)
[1

{C:/Users/halin/AppData/Local/MiKTeX/fonts/map/pdftex/pdftex.map}{C:/Users/hali
n/AppData/Local/Programs/MiKTeX/fonts/enc/dvips/newtx/ntx-ot1-tlf.enc}]
[2] (document.aux)
 ***********
LaTeX2e <2023-06-01> patch level 1
L3 programming layer <2023-06-30>
 ***********
 ) 
Here is how much of TeX's memory you used:
 6728 strings out of 475513
 99479 string characters out of 5760853
 1927238 words of memory out of 5000000
 27766 multiletter control sequences out of 15000+600000
 651926 words of font info for 165 fonts, out of 8000000 for 9000
 1141 hyphenation exceptions out of 8191
 79i,6n,93p,472b,221s stack positions out of 10000i,1000n,20000p,200000b,200000s
<C:/Users/halin/TexCustom/fonts/type1/pctex/mtpro2/mt2mis.pfb><C:/Users/halin
/TexCustom/fonts/type1/pctex/mtpro2/mt2mit.pfb><C:/Users/halin/TexCustom/fonts/
type1/pctex/mtpro2/mt2syat.pfb><C:/Users/halin/TexCustom/fonts/type1/pctex/mtpr
o2/mt2syt.pfb><C:/Users/halin/AppData/Local/Programs/MiKTeX/fonts/type1/public/
nanumtype1/nanummjbb5.pfb><C:/Users/halin/AppData/Local/Programs/MiKTeX/fonts/t
ype1/public/nanumtype1/nanummjbb9.pfb><C:/Users/halin/AppData/Local/Programs/Mi
KTeX/fonts/type1/public/nanumtype1/nanummjbc8.pfb><C:/Users/halin/AppData/Local
/Programs/MiKTeX/fonts/type1/public/nanumtype1/nanummjmac.pfb><C:/Users/halin/A
ppData/Local/Programs/MiKTeX/fonts/type1/public/nanumtype1/nanummjmac.pfb><C:/U
sers/halin/AppData/Local/Programs/MiKTeX/fonts/type1/public/nanumtype1/nanummjm
ad.pfb><C:/Users/halin/AppData/Local/Programs/MiKTeX/fonts/type1/public/nanumty
pe1/nanummjmae.pfb><C:/Users/halin/AppData/Local/Programs/MiKTeX/fonts/type1/pu
blic/nanumtype1/nanummjmae.pfb><C:/Users/halin/AppData/Local/Programs/MiKTeX/fo
nts/type1/public/nanumtype1/nanummjmb0.pfb><C:/Users/halin/AppData/Local/Progra
ms/MiKTeX/fonts/type1/public/nanumtype1/nanummjmb1.pfb><C:/Users/halin/AppData/
Local/Programs/MiKTeX/fonts/type1/public/nanumtype1/nanummjmb1.pfb><C:/Users/ha
lin/AppData/Local/Programs/MiKTeX/fonts/type1/public/nanumtype1/nanummjmb2.pfb>
<C:/Users/halin/AppData/Local/Programs/MiKTeX/fonts/type1/public/nanumtype1/nan
ummjmb2.pfb><C:/Users/halin/AppData/Local/Programs/MiKTeX/fonts/type1/public/na
numtype1/nanummjmb3.pfb><C:/Users/halin/AppData/Local/Programs/MiKTeX/fonts/typ
e1/public/nanumtype1/nanummjmb3.pfb><C:/Users/halin/AppData/Local/Programs/MiKT
eX/fonts/type1/public/nanumtype1/nanummjmb4.pfb><C:/Users/halin/AppData/Local/P
rograms/MiKTeX/fonts/type1/public/nanumtype1/nanummjmb4.pfb><C:/Users/halin/App
Data/Local/Programs/MiKTeX/fonts/type1/public/nanumtype1/nanummjmb5.pfb><C:/Use
rs/halin/AppData/Local/Programs/MiKTeX/fonts/type1/public/nanumtype1/nanummjmb5
.pfb><C:/Users/halin/AppData/Local/Programs/MiKTeX/fonts/type1/public/nanumtype
1/nanummjmb7.pfb><C:/Users/halin/AppData/Local/Programs/MiKTeX/fonts/type1/publ
ic/nanumtype1/nanummjmb7.pfb><C:/Users/halin/AppData/Local/Programs/MiKTeX/font
s/type1/public/nanumtype1/nanummjmb8.pfb><C:/Users/halin/AppData/Local/Programs
/MiKTeX/fonts/type1/public/nanumtype1/nanummjmb8.pfb><C:/Users/halin/AppData/Lo
cal/Programs/MiKTeX/fonts/type1/public/nanumtype1/nanummjmb9.pfb><C:/Users/hali
n/AppData/Local/Programs/MiKTeX/fonts/type1/public/nanumtype1/nanummjmb9.pfb><C
:/Users/halin/AppData/Local/Programs/MiKTeX/fonts/type1/public/nanumtype1/nanum
mjmba.pfb><C:/Users/halin/AppData/Local/Programs/MiKTeX/fonts/type1/public/nanu
mtype1/nanummjmbb.pfb><C:/Users/halin/AppData/Local/Programs/MiKTeX/fonts/type1
/public/nanumtype1/nanummjmbb.pfb><C:/Users/halin/AppData/Local/Programs/MiKTeX
/fonts/type1/public/nanumtype1/nanummjmbc.pfb><C:/Users/halin/AppData/Local/Pro
grams/MiKTeX/fonts/type1/public/nanumtype1/nanummjmbc.pfb><C:/Users/halin/AppDa
ta/Local/Programs/MiKTeX/fonts/type1/public/nanumtype1/nanummjmbd.pfb><C:/Users
/halin/AppData/Local/Programs/MiKTeX/fonts/type1/public/nanumtype1/nanummjmbd.p
fb><C:/Users/halin/AppData/Local/Programs/MiKTeX/fonts/type1/public/nanumtype1/
nanummjmbe.pfb><C:/Users/halin/AppData/Local/Programs/MiKTeX/fonts/type1/public
/nanumtype1/nanummjmc0.pfb><C:/Users/halin/AppData/Local/Programs/MiKTeX/fonts/
type1/public/nanumtype1/nanummjmc0.pfb><C:/Users/halin/AppData/Local/Programs/M
iKTeX/fonts/type1/public/nanumtype1/nanummjmc1.pfb><C:/Users/halin/AppData/Loca
l/Programs/MiKTeX/fonts/type1/public/nanumtype1/nanummjmc1.pfb><C:/Users/halin/
AppData/Local/Programs/MiKTeX/fonts/type1/public/nanumtype1/nanummjmc2.pfb><C:/
Users/halin/AppData/Local/Programs/MiKTeX/fonts/type1/public/nanumtype1/nanummj
mc2.pfb><C:/Users/halin/AppData/Local/Programs/MiKTeX/fonts/type1/public/nanumt
ype1/nanummjmc4.pfb><C:/Users/halin/AppData/Local/Programs/MiKTeX/fonts/type1/p
ublic/nanumtype1/nanummjmc5.pfb><C:/Users/halin/AppData/Local/Programs/MiKTeX/f
onts/type1/public/nanumtype1/nanummjmc5.pfb><C:/Users/halin/AppData/Local/Progr
ams/MiKTeX/fonts/type1/public/nanumtype1/nanummjmc6.pfb><C:/Users/halin/AppData
/Local/Programs/MiKTeX/fonts/type1/public/nanumtype1/nanummjmc6.pfb><C:/Users/h
alin/AppData/Local/Programs/MiKTeX/fonts/type1/public/nanumtype1/nanummjmc7.pfb
><C:/Users/halin/AppData/Local/Programs/MiKTeX/fonts/type1/public/nanumtype1/na
nummjmc7.pfb><C:/Users/halin/AppData/Local/Programs/MiKTeX/fonts/type1/public/n
anumtype1/nanummjmc8.pfb><C:/Users/halin/AppData/Local/Programs/MiKTeX/fonts/ty
pe1/public/nanumtype1/nanummjmc8.pfb><C:/Users/halin/AppData/Local/Programs/MiK
TeX/fonts/type1/public/nanumtype1/nanummjmc9.pfb><C:/Users/halin/AppData/Local/
Programs/MiKTeX/fonts/type1/public/nanumtype1/nanummjmc9.pfb><C:/Users/halin/Ap
pData/Local/Programs/MiKTeX/fonts/type1/public/nanumtype1/nanummjmca.pfb><C:/Us
ers/halin/AppData/Local/Programs/MiKTeX/fonts/type1/public/nanumtype1/nanummjmc
c.pfb><C:/Users/halin/AppData/Local/Programs/MiKTeX/fonts/type1/public/nanumtyp
e1/nanummjmcc.pfb><C:/Users/halin/AppData/Local/Programs/MiKTeX/fonts/type1/pub
lic/nanumtype1/nanummjmcd.pfb><C:/Users/halin/AppData/Local/Programs/MiKTeX/fon
ts/type1/public/nanumtype1/nanummjmce.pfb><C:/Users/halin/AppData/Local/Program
s/MiKTeX/fonts/type1/public/nanumtype1/nanummjmd0.pfb><C:/Users/halin/AppData/L
ocal/Programs/MiKTeX/fonts/type1/public/nanumtype1/nanummjmd0.pfb><C:/Users/hal
in/AppData/Local/Programs/MiKTeX/fonts/type1/public/nanumtype1/nanummjmd1.pfb><
C:/Users/halin/AppData/Local/Programs/MiKTeX/fonts/type1/public/nanumtype1/nanu
mmjmd1.pfb><C:/Users/halin/AppData/Local/Programs/MiKTeX/fonts/type1/public/nan
umtype1/nanummjmd2.pfb><C:/Users/halin/AppData/Local/Programs/MiKTeX/fonts/type
1/public/nanumtype1/nanummjmd3.pfb><C:/Users/halin/AppData/Local/Programs/MiKTe
X/fonts/type1/public/nanumtype1/nanummjmd3.pfb><C:/Users/halin/AppData/Local/Pr
ograms/MiKTeX/fonts/type1/public/nanumtype1/nanummjmd4.pfb><C:/Users/halin/AppD
ata/Local/Programs/MiKTeX/fonts/type1/public/nanumtype1/nanummjmd5.pfb><C:/User
s/halin/AppData/Local/Programs/MiKTeX/fonts/type1/public/nanumtype1/nanummjmd5.
pfb><C:/Users/halin/AppData/Local/Programs/MiKTeX/fonts/type1/public/nanumtype1
/nanummjmd6.pfb><C:/Users/halin/AppData/Local/Programs/MiKTeX/fonts/type1/publi
c/nanumtype1/nanummjmd6.pfb><C:/Users/halin/AppData/Local/Programs/MiKTeX/fonts
/type1/public/nanumtype1/nanummjmd7.pfb><C:/Users/halin/AppData/Local/Programs/
MiKTeX/fonts/type1/public/nanumtype1/nanummjmd7.pfb><C:/Users/halin/AppData/Loc
al/Programs/MiKTeX/fonts/type1/public/newtx/ztmb.pfb><C:/Users/halin/AppData/Lo
cal/Programs/MiKTeX/fonts/type1/public/newtx/ztmr.pfb><C:/Users/halin/AppData/L
ocal/Programs/MiKTeX/fonts/type1/public/newtx/ztmri.pfb>
Output written on document.pdf (2 pages, 3342195 bytes).
PDF statistics:
 390 PDF objects out of 1000 (max. 8388607)
 0 named destinations out of 1000 (max. 500000)
 1 words of extra memory for PDF output out of 10000 (max. 10000000)

