This is pdfTeX, Version 3.141592653-2.6-1.40.23 (MiKTeX 21.8) (preloaded format=pdflatex 2022.12.1)  8 JAN 2023 15:56
entering extended mode
**./PythonBasic.tex
(PythonBasic.tex
LaTeX2e <2021-06-01> patch level 1
L3 programming layer <2021-08-27>
! Undefined control sequence.
l.9 \chapter
            {Python ê¸°ì´ˆ}
The control sequence at the end of the top line
of your error message was never \def'ed. If you have
misspelled it (e.g., `\hobx'), type `I' and the correct
spelling (e.g., `I\hbox'). Otherwise just continue,
and I'll forget about whatever was undefined.


! LaTeX Error: Missing \begin{document}.

See the LaTeX manual or LaTeX Companion for explanation.
Type  H <return>  for immediate help.
 ...                                              
                                                  
l.9 \chapter{P
              ython ê¸°ì´ˆ}
You're in trouble here.  Try typing  <return>  to proceed.
If that doesn't work, type  X <return>  to quit.

Missing character: There is no P in font nullfont!
Missing character: There is no y in font nullfont!
Missing character: There is no t in font nullfont!
Missing character: There is no h in font nullfont!
Missing character: There is no o in font nullfont!
Missing character: There is no n in font nullfont!

! Package inputenc Error: Unicode character ê¸° (U+AE30)
(inputenc)                not set up for use with LaTeX.

See the inputenc package documentation for explanation.
Type  H <return>  for immediate help.
 ...                                              
                                                  
l.9 \chapter{Python ê¸°
                       ì´ˆ}
You may provide a definition with
\DeclareUnicodeCharacter 


! Package inputenc Error: Unicode character ì´ˆ (U+CD08)
(inputenc)                not set up for use with LaTeX.

See the inputenc package documentation for explanation.
Type  H <return>  for immediate help.
 ...                                              
                                                  
l.9 \chapter{Python ê¸°ì´ˆ
                          }
You may provide a definition with
\DeclareUnicodeCharacter 


Overfull \hbox (20.0pt too wide) in paragraph at lines 9--11
[]
 []


! Package inputenc Error: Unicode character ì´ (U+C774)
(inputenc)                not set up for use with LaTeX.

See the inputenc package documentation for explanation.
Type  H <return>  for immediate help.
 ...                                              
                                                  
l.13 ì´
         ì±…ì˜ ëª©ì ì€ ê³µë¦¬ë¡œë¶€í„° ì‹œì‘í•˜ì—¬ ì–‘ì ì—­í•™ì— ë„ì...

You may provide a definition with
\DeclareUnicodeCharacter 


! Package inputenc Error: Unicode character ì±… (U+CC45)
(inputenc)                not set up for use with LaTeX.

See the inputenc package documentation for explanation.
Type  H <return>  for immediate help.
 ...                                              
                                                  
l.13 ì´ ì±…
            ì˜ ëª©ì ì€ ê³µë¦¬ë¡œë¶€í„° ì‹œì‘í•˜ì—¬ ì–‘ì ì—­í•™ì— ë„ì...

You may provide a definition with
\DeclareUnicodeCharacter 


! Package inputenc Error: Unicode character ì˜ (U+C758)
(inputenc)                not set up for use with LaTeX.

See the inputenc package documentation for explanation.
Type  H <return>  for immediate help.
 ...                                              
                                                  
l.13 ì´ ì±…ì˜
                ëª©ì ì€ ê³µë¦¬ë¡œë¶€í„° ì‹œì‘í•˜ì—¬ ì–‘ì ì—­í•™ì— ë„ì...

You may provide a definition with
\DeclareUnicodeCharacter 


! Package inputenc Error: Unicode character ëª© (U+BAA9)
(inputenc)                not set up for use with LaTeX.

See the inputenc package documentation for explanation.
Type  H <return>  for immediate help.
 ...                                              
                                                  
l.13 ì´ ì±…ì˜ ëª©
                   ì ì€ ê³µë¦¬ë¡œë¶€í„° ì‹œì‘í•˜ì—¬ ì–‘ì ì—­í•™ì— ë„ì...

You may provide a definition with
\DeclareUnicodeCharacter 


! Package inputenc Error: Unicode character ì  (U+C801)
(inputenc)                not set up for use with LaTeX.

See the inputenc package documentation for explanation.
Type  H <return>  for immediate help.
 ...                                              
                                                  
l.13 ì´ ì±…ì˜ ëª©ì 
                      ì€ ê³µë¦¬ë¡œë¶€í„° ì‹œì‘í•˜ì—¬ ì–‘ì ì—­í•™ì— ë„ì...

You may provide a definition with
\DeclareUnicodeCharacter 


! Package inputenc Error: Unicode character ì€ (U+C740)
(inputenc)                not set up for use with LaTeX.

See the inputenc package documentation for explanation.
Type  H <return>  for immediate help.
 ...                                              
                                                  
l.13 ì´ ì±…ì˜ ëª©ì ì€
                          ê³µë¦¬ë¡œë¶€í„° ì‹œì‘í•˜ì—¬ ì–‘ì ì—­í•™ì— ë„ì...

You may provide a definition with
\DeclareUnicodeCharacter 


! Package inputenc Error: Unicode character ê³µ (U+ACF5)
(inputenc)                not set up for use with LaTeX.

See the inputenc package documentation for explanation.
Type  H <return>  for immediate help.
 ...                                              
                                                  
l.13 ì´ ì±…ì˜ ëª©ì ì€ ê³µ
                             ë¦¬ë¡œë¶€í„° ì‹œì‘í•˜ì—¬ ì–‘ì ì—­í•™ì— ë„ì...

You may provide a definition with
\DeclareUnicodeCharacter 


! Package inputenc Error: Unicode character ë¦¬ (U+B9AC)
(inputenc)                not set up for use with LaTeX.

See the inputenc package documentation for explanation.
Type  H <return>  for immediate help.
 ...                                              
                                                  
l.13 ì´ ì±…ì˜ ëª©ì ì€ ê³µë¦¬
                                ë¡œë¶€í„° ì‹œì‘í•˜ì—¬ ì–‘ì ì—­í•™ì— ë„ì...

You may provide a definition with
\DeclareUnicodeCharacter 


! Package inputenc Error: Unicode character ë¡œ (U+B85C)
(inputenc)                not set up for use with LaTeX.

See the inputenc package documentation for explanation.
Type  H <return>  for immediate help.
 ...                                              
                                                  
l.13 ì´ ì±…ì˜ ëª©ì ì€ ê³µë¦¬ë¡œ
                                   ë¶€í„° ì‹œì‘í•˜ì—¬ ì–‘ì ì—­í•™ì— ë„ì...

You may provide a definition with
\DeclareUnicodeCharacter 


! Package inputenc Error: Unicode character ë¶€ (U+BD80)
(inputenc)                not set up for use with LaTeX.

See the inputenc package documentation for explanation.
Type  H <return>  for immediate help.
 ...                                              
                                                  
l.13 ì´ ì±…ì˜ ëª©ì ì€ ê³µë¦¬ë¡œë¶€
                                      í„° ì‹œì‘í•˜ì—¬ ì–‘ì ì—­í•™ì— ë„ì...

You may provide a definition with
\DeclareUnicodeCharacter 


! Package inputenc Error: Unicode character í„° (U+D130)
(inputenc)                not set up for use with LaTeX.

See the inputenc package documentation for explanation.
Type  H <return>  for immediate help.
 ...                                              
                                                  
l.13 ì´ ì±…ì˜ ëª©ì ì€ ê³µë¦¬ë¡œë¶€í„°
                                          ì‹œì‘í•˜ì—¬ ì–‘ì ì—­í•™ì— ë„ì...

You may provide a definition with
\DeclareUnicodeCharacter 


! Package inputenc Error: Unicode character ì‹œ (U+C2DC)
(inputenc)                not set up for use with LaTeX.

See the inputenc package documentation for explanation.
Type  H <return>  for immediate help.
 ...                                              
                                                  
l.13 ì´ ì±…ì˜ ëª©ì ì€ ê³µë¦¬ë¡œë¶€í„° ì‹œ
                                             ì‘í•˜ì—¬ ì–‘ì ì—­í•™ì— ë„ì...

You may provide a definition with
\DeclareUnicodeCharacter 


! Package inputenc Error: Unicode character ì‘ (U+C791)
(inputenc)                not set up for use with LaTeX.

See the inputenc package documentation for explanation.
Type  H <return>  for immediate help.
 ...                                              
                                                  
l.13 ì´ ì±…ì˜ ëª©ì ì€ ê³µë¦¬ë¡œë¶€í„° ì‹œì‘
                                                í•˜ì—¬ ì–‘ì ì—­í•™ì— ë„ì...

You may provide a definition with
\DeclareUnicodeCharacter 


! Package inputenc Error: Unicode character í•˜ (U+D558)
(inputenc)                not set up for use with LaTeX.

See the inputenc package documentation for explanation.
Type  H <return>  for immediate help.
 ...                                              
                                                  
l.13 ...ì±…ì˜ ëª©ì ì€ ê³µë¦¬ë¡œë¶€í„° ì‹œì‘í•˜
                                                  ì—¬ ì–‘ì ì—­í•™ì— ë„ì...

You may provide a definition with
\DeclareUnicodeCharacter 


! Package inputenc Error: Unicode character ì—¬ (U+C5EC)
(inputenc)                not set up for use with LaTeX.

See the inputenc package documentation for explanation.
Type  H <return>  for immediate help.
 ...                                              
                                                  
l.13 ...ì˜ ëª©ì ì€ ê³µë¦¬ë¡œë¶€í„° ì‹œì‘í•˜ì—¬
                                                   ì–‘ì ì—­í•™ì— ë„ì…í•...

You may provide a definition with
\DeclareUnicodeCharacter 


! Package inputenc Error: Unicode character ì–‘ (U+C591)
(inputenc)                not set up for use with LaTeX.

See the inputenc package documentation for explanation.
Type  H <return>  for immediate help.
 ...                                              
                                                  
l.13 ...ëª©ì ì€ ê³µë¦¬ë¡œë¶€í„° ì‹œì‘í•˜ì—¬ ì–‘
                                                  ì ì—­í•™ì— ë„ì…í•˜ëŠ”...

You may provide a definition with
\DeclareUnicodeCharacter 


! Package inputenc Error: Unicode character ì (U+C790)
(inputenc)                not set up for use with LaTeX.

See the inputenc package documentation for explanation.
Type  H <return>  for immediate help.
 ...                                              
                                                  
l.13 ...ì ì€ ê³µë¦¬ë¡œë¶€í„° ì‹œì‘í•˜ì—¬ ì–‘ì
                                                   ì—­í•™ì— ë„ì…í•˜ëŠ” ê²...

You may provide a definition with
\DeclareUnicodeCharacter 


! Package inputenc Error: Unicode character ì—­ (U+C5ED)
(inputenc)                not set up for use with LaTeX.

See the inputenc package documentation for explanation.
Type  H <return>  for immediate help.
 ...                                              
                                                  
l.13 ...€ ê³µë¦¬ë¡œë¶€í„° ì‹œì‘í•˜ì—¬ ì–‘ì ì—­
                                                  í•™ì— ë„ì…í•˜ëŠ” ê²ƒì´...

You may provide a definition with
\DeclareUnicodeCharacter 


! Package inputenc Error: Unicode character í•™ (U+D559)
(inputenc)                not set up for use with LaTeX.

See the inputenc package documentation for explanation.
Type  H <return>  for immediate help.
 ...                                              
                                                  
l.13 ...ê³µë¦¬ë¡œë¶€í„° ì‹œì‘í•˜ì—¬ ì–‘ì ì—­í•™
                                                  ì— ë„ì…í•˜ëŠ” ê²ƒì´ë‹¤...

You may provide a definition with
\DeclareUnicodeCharacter 


! Package inputenc Error: Unicode character ì— (U+C5D0)
(inputenc)                not set up for use with LaTeX.

See the inputenc package documentation for explanation.
Type  H <return>  for immediate help.
 ...                                              
                                                  
l.13 ...ë¦¬ë¡œë¶€í„° ì‹œì‘í•˜ì—¬ ì–‘ì ì—­í•™ì—
                                                   ë„ì…í•˜ëŠ” ê²ƒì´ë‹¤. ì...

You may provide a definition with
\DeclareUnicodeCharacter 


! Package inputenc Error: Unicode character ë„ (U+B3C4)
(inputenc)                not set up for use with LaTeX.

See the inputenc package documentation for explanation.
Type  H <return>  for immediate help.
 ...                                              
                                                  
l.13 ...¡œë¶€í„° ì‹œì‘í•˜ì—¬ ì–‘ì ì—­í•™ì— ë„
                                                  ì…í•˜ëŠ” ê²ƒì´ë‹¤. ì´ ì...

You may provide a definition with
\DeclareUnicodeCharacter 


! Package inputenc Error: Unicode character ì… (U+C785)
(inputenc)                not set up for use with LaTeX.

See the inputenc package documentation for explanation.
Type  H <return>  for immediate help.
 ...                                              
                                                  
l.13 ...¶€í„° ì‹œì‘í•˜ì—¬ ì–‘ì ì—­í•™ì— ë„ì…
                                                  í•˜ëŠ” ê²ƒì´ë‹¤. ì´ ì±•í...

You may provide a definition with
\DeclareUnicodeCharacter 


! Package inputenc Error: Unicode character í•˜ (U+D558)
(inputenc)                not set up for use with LaTeX.

See the inputenc package documentation for explanation.
Type  H <return>  for immediate help.
 ...                                              
                                                  
l.13 ...„° ì‹œì‘í•˜ì—¬ ì–‘ì ì—­í•™ì— ë„ì…í•˜
                                                  ëŠ” ê²ƒì´ë‹¤. ì´ ì±•í„°ì...

You may provide a definition with
\DeclareUnicodeCharacter 


! Package inputenc Error: Unicode character ëŠ” (U+B294)
(inputenc)                not set up for use with LaTeX.

See the inputenc package documentation for explanation.
Type  H <return>  for immediate help.
 ...                                              
                                                  
l.13 ...ì‹œì‘í•˜ì—¬ ì–‘ì ì—­í•™ì— ë„ì…í•˜ëŠ”
                                                   ê²ƒì´ë‹¤. ì´ ì±•í„°ì˜ ...

You may provide a definition with
\DeclareUnicodeCharacter 


! Package inputenc Error: Unicode character ê²ƒ (U+AC83)
(inputenc)                not set up for use with LaTeX.

See the inputenc package documentation for explanation.
Type  H <return>  for immediate help.
 ...                                              
                                                  
l.13 ...‘í•˜ì—¬ ì–‘ì ì—­í•™ì— ë„ì…í•˜ëŠ” ê²ƒ
                                                  ì´ë‹¤. ì´ ì±•í„°ì˜ ëª©ì...

You may provide a definition with
\DeclareUnicodeCharacter 


! Package inputenc Error: Unicode character ì´ (U+C774)
(inputenc)                not set up for use with LaTeX.

See the inputenc package documentation for explanation.
Type  H <return>  for immediate help.
 ...                                              
                                                  
l.13 ...•˜ì—¬ ì–‘ì ì—­í•™ì— ë„ì…í•˜ëŠ” ê²ƒì´
                                                  ë‹¤. ì´ ì±•í„°ì˜ ëª©ì ì...

You may provide a definition with
\DeclareUnicodeCharacter 


! Package inputenc Error: Unicode character ë‹¤ (U+B2E4)
(inputenc)                not set up for use with LaTeX.

See the inputenc package documentation for explanation.
Type  H <return>  for immediate help.
 ...                                              
                                                  
l.13 ...—¬ ì–‘ì ì—­í•™ì— ë„ì…í•˜ëŠ” ê²ƒì´ë‹¤
                                                  . ì´ ì±•í„°ì˜ ëª©ì ì€ ...

You may provide a definition with
\DeclareUnicodeCharacter 


! LaTeX Error: Missing \begin{document}.

See the LaTeX manual or LaTeX Companion for explanation.
Type  H <return>  for immediate help.
 ...                                              
                                                  
l.13 ...¬ ì–‘ì ì—­í•™ì— ë„ì…í•˜ëŠ” ê²ƒì´ë‹¤.
                                                   ì´ ì±•í„°ì˜ ëª©ì ì€ í...

You're in trouble here.  Try typing  <return>  to proceed.
If that doesn't work, type  X <return>  to quit.

Missing character: There is no . in font nullfont!

! Package inputenc Error: Unicode character ì´ (U+C774)
(inputenc)                not set up for use with LaTeX.

See the inputenc package documentation for explanation.
Type  H <return>  for immediate help.
 ...                                              
                                                  
l.13 ...‘ì ì—­í•™ì— ë„ì…í•˜ëŠ” ê²ƒì´ë‹¤. ì´
                                                   ì±•í„°ì˜ ëª©ì ì€ í•„ìˆ...

You may provide a definition with
\DeclareUnicodeCharacter 


! Package inputenc Error: Unicode character ì±• (U+CC55)
(inputenc)                not set up for use with LaTeX.

See the inputenc package documentation for explanation.
Type  H <return>  for immediate help.
 ...                                              
                                                  
l.13 ... ì—­í•™ì— ë„ì…í•˜ëŠ” ê²ƒì´ë‹¤. ì´ ì±•
                                                  í„°ì˜ ëª©ì ì€ í•„ìˆ˜ì ...

You may provide a definition with
\DeclareUnicodeCharacter 


! Package inputenc Error: Unicode character í„° (U+D130)
(inputenc)                not set up for use with LaTeX.

See the inputenc package documentation for explanation.
Type  H <return>  for immediate help.
 ...                                              
                                                  
l.13 ...­í•™ì— ë„ì…í•˜ëŠ” ê²ƒì´ë‹¤. ì´ ì±•í„°
                                                  ì˜ ëª©ì ì€ í•„ìˆ˜ì ì¸...

You may provide a definition with
\DeclareUnicodeCharacter 


! Package inputenc Error: Unicode character ì˜ (U+C758)
(inputenc)                not set up for use with LaTeX.

See the inputenc package documentation for explanation.
Type  H <return>  for immediate help.
 ...                                              
                                                  
l.13 ...™ì— ë„ì…í•˜ëŠ” ê²ƒì´ë‹¤. ì´ ì±•í„°ì˜
                                                   ëª©ì ì€ í•„ìˆ˜ì ì¸ ìˆ...

You may provide a definition with
\DeclareUnicodeCharacter 


! Package inputenc Error: Unicode character ëª© (U+BAA9)
(inputenc)                not set up for use with LaTeX.

See the inputenc package documentation for explanation.
Type  H <return>  for immediate help.
 ...                                              
                                                  
l.13 ... ë„ì…í•˜ëŠ” ê²ƒì´ë‹¤. ì´ ì±•í„°ì˜ ëª©
                                                  ì ì€ í•„ìˆ˜ì ì¸ ìˆ˜í•™...

You may provide a definition with
\DeclareUnicodeCharacter 


! Package inputenc Error: Unicode character ì  (U+C801)
(inputenc)                not set up for use with LaTeX.

See the inputenc package documentation for explanation.
Type  H <return>  for immediate help.
 ...                                              
                                                  
l.13 ...„ì…í•˜ëŠ” ê²ƒì´ë‹¤. ì´ ì±•í„°ì˜ ëª©ì 
                                                  ì€ í•„ìˆ˜ì ì¸ ìˆ˜í•™ì ...

You may provide a definition with
\DeclareUnicodeCharacter 


! Package inputenc Error: Unicode character ì€ (U+C740)
(inputenc)                not set up for use with LaTeX.

See the inputenc package documentation for explanation.
Type  H <return>  for immediate help.
 ...                                              
                                                  
l.13 ...…í•˜ëŠ” ê²ƒì´ë‹¤. ì´ ì±•í„°ì˜ ëª©ì ì€
                                                   í•„ìˆ˜ì ì¸ ìˆ˜í•™ì  í†...

You may provide a definition with
\DeclareUnicodeCharacter 


! Package inputenc Error: Unicode character í•„ (U+D544)
(inputenc)                not set up for use with LaTeX.

See the inputenc package documentation for explanation.
Type  H <return>  for immediate help.
 ...                                              
                                                  
l.13 ...ëŠ” ê²ƒì´ë‹¤. ì´ ì±•í„°ì˜ ëª©ì ì€ í•„
                                                  ìˆ˜ì ì¸ ìˆ˜í•™ì  í† ëŒ€...

You may provide a definition with
\DeclareUnicodeCharacter 


! Package inputenc Error: Unicode character ìˆ˜ (U+C218)
(inputenc)                not set up for use with LaTeX.

See the inputenc package documentation for explanation.
Type  H <return>  for immediate help.
 ...                                              
                                                  
l.13 ... ê²ƒì´ë‹¤. ì´ ì±•í„°ì˜ ëª©ì ì€ í•„ìˆ˜
                                                  ì ì¸ ìˆ˜í•™ì  í† ëŒ€ë¥¼...

You may provide a definition with
\DeclareUnicodeCharacter 


! Package inputenc Error: Unicode character ì  (U+C801)
(inputenc)                not set up for use with LaTeX.

See the inputenc package documentation for explanation.
Type  H <return>  for immediate help.
 ...                                              
                                                  
l.13 ...ƒì´ë‹¤. ì´ ì±•í„°ì˜ ëª©ì ì€ í•„ìˆ˜ì 
                                                  ì¸ ìˆ˜í•™ì  í† ëŒ€ë¥¼ ì„...

You may provide a definition with
\DeclareUnicodeCharacter 


! Package inputenc Error: Unicode character ì¸ (U+C778)
(inputenc)                not set up for use with LaTeX.

See the inputenc package documentation for explanation.
Type  H <return>  for immediate help.
 ...                                              
                                                  
l.13 ...´ë‹¤. ì´ ì±•í„°ì˜ ëª©ì ì€ í•„ìˆ˜ì ì¸
                                                   ìˆ˜í•™ì  í† ëŒ€ë¥¼ ì„¸ìš...

You may provide a definition with
\DeclareUnicodeCharacter 


! Package inputenc Error: Unicode character ìˆ˜ (U+C218)
(inputenc)                not set up for use with LaTeX.

See the inputenc package documentation for explanation.
Type  H <return>  for immediate help.
 ...                                              
                                                  
l.13 .... ì´ ì±•í„°ì˜ ëª©ì ì€ í•„ìˆ˜ì ì¸ ìˆ˜
                                                  í•™ì  í† ëŒ€ë¥¼ ì„¸ìš°ëŠ”...

You may provide a definition with
\DeclareUnicodeCharacter 


! Package inputenc Error: Unicode character í•™ (U+D559)
(inputenc)                not set up for use with LaTeX.

See the inputenc package documentation for explanation.
Type  H <return>  for immediate help.
 ...                                              
                                                  
l.13 ...´ ì±•í„°ì˜ ëª©ì ì€ í•„ìˆ˜ì ì¸ ìˆ˜í•™
                                                  ì  í† ëŒ€ë¥¼ ì„¸ìš°ëŠ” ë...

You may provide a definition with
\DeclareUnicodeCharacter 


! Package inputenc Error: Unicode character ì  (U+C801)
(inputenc)                not set up for use with LaTeX.

See the inputenc package documentation for explanation.
Type  H <return>  for immediate help.
 ...                                              
                                                  
l.13 ...ì±•í„°ì˜ ëª©ì ì€ í•„ìˆ˜ì ì¸ ìˆ˜í•™ì 
                                                   í† ëŒ€ë¥¼ ì„¸ìš°ëŠ” ë° ì...

You may provide a definition with
\DeclareUnicodeCharacter 


! Package inputenc Error: Unicode character í†  (U+D1A0)
(inputenc)                not set up for use with LaTeX.

See the inputenc package documentation for explanation.
Type  H <return>  for immediate help.
 ...                                              
                                                  
l.13 ...„°ì˜ ëª©ì ì€ í•„ìˆ˜ì ì¸ ìˆ˜í•™ì  í† 
                                                  ëŒ€ë¥¼ ì„¸ìš°ëŠ” ë° ìˆë‹...

You may provide a definition with
\DeclareUnicodeCharacter 


! Package inputenc Error: Unicode character ëŒ€ (U+B300)
(inputenc)                not set up for use with LaTeX.

See the inputenc package documentation for explanation.
Type  H <return>  for immediate help.
 ...                                              
                                                  
l.13 ...˜ ëª©ì ì€ í•„ìˆ˜ì ì¸ ìˆ˜í•™ì  í† ëŒ€
                                                  ë¥¼ ì„¸ìš°ëŠ” ë° ìˆë‹¤. ...

You may provide a definition with
\DeclareUnicodeCharacter 


! Package inputenc Error: Unicode character ë¥¼ (U+B97C)
(inputenc)                not set up for use with LaTeX.

See the inputenc package documentation for explanation.
Type  H <return>  for immediate help.
 ...                                              
                                                  
l.13 ...ëª©ì ì€ í•„ìˆ˜ì ì¸ ìˆ˜í•™ì  í† ëŒ€ë¥¼
                                                   ì„¸ìš°ëŠ” ë° ìˆë‹¤. ì•...

You may provide a definition with
\DeclareUnicodeCharacter 


! Package inputenc Error: Unicode character ì„¸ (U+C138)
(inputenc)                not set up for use with LaTeX.

See the inputenc package documentation for explanation.
Type  H <return>  for immediate help.
 ...                                              
                                                  
l.13 ... ì€ í•„ìˆ˜ì ì¸ ìˆ˜í•™ì  í† ëŒ€ë¥¼ ì„¸
                                                  ìš°ëŠ” ë° ìˆë‹¤. ì•ìœ¼ë...

You may provide a definition with
\DeclareUnicodeCharacter 


! Package inputenc Error: Unicode character ìš° (U+C6B0)
(inputenc)                not set up for use with LaTeX.

See the inputenc package documentation for explanation.
Type  H <return>  for immediate help.
 ...                                              
                                                  
l.13 ...€ í•„ìˆ˜ì ì¸ ìˆ˜í•™ì  í† ëŒ€ë¥¼ ì„¸ìš°
                                                  ëŠ” ë° ìˆë‹¤. ì•ìœ¼ë¡œ ...

You may provide a definition with
\DeclareUnicodeCharacter 


! Package inputenc Error: Unicode character ëŠ” (U+B294)
(inputenc)                not set up for use with LaTeX.

See the inputenc package documentation for explanation.
Type  H <return>  for immediate help.
 ...                                              
                                                  
l.13 ...í•„ìˆ˜ì ì¸ ìˆ˜í•™ì  í† ëŒ€ë¥¼ ì„¸ìš°ëŠ”
                                                   ë° ìˆë‹¤. ì•ìœ¼ë¡œ í•„...

You may provide a definition with
\DeclareUnicodeCharacter 


! Package inputenc Error: Unicode character ë° (U+B370)
(inputenc)                not set up for use with LaTeX.

See the inputenc package documentation for explanation.
Type  H <return>  for immediate help.
 ...                                              
                                                  
l.13 ...ˆ˜ì ì¸ ìˆ˜í•™ì  í† ëŒ€ë¥¼ ì„¸ìš°ëŠ” ë°
                                                   ìˆë‹¤. ì•ìœ¼ë¡œ í•„ìš”í...

You may provide a definition with
\DeclareUnicodeCharacter 


! Package inputenc Error: Unicode character ìˆ (U+C788)
(inputenc)                not set up for use with LaTeX.

See the inputenc package documentation for explanation.
Type  H <return>  for immediate help.
 ...                                              
                                                  
l.13 ...ì¸ ìˆ˜í•™ì  í† ëŒ€ë¥¼ ì„¸ìš°ëŠ” ë° ìˆ
                                                  ë‹¤. ì•ìœ¼ë¡œ í•„ìš”í•  ë...

You may provide a definition with
\DeclareUnicodeCharacter 


! Package inputenc Error: Unicode character ë‹¤ (U+B2E4)
(inputenc)                not set up for use with LaTeX.

See the inputenc package documentation for explanation.
Type  H <return>  for immediate help.
 ...                                              
                                                  
l.13 ...¸ ìˆ˜í•™ì  í† ëŒ€ë¥¼ ì„¸ìš°ëŠ” ë° ìˆë‹¤
                                                  . ì•ìœ¼ë¡œ í•„ìš”í•  ëª¨ë...

You may provide a definition with
\DeclareUnicodeCharacter 

Missing character: There is no . in font nullfont!

! Package inputenc Error: Unicode character ì• (U+C55E)
(inputenc)                not set up for use with LaTeX.

See the inputenc package documentation for explanation.
Type  H <return>  for immediate help.
 ...                                              
                                                  
l.13 ...í•™ì  í† ëŒ€ë¥¼ ì„¸ìš°ëŠ” ë° ìˆë‹¤. ì•
                                                  ìœ¼ë¡œ í•„ìš”í•  ëª¨ë“  ìˆ...

You may provide a definition with
\DeclareUnicodeCharacter 


! Package inputenc Error: Unicode character ìœ¼ (U+C73C)
(inputenc)                not set up for use with LaTeX.

See the inputenc package documentation for explanation.
Type  H <return>  for immediate help.
 ...                                              
                                                  
l.13 ...ì  í† ëŒ€ë¥¼ ì„¸ìš°ëŠ” ë° ìˆë‹¤. ì•ìœ¼
                                                  ë¡œ í•„ìš”í•  ëª¨ë“  ìˆ˜í•...

You may provide a definition with
\DeclareUnicodeCharacter 


! Package inputenc Error: Unicode character ë¡œ (U+B85C)
(inputenc)                not set up for use with LaTeX.

See the inputenc package documentation for explanation.
Type  H <return>  for immediate help.
 ...                                              
                                                  
l.13 ... í† ëŒ€ë¥¼ ì„¸ìš°ëŠ” ë° ìˆë‹¤. ì•ìœ¼ë¡œ
                                                   í•„ìš”í•  ëª¨ë“  ìˆ˜í•™ì...

You may provide a definition with
\DeclareUnicodeCharacter 


! Package inputenc Error: Unicode character í•„ (U+D544)
(inputenc)                not set up for use with LaTeX.

See the inputenc package documentation for explanation.
Type  H <return>  for immediate help.
 ...                                              
                                                  
l.13 ...ëŒ€ë¥¼ ì„¸ìš°ëŠ” ë° ìˆë‹¤. ì•ìœ¼ë¡œ í•„
                                                  ìš”í•  ëª¨ë“  ìˆ˜í•™ì€ ì•...

You may provide a definition with
\DeclareUnicodeCharacter 


! Package inputenc Error: Unicode character ìš” (U+C694)
(inputenc)                not set up for use with LaTeX.

See the inputenc package documentation for explanation.
Type  H <return>  for immediate help.
 ...                                              
                                                  
l.13 ...ë¥¼ ì„¸ìš°ëŠ” ë° ìˆë‹¤. ì•ìœ¼ë¡œ í•„ìš”
                                                  í•  ëª¨ë“  ìˆ˜í•™ì€ ì•„ë§...

You may provide a definition with
\DeclareUnicodeCharacter 


! Package inputenc Error: Unicode character í•  (U+D560)
(inputenc)                not set up for use with LaTeX.

See the inputenc package documentation for explanation.
Type  H <return>  for immediate help.
 ...                                              
                                                  
l.13 ... ì„¸ìš°ëŠ” ë° ìˆë‹¤. ì•ìœ¼ë¡œ í•„ìš”í• 
                                                   ëª¨ë“  ìˆ˜í•™ì€ ì•„ë§ˆë...

You may provide a definition with
\DeclareUnicodeCharacter 


! Package inputenc Error: Unicode character ëª¨ (U+BAA8)
(inputenc)                not set up for use with LaTeX.

See the inputenc package documentation for explanation.
Type  H <return>  for immediate help.
 ...                                              
                                                  
l.13 ...ìš°ëŠ” ë° ìˆë‹¤. ì•ìœ¼ë¡œ í•„ìš”í•  ëª¨
                                                  ë“  ìˆ˜í•™ì€ ì•„ë§ˆë„ ì—...

You may provide a definition with
\DeclareUnicodeCharacter 


! Package inputenc Error: Unicode character ë“  (U+B4E0)
(inputenc)                not set up for use with LaTeX.

See the inputenc package documentation for explanation.
Type  H <return>  for immediate help.
 ...                                              
                                                  
l.13 ...ëŠ” ë° ìˆë‹¤. ì•ìœ¼ë¡œ í•„ìš”í•  ëª¨ë“ 
                                                   ìˆ˜í•™ì€ ì•„ë§ˆë„ ì—¬ëŸ...

You may provide a definition with
\DeclareUnicodeCharacter 


! Package inputenc Error: Unicode character ìˆ˜ (U+C218)
(inputenc)                not set up for use with LaTeX.

See the inputenc package documentation for explanation.
Type  H <return>  for immediate help.
 ...                                              
                                                  
l.13 ...ë° ìˆë‹¤. ì•ìœ¼ë¡œ í•„ìš”í•  ëª¨ë“  ìˆ˜
                                                  í•™ì€ ì•„ë§ˆë„ ì—¬ëŸ¬ë¶„...

You may provide a definition with
\DeclareUnicodeCharacter 


! Package inputenc Error: Unicode character í•™ (U+D559)
(inputenc)                not set up for use with LaTeX.

See the inputenc package documentation for explanation.
Type  H <return>  for immediate help.
 ...                                              
                                                  
l.13 ... ìˆë‹¤. ì•ìœ¼ë¡œ í•„ìš”í•  ëª¨ë“  ìˆ˜í•™
                                                  ì€ ì•„ë§ˆë„ ì—¬ëŸ¬ë¶„ì´...

You may provide a definition with
\DeclareUnicodeCharacter 


! Package inputenc Error: Unicode character ì€ (U+C740)
(inputenc)                not set up for use with LaTeX.

See the inputenc package documentation for explanation.
Type  H <return>  for immediate help.
 ...                                              
                                                  
l.13 ...ˆë‹¤. ì•ìœ¼ë¡œ í•„ìš”í•  ëª¨ë“  ìˆ˜í•™ì€
                                                   ì•„ë§ˆë„ ì—¬ëŸ¬ë¶„ì´ ì•...

You may provide a definition with
\DeclareUnicodeCharacter 


! Package inputenc Error: Unicode character ì•„ (U+C544)
(inputenc)                not set up for use with LaTeX.

See the inputenc package documentation for explanation.
Type  H <return>  for immediate help.
 ...                                              
                                                  
l.13 .... ì•ìœ¼ë¡œ í•„ìš”í•  ëª¨ë“  ìˆ˜í•™ì€ ì•„
                                                  ë§ˆë„ ì—¬ëŸ¬ë¶„ì´ ì•Œê³ ...

You may provide a definition with
\DeclareUnicodeCharacter 


! Package inputenc Error: Unicode character ë§ˆ (U+B9C8)
(inputenc)                not set up for use with LaTeX.

See the inputenc package documentation for explanation.
Type  H <return>  for immediate help.
 ...                                              
                                                  
l.13 ...•ìœ¼ë¡œ í•„ìš”í•  ëª¨ë“  ìˆ˜í•™ì€ ì•„ë§ˆ
                                                  ë„ ì—¬ëŸ¬ë¶„ì´ ì•Œê³  ì...

You may provide a definition with
\DeclareUnicodeCharacter 


! Package inputenc Error: Unicode character ë„ (U+B3C4)
(inputenc)                not set up for use with LaTeX.

See the inputenc package documentation for explanation.
Type  H <return>  for immediate help.
 ...                                              
                                                  
l.13 ...œ¼ë¡œ í•„ìš”í•  ëª¨ë“  ìˆ˜í•™ì€ ì•„ë§ˆë„
                                                   ì—¬ëŸ¬ë¶„ì´ ì•Œê³  ìˆë‹...

You may provide a definition with
\DeclareUnicodeCharacter 


! Package inputenc Error: Unicode character ì—¬ (U+C5EC)
(inputenc)                not set up for use with LaTeX.

See the inputenc package documentation for explanation.
Type  H <return>  for immediate help.
 ...                                              
                                                  
l.13 ...œ í•„ìš”í•  ëª¨ë“  ìˆ˜í•™ì€ ì•„ë§ˆë„ ì—¬
                                                  ëŸ¬ë¶„ì´ ì•Œê³  ìˆë‹¤ê³ ...

You may provide a definition with
\DeclareUnicodeCharacter 


! Package inputenc Error: Unicode character ëŸ¬ (U+B7EC)
(inputenc)                not set up for use with LaTeX.

See the inputenc package documentation for explanation.
Type  H <return>  for immediate help.
 ...                                              
                                                  
l.13 ...•„ìš”í•  ëª¨ë“  ìˆ˜í•™ì€ ì•„ë§ˆë„ ì—¬ëŸ¬
                                                  ë¶„ì´ ì•Œê³  ìˆë‹¤ê³  ìƒ...

You may provide a definition with
\DeclareUnicodeCharacter 


! Package inputenc Error: Unicode character ë¶„ (U+BD84)
(inputenc)                not set up for use with LaTeX.

See the inputenc package documentation for explanation.
Type  H <return>  for immediate help.
 ...                                              
                                                  
l.13 ...š”í•  ëª¨ë“  ìˆ˜í•™ì€ ì•„ë§ˆë„ ì—¬ëŸ¬ë¶„
                                                  ì´ ì•Œê³  ìˆë‹¤ê³  ìƒê°...

You may provide a definition with
\DeclareUnicodeCharacter 


! Package inputenc Error: Unicode character ì´ (U+C774)
(inputenc)                not set up for use with LaTeX.

See the inputenc package documentation for explanation.
Type  H <return>  for immediate help.
 ...                                              
                                                  
l.13 ...•  ëª¨ë“  ìˆ˜í•™ì€ ì•„ë§ˆë„ ì—¬ëŸ¬ë¶„ì´
                                                   ì•Œê³  ìˆë‹¤ê³  ìƒê°ë...

You may provide a definition with
\DeclareUnicodeCharacter 


! Package inputenc Error: Unicode character ì•Œ (U+C54C)
(inputenc)                not set up for use with LaTeX.

See the inputenc package documentation for explanation.
Type  H <return>  for immediate help.
 ...                                              
                                                  
l.13 ...ª¨ë“  ìˆ˜í•™ì€ ì•„ë§ˆë„ ì—¬ëŸ¬ë¶„ì´ ì•Œ
                                                  ê³  ìˆë‹¤ê³  ìƒê°ë˜ëŠ”...

You may provide a definition with
\DeclareUnicodeCharacter 


! Package inputenc Error: Unicode character ê³  (U+ACE0)
(inputenc)                not set up for use with LaTeX.

See the inputenc package documentation for explanation.
Type  H <return>  for immediate help.
 ...                                              
                                                  
l.13 ...“  ìˆ˜í•™ì€ ì•„ë§ˆë„ ì—¬ëŸ¬ë¶„ì´ ì•Œê³ 
                                                   ìˆë‹¤ê³  ìƒê°ë˜ëŠ” ë²...

You may provide a definition with
\DeclareUnicodeCharacter 


! Package inputenc Error: Unicode character ìˆ (U+C788)
(inputenc)                not set up for use with LaTeX.

See the inputenc package documentation for explanation.
Type  H <return>  for immediate help.
 ...                                              
                                                  
l.13 ...ˆ˜í•™ì€ ì•„ë§ˆë„ ì—¬ëŸ¬ë¶„ì´ ì•Œê³  ìˆ
                                                  ë‹¤ê³  ìƒê°ë˜ëŠ” ë²¡í„°...

You may provide a definition with
\DeclareUnicodeCharacter 


! Package inputenc Error: Unicode character ë‹¤ (U+B2E4)
(inputenc)                not set up for use with LaTeX.

See the inputenc package documentation for explanation.
Type  H <return>  for immediate help.
 ...                                              
                                                  
l.13 ...•™ì€ ì•„ë§ˆë„ ì—¬ëŸ¬ë¶„ì´ ì•Œê³  ìˆë‹¤
                                                  ê³  ìƒê°ë˜ëŠ” ë²¡í„°ì™€...

You may provide a definition with
\DeclareUnicodeCharacter 


! Package inputenc Error: Unicode character ê³  (U+ACE0)
(inputenc)                not set up for use with LaTeX.

See the inputenc package documentation for explanation.
Type  H <return>  for immediate help.
 ...                                              
                                                  
l.13 ...€ ì•„ë§ˆë„ ì—¬ëŸ¬ë¶„ì´ ì•Œê³  ìˆë‹¤ê³ 
                                                   ìƒê°ë˜ëŠ” ë²¡í„°ì™€ í–...

You may provide a definition with
\DeclareUnicodeCharacter 


! Package inputenc Error: Unicode character ìƒ (U+C0DD)
(inputenc)                not set up for use with LaTeX.

See the inputenc package documentation for explanation.
Type  H <return>  for immediate help.
 ...                                              
                                                  
l.13 ...•„ë§ˆë„ ì—¬ëŸ¬ë¶„ì´ ì•Œê³  ìˆë‹¤ê³  ìƒ
                                                  ê°ë˜ëŠ” ë²¡í„°ì™€ í–‰ë ¬...

You may provide a definition with
\DeclareUnicodeCharacter 


! Package inputenc Error: Unicode character ê° (U+AC01)
(inputenc)                not set up for use with LaTeX.

See the inputenc package documentation for explanation.
Type  H <return>  for immediate help.
 ...                                              
                                                  
l.13 ...§ˆë„ ì—¬ëŸ¬ë¶„ì´ ì•Œê³  ìˆë‹¤ê³  ìƒê°
                                                  ë˜ëŠ” ë²¡í„°ì™€ í–‰ë ¬ì—...

You may provide a definition with
\DeclareUnicodeCharacter 


! Package inputenc Error: Unicode character ë˜ (U+B418)
(inputenc)                not set up for use with LaTeX.

See the inputenc package documentation for explanation.
Type  H <return>  for immediate help.
 ...                                              
                                                  
l.13 ...„ ì—¬ëŸ¬ë¶„ì´ ì•Œê³  ìˆë‹¤ê³  ìƒê°ë˜
                                                  ëŠ” ë²¡í„°ì™€ í–‰ë ¬ì— ëŒ...

You may provide a definition with
\DeclareUnicodeCharacter 


! Package inputenc Error: Unicode character ëŠ” (U+B294)
(inputenc)                not set up for use with LaTeX.

See the inputenc package documentation for explanation.
Type  H <return>  for immediate help.
 ...                                              
                                                  
l.13 ...ì—¬ëŸ¬ë¶„ì´ ì•Œê³  ìˆë‹¤ê³  ìƒê°ë˜ëŠ”
                                                   ë²¡í„°ì™€ í–‰ë ¬ì— ëŒ€í•...

You may provide a definition with
\DeclareUnicodeCharacter 


! Package inputenc Error: Unicode character ë²¡ (U+BCA1)
(inputenc)                not set up for use with LaTeX.

See the inputenc package documentation for explanation.
Type  H <return>  for immediate help.
 ...                                              
                                                  
l.13 ...Ÿ¬ë¶„ì´ ì•Œê³  ìˆë‹¤ê³  ìƒê°ë˜ëŠ” ë²¡
                                                  í„°ì™€ í–‰ë ¬ì— ëŒ€í•œ ê¸...

You may provide a definition with
\DeclareUnicodeCharacter 


! Package inputenc Error: Unicode character í„° (U+D130)
(inputenc)                not set up for use with LaTeX.

See the inputenc package documentation for explanation.
Type  H <return>  for immediate help.
 ...                                              
                                                  
l.13 ...¶„ì´ ì•Œê³  ìˆë‹¤ê³  ìƒê°ë˜ëŠ” ë²¡í„°
                                                  ì™€ í–‰ë ¬ì— ëŒ€í•œ ê¸°ë³...

You may provide a definition with
\DeclareUnicodeCharacter 


! Package inputenc Error: Unicode character ì™€ (U+C640)
(inputenc)                not set up for use with LaTeX.

See the inputenc package documentation for explanation.
Type  H <return>  for immediate help.
 ...                                              
                                                  
l.13 ...´ ì•Œê³  ìˆë‹¤ê³  ìƒê°ë˜ëŠ” ë²¡í„°ì™€
                                                   í–‰ë ¬ì— ëŒ€í•œ ê¸°ë³¸ì ...

You may provide a definition with
\DeclareUnicodeCharacter 


! Package inputenc Error: Unicode character í–‰ (U+D589)
(inputenc)                not set up for use with LaTeX.

See the inputenc package documentation for explanation.
Type  H <return>  for immediate help.
 ...                                              
                                                  
l.13 ...•Œê³  ìˆë‹¤ê³  ìƒê°ë˜ëŠ” ë²¡í„°ì™€ í–‰
                                                  ë ¬ì— ëŒ€í•œ ê¸°ë³¸ì ì¸...

You may provide a definition with
\DeclareUnicodeCharacter 


! Package inputenc Error: Unicode character ë ¬ (U+B82C)
(inputenc)                not set up for use with LaTeX.

See the inputenc package documentation for explanation.
Type  H <return>  for immediate help.
 ...                                              
                                                  
l.13 ...³  ìˆë‹¤ê³  ìƒê°ë˜ëŠ” ë²¡í„°ì™€ í–‰ë ¬
                                                  ì— ëŒ€í•œ ê¸°ë³¸ì ì¸ ì•...

You may provide a definition with
\DeclareUnicodeCharacter 


! Package inputenc Error: Unicode character ì— (U+C5D0)
(inputenc)                not set up for use with LaTeX.

See the inputenc package documentation for explanation.
Type  H <return>  for immediate help.
 ...                                              
                                                  
l.13 ...ìˆë‹¤ê³  ìƒê°ë˜ëŠ” ë²¡í„°ì™€ í–‰ë ¬ì—
                                                   ëŒ€í•œ ê¸°ë³¸ì ì¸ ì•„ì...

You may provide a definition with
\DeclareUnicodeCharacter 


! Package inputenc Error: Unicode character ëŒ€ (U+B300)
(inputenc)                not set up for use with LaTeX.

See the inputenc package documentation for explanation.
Type  H <return>  for immediate help.
 ...                                              
                                                  
l.13 ...‹¤ê³  ìƒê°ë˜ëŠ” ë²¡í„°ì™€ í–‰ë ¬ì— ëŒ€
                                                  í•œ ê¸°ë³¸ì ì¸ ì•„ì´ë””...

You may provide a definition with
\DeclareUnicodeCharacter 


! Package inputenc Error: Unicode character í•œ (U+D55C)
(inputenc)                not set up for use with LaTeX.

See the inputenc package documentation for explanation.
Type  H <return>  for immediate help.
 ...                                              
                                                  
l.13 ...³  ìƒê°ë˜ëŠ” ë²¡í„°ì™€ í–‰ë ¬ì— ëŒ€í•œ
                                                   ê¸°ë³¸ì ì¸ ì•„ì´ë””ì–´...

You may provide a definition with
\DeclareUnicodeCharacter 


! Package inputenc Error: Unicode character ê¸° (U+AE30)
(inputenc)                not set up for use with LaTeX.

See the inputenc package documentation for explanation.
Type  H <return>  for immediate help.
 ...                                              
                                                  
l.13 ...ƒê°ë˜ëŠ” ë²¡í„°ì™€ í–‰ë ¬ì— ëŒ€í•œ ê¸°
                                                  ë³¸ì ì¸ ì•„ì´ë””ì–´ë¡œë...

You may provide a definition with
\DeclareUnicodeCharacter 


! Package inputenc Error: Unicode character ë³¸ (U+BCF8)
(inputenc)                not set up for use with LaTeX.

See the inputenc package documentation for explanation.
Type  H <return>  for immediate help.
 ...                                              
                                                  
l.13 ...°ë˜ëŠ” ë²¡í„°ì™€ í–‰ë ¬ì— ëŒ€í•œ ê¸°ë³¸
                                                  ì ì¸ ì•„ì´ë””ì–´ë¡œë¶€í...

You may provide a definition with
\DeclareUnicodeCharacter 


! Package inputenc Error: Unicode character ì  (U+C801)
(inputenc)                not set up for use with LaTeX.

See the inputenc package documentation for explanation.
Type  H <return>  for immediate help.
 ...                                              
                                                  
l.13 ...˜ëŠ” ë²¡í„°ì™€ í–‰ë ¬ì— ëŒ€í•œ ê¸°ë³¸ì 
                                                  ì¸ ì•„ì´ë””ì–´ë¡œë¶€í„° ...

You may provide a definition with
\DeclareUnicodeCharacter 


! Package inputenc Error: Unicode character ì¸ (U+C778)
(inputenc)                not set up for use with LaTeX.

See the inputenc package documentation for explanation.
Type  H <return>  for immediate help.
 ...                                              
                                                  
l.13 ...Š” ë²¡í„°ì™€ í–‰ë ¬ì— ëŒ€í•œ ê¸°ë³¸ì ì¸
                                                   ì•„ì´ë””ì–´ë¡œë¶€í„° ì¶œ...

You may provide a definition with
\DeclareUnicodeCharacter 


! Package inputenc Error: Unicode character ì•„ (U+C544)
(inputenc)                not set up for use with LaTeX.

See the inputenc package documentation for explanation.
Type  H <return>  for immediate help.
 ...                                              
                                                  
l.13 ...²¡í„°ì™€ í–‰ë ¬ì— ëŒ€í•œ ê¸°ë³¸ì ì¸ ì•„
                                                  ì´ë””ì–´ë¡œë¶€í„° ì¶œë°œí...

You may provide a definition with
\DeclareUnicodeCharacter 


! Package inputenc Error: Unicode character ì´ (U+C774)
(inputenc)                not set up for use with LaTeX.

See the inputenc package documentation for explanation.
Type  H <return>  for immediate help.
 ...                                              
                                                  
l.13 ...„°ì™€ í–‰ë ¬ì— ëŒ€í•œ ê¸°ë³¸ì ì¸ ì•„ì´
                                                  ë””ì–´ë¡œë¶€í„° ì¶œë°œí•˜ì...

You may provide a definition with
\DeclareUnicodeCharacter 


! Package inputenc Error: Unicode character ë”” (U+B514)
(inputenc)                not set up for use with LaTeX.

See the inputenc package documentation for explanation.
Type  H <return>  for immediate help.
 ...                                              
                                                  
l.13 ...™€ í–‰ë ¬ì— ëŒ€í•œ ê¸°ë³¸ì ì¸ ì•„ì´ë””
                                                  ì–´ë¡œë¶€í„° ì¶œë°œí•˜ì—¬ ...

You may provide a definition with
\DeclareUnicodeCharacter 


! Package inputenc Error: Unicode character ì–´ (U+C5B4)
(inputenc)                not set up for use with LaTeX.

See the inputenc package documentation for explanation.
Type  H <return>  for immediate help.
 ...                                              
                                                  
l.13 ...í–‰ë ¬ì— ëŒ€í•œ ê¸°ë³¸ì ì¸ ì•„ì´ë””ì–´
                                                  ë¡œë¶€í„° ì¶œë°œí•˜ì—¬ ì „...

You may provide a definition with
\DeclareUnicodeCharacter 


! Package inputenc Error: Unicode character ë¡œ (U+B85C)
(inputenc)                not set up for use with LaTeX.

See the inputenc package documentation for explanation.
Type  H <return>  for immediate help.
 ...                                              
                                                  
l.13 ...ë ¬ì— ëŒ€í•œ ê¸°ë³¸ì ì¸ ì•„ì´ë””ì–´ë¡œ
                                                  ë¶€í„° ì¶œë°œí•˜ì—¬ ì „ê°œ...

You may provide a definition with
\DeclareUnicodeCharacter 


! Package inputenc Error: Unicode character ë¶€ (U+BD80)
(inputenc)                not set up for use with LaTeX.

See the inputenc package documentation for explanation.
Type  H <return>  for immediate help.
 ...                                              
                                                  
l.13 ...ì— ëŒ€í•œ ê¸°ë³¸ì ì¸ ì•„ì´ë””ì–´ë¡œë¶€
                                                  í„° ì¶œë°œí•˜ì—¬ ì „ê°œë ...

You may provide a definition with
\DeclareUnicodeCharacter 


! Package inputenc Error: Unicode character í„° (U+D130)
(inputenc)                not set up for use with LaTeX.

See the inputenc package documentation for explanation.
Type  H <return>  for immediate help.
 ...                                              
                                                  
l.13 ... ëŒ€í•œ ê¸°ë³¸ì ì¸ ì•„ì´ë””ì–´ë¡œë¶€í„°
                                                   ì¶œë°œí•˜ì—¬ ì „ê°œë  ê²...

You may provide a definition with
\DeclareUnicodeCharacter 


! Package inputenc Error: Unicode character ì¶œ (U+CD9C)
(inputenc)                not set up for use with LaTeX.

See the inputenc package documentation for explanation.
Type  H <return>  for immediate help.
 ...                                              
                                                  
l.13 ...í•œ ê¸°ë³¸ì ì¸ ì•„ì´ë””ì–´ë¡œë¶€í„° ì¶œ
                                                  ë°œí•˜ì—¬ ì „ê°œë  ê²ƒì´...

You may provide a definition with
\DeclareUnicodeCharacter 


! Package inputenc Error: Unicode character ë°œ (U+BC1C)
(inputenc)                not set up for use with LaTeX.

See the inputenc package documentation for explanation.
Type  H <return>  for immediate help.
 ...                                              
                                                  
l.13 ... ê¸°ë³¸ì ì¸ ì•„ì´ë””ì–´ë¡œë¶€í„° ì¶œë°œ
                                                  í•˜ì—¬ ì „ê°œë  ê²ƒì´ë‹¤...

You may provide a definition with
\DeclareUnicodeCharacter 


! Package inputenc Error: Unicode character í•˜ (U+D558)
(inputenc)                not set up for use with LaTeX.

See the inputenc package documentation for explanation.
Type  H <return>  for immediate help.
 ...                                              
                                                  
l.13 ...°ë³¸ì ì¸ ì•„ì´ë””ì–´ë¡œë¶€í„° ì¶œë°œí•˜
                                                  ì—¬ ì „ê°œë  ê²ƒì´ë‹¤. ì...

You may provide a definition with
\DeclareUnicodeCharacter 


! Package inputenc Error: Unicode character ì—¬ (U+C5EC)
(inputenc)                not set up for use with LaTeX.

See the inputenc package documentation for explanation.
Type  H <return>  for immediate help.
 ...                                              
                                                  
l.13 ...¸ì ì¸ ì•„ì´ë””ì–´ë¡œë¶€í„° ì¶œë°œí•˜ì—¬
                                                   ì „ê°œë  ê²ƒì´ë‹¤. ìˆ˜í...

You may provide a definition with
\DeclareUnicodeCharacter 


! Package inputenc Error: Unicode character ì „ (U+C804)
(inputenc)                not set up for use with LaTeX.

See the inputenc package documentation for explanation.
Type  H <return>  for immediate help.
 ...                                              
                                                  
l.13 ...ì¸ ì•„ì´ë””ì–´ë¡œë¶€í„° ì¶œë°œí•˜ì—¬ ì „
                                                  ê°œë  ê²ƒì´ë‹¤. ìˆ˜í•™ì—...

You may provide a definition with
\DeclareUnicodeCharacter 


! Package inputenc Error: Unicode character ê°œ (U+AC1C)
(inputenc)                not set up for use with LaTeX.

See the inputenc package documentation for explanation.
Type  H <return>  for immediate help.
 ...                                              
                                                  
l.13 ... ì•„ì´ë””ì–´ë¡œë¶€í„° ì¶œë°œí•˜ì—¬ ì „ê°œ
                                                  ë  ê²ƒì´ë‹¤. ìˆ˜í•™ì— ì...

You may provide a definition with
\DeclareUnicodeCharacter 


! Package inputenc Error: Unicode character ë  (U+B420)
(inputenc)                not set up for use with LaTeX.

See the inputenc package documentation for explanation.
Type  H <return>  for immediate help.
 ...                                              
                                                  
l.13 ...„ì´ë””ì–´ë¡œë¶€í„° ì¶œë°œí•˜ì—¬ ì „ê°œë 
                                                   ê²ƒì´ë‹¤. ìˆ˜í•™ì— ìˆì...

You may provide a definition with
\DeclareUnicodeCharacter 


! Package inputenc Error: Unicode character ê²ƒ (U+AC83)
(inputenc)                not set up for use with LaTeX.

See the inputenc package documentation for explanation.
Type  H <return>  for immediate help.
 ...                                              
                                                  
l.13 ...ë””ì–´ë¡œë¶€í„° ì¶œë°œí•˜ì—¬ ì „ê°œë  ê²ƒ
                                                  ì´ë‹¤. ìˆ˜í•™ì— ìˆì–´ ì...

You may provide a definition with
\DeclareUnicodeCharacter 


! Package inputenc Error: Unicode character ì´ (U+C774)
(inputenc)                not set up for use with LaTeX.

See the inputenc package documentation for explanation.
Type  H <return>  for immediate help.
 ...                                              
                                                  
l.13 ...ì–´ë¡œë¶€í„° ì¶œë°œí•˜ì—¬ ì „ê°œë  ê²ƒì´
                                                  ë‹¤. ìˆ˜í•™ì— ìˆì–´ ì¡°ê...

You may provide a definition with
\DeclareUnicodeCharacter 


! Package inputenc Error: Unicode character ë‹¤ (U+B2E4)
(inputenc)                not set up for use with LaTeX.

See the inputenc package documentation for explanation.
Type  H <return>  for immediate help.
 ...                                              
                                                  
l.13 ...ë¡œë¶€í„° ì¶œë°œí•˜ì—¬ ì „ê°œë  ê²ƒì´ë‹¤
                                                  . ìˆ˜í•™ì— ìˆì–´ ì¡°ê¸ˆì...

You may provide a definition with
\DeclareUnicodeCharacter 

Missing character: There is no . in font nullfont!

! Package inputenc Error: Unicode character ìˆ˜ (U+C218)
(inputenc)                not set up for use with LaTeX.

See the inputenc package documentation for explanation.
Type  H <return>  for immediate help.
 ...                                              
                                                  
l.13 ...€í„° ì¶œë°œí•˜ì—¬ ì „ê°œë  ê²ƒì´ë‹¤. ìˆ˜
                                                  í•™ì— ìˆì–´ ì¡°ê¸ˆì˜ í...

You may provide a definition with
\DeclareUnicodeCharacter 


! Package inputenc Error: Unicode character í•™ (U+D559)
(inputenc)                not set up for use with LaTeX.

See the inputenc package documentation for explanation.
Type  H <return>  for immediate help.
 ...                                              
                                                  
l.13 ...° ì¶œë°œí•˜ì—¬ ì „ê°œë  ê²ƒì´ë‹¤. ìˆ˜í•™
                                                  ì— ìˆì–´ ì¡°ê¸ˆì˜ í¸ì•...

You may provide a definition with
\DeclareUnicodeCharacter 


! Package inputenc Error: Unicode character ì— (U+C5D0)
(inputenc)                not set up for use with LaTeX.

See the inputenc package documentation for explanation.
Type  H <return>  for immediate help.
 ...                                              
                                                  
l.13 ...¶œë°œí•˜ì—¬ ì „ê°œë  ê²ƒì´ë‹¤. ìˆ˜í•™ì—
                                                   ìˆì–´ ì¡°ê¸ˆì˜ í¸ì•ˆí•...

You may provide a definition with
\DeclareUnicodeCharacter 


! Package inputenc Error: Unicode character ìˆ (U+C788)
(inputenc)                not set up for use with LaTeX.

See the inputenc package documentation for explanation.
Type  H <return>  for immediate help.
 ...                                              
                                                  
l.13 ...œí•˜ì—¬ ì „ê°œë  ê²ƒì´ë‹¤. ìˆ˜í•™ì— ìˆ
                                                  ì–´ ì¡°ê¸ˆì˜ í¸ì•ˆí•¨ì„...

You may provide a definition with
\DeclareUnicodeCharacter 


! Package inputenc Error: Unicode character ì–´ (U+C5B4)
(inputenc)                not set up for use with LaTeX.

See the inputenc package documentation for explanation.
Type  H <return>  for immediate help.
 ...                                              
                                                  
l.13 ...˜ì—¬ ì „ê°œë  ê²ƒì´ë‹¤. ìˆ˜í•™ì— ìˆì–´
                                                   ì¡°ê¸ˆì˜ í¸ì•ˆí•¨ì„ ì ...

You may provide a definition with
\DeclareUnicodeCharacter 


! Package inputenc Error: Unicode character ì¡° (U+C870)
(inputenc)                not set up for use with LaTeX.

See the inputenc package documentation for explanation.
Type  H <return>  for immediate help.
 ...                                              
                                                  
l.13 ... ì „ê°œë  ê²ƒì´ë‹¤. ìˆ˜í•™ì— ìˆì–´ ì¡°
                                                  ê¸ˆì˜ í¸ì•ˆí•¨ì„ ì œê³µ...

You may provide a definition with
\DeclareUnicodeCharacter 


! Package inputenc Error: Unicode character ê¸ˆ (U+AE08)
(inputenc)                not set up for use with LaTeX.

See the inputenc package documentation for explanation.
Type  H <return>  for immediate help.
 ...                                              
                                                  
l.13 ...„ê°œë  ê²ƒì´ë‹¤. ìˆ˜í•™ì— ìˆì–´ ì¡°ê¸ˆ
                                                  ì˜ í¸ì•ˆí•¨ì„ ì œê³µí•˜...

You may provide a definition with
\DeclareUnicodeCharacter 


! Package inputenc Error: Unicode character ì˜ (U+C758)
(inputenc)                not set up for use with LaTeX.

See the inputenc package documentation for explanation.
Type  H <return>  for immediate help.
 ...                                              
                                                  
l.13 ...œë  ê²ƒì´ë‹¤. ìˆ˜í•™ì— ìˆì–´ ì¡°ê¸ˆì˜
                                                   í¸ì•ˆí•¨ì„ ì œê³µí•˜ê³ ...

You may provide a definition with
\DeclareUnicodeCharacter 


! Package inputenc Error: Unicode character í¸ (U+D3B8)
(inputenc)                not set up for use with LaTeX.

See the inputenc package documentation for explanation.
Type  H <return>  for immediate help.
 ...                                              
                                                  
l.13 ... ê²ƒì´ë‹¤. ìˆ˜í•™ì— ìˆì–´ ì¡°ê¸ˆì˜ í¸
                                                  ì•ˆí•¨ì„ ì œê³µí•˜ê³  ì—¬...

You may provide a definition with
\DeclareUnicodeCharacter 


! Package inputenc Error: Unicode character ì•ˆ (U+C548)
(inputenc)                not set up for use with LaTeX.

See the inputenc package documentation for explanation.
Type  H <return>  for immediate help.
 ...                                              
                                                  
l.13 ...ƒì´ë‹¤. ìˆ˜í•™ì— ìˆì–´ ì¡°ê¸ˆì˜ í¸ì•ˆ
                                                  í•¨ì„ ì œê³µí•˜ê³  ì—¬ê¸°...

You may provide a definition with
\DeclareUnicodeCharacter 


! Package inputenc Error: Unicode character í•¨ (U+D568)
(inputenc)                not set up for use with LaTeX.

See the inputenc package documentation for explanation.
Type  H <return>  for immediate help.
 ...                                              
                                                  
l.13 ...´ë‹¤. ìˆ˜í•™ì— ìˆì–´ ì¡°ê¸ˆì˜ í¸ì•ˆí•¨
                                                  ì„ ì œê³µí•˜ê³  ì—¬ê¸°ì„œ...

You may provide a definition with
\DeclareUnicodeCharacter 


! Package inputenc Error: Unicode character ì„ (U+C744)
(inputenc)                not set up for use with LaTeX.

See the inputenc package documentation for explanation.
Type  H <return>  for immediate help.
 ...                                              
                                                  
l.13 ...¤. ìˆ˜í•™ì— ìˆì–´ ì¡°ê¸ˆì˜ í¸ì•ˆí•¨ì„
                                                   ì œê³µí•˜ê³  ì—¬ê¸°ì„œ ì ...

You may provide a definition with
\DeclareUnicodeCharacter 


! Package inputenc Error: Unicode character ì œ (U+C81C)
(inputenc)                not set up for use with LaTeX.

See the inputenc package documentation for explanation.
Type  H <return>  for immediate help.
 ...                                              
                                                  
l.13 ...ˆ˜í•™ì— ìˆì–´ ì¡°ê¸ˆì˜ í¸ì•ˆí•¨ì„ ì œ
                                                  ê³µí•˜ê³  ì—¬ê¸°ì„œ ì „ê°œ...

You may provide a definition with
\DeclareUnicodeCharacter 


! Package inputenc Error: Unicode character ê³µ (U+ACF5)
(inputenc)                not set up for use with LaTeX.

See the inputenc package documentation for explanation.
Type  H <return>  for immediate help.
 ...                                              
                                                  
l.13 ...•™ì— ìˆì–´ ì¡°ê¸ˆì˜ í¸ì•ˆí•¨ì„ ì œê³µ
                                                  í•˜ê³  ì—¬ê¸°ì„œ ì „ê°œëœ...

You may provide a definition with
\DeclareUnicodeCharacter 


! Package inputenc Error: Unicode character í•˜ (U+D558)
(inputenc)                not set up for use with LaTeX.

See the inputenc package documentation for explanation.
Type  H <return>  for immediate help.
 ...                                              
                                                  
l.13 ...— ìˆì–´ ì¡°ê¸ˆì˜ í¸ì•ˆí•¨ì„ ì œê³µí•˜
                                                  ê³  ì—¬ê¸°ì„œ ì „ê°œëœ ì•...

You may provide a definition with
\DeclareUnicodeCharacter 


! Package inputenc Error: Unicode character ê³  (U+ACE0)
(inputenc)                not set up for use with LaTeX.

See the inputenc package documentation for explanation.
Type  H <return>  for immediate help.
 ...                                              
                                                  
l.13 ...ìˆì–´ ì¡°ê¸ˆì˜ í¸ì•ˆí•¨ì„ ì œê³µí•˜ê³ 
                                                   ì—¬ê¸°ì„œ ì „ê°œëœ ì•„ì...

You may provide a definition with
\DeclareUnicodeCharacter 


! Package inputenc Error: Unicode character ì—¬ (U+C5EC)
(inputenc)                not set up for use with LaTeX.

See the inputenc package documentation for explanation.
Type  H <return>  for immediate help.
 ...                                              
                                                  
l.13 ...–´ ì¡°ê¸ˆì˜ í¸ì•ˆí•¨ì„ ì œê³µí•˜ê³  ì—¬
                                                  ê¸°ì„œ ì „ê°œëœ ì•„ì´ë””...

You may provide a definition with
\DeclareUnicodeCharacter 


! Package inputenc Error: Unicode character ê¸° (U+AE30)
(inputenc)                not set up for use with LaTeX.

See the inputenc package documentation for explanation.
Type  H <return>  for immediate help.
 ...                                              
                                                  
l.13 ...ì¡°ê¸ˆì˜ í¸ì•ˆí•¨ì„ ì œê³µí•˜ê³  ì—¬ê¸°
                                                  ì„œ ì „ê°œëœ ì•„ì´ë””ì–´...

You may provide a definition with
\DeclareUnicodeCharacter 


! Package inputenc Error: Unicode character ì„œ (U+C11C)
(inputenc)                not set up for use with LaTeX.

See the inputenc package documentation for explanation.
Type  H <return>  for immediate help.
 ...                                              
                                                  
l.13 ...ê¸ˆì˜ í¸ì•ˆí•¨ì„ ì œê³µí•˜ê³  ì—¬ê¸°ì„œ
                                                   ì „ê°œëœ ì•„ì´ë””ì–´ì˜...

You may provide a definition with
\DeclareUnicodeCharacter 


! Package inputenc Error: Unicode character ì „ (U+C804)
(inputenc)                not set up for use with LaTeX.

See the inputenc package documentation for explanation.
Type  H <return>  for immediate help.
 ...                                              
                                                  
l.13 ...˜ í¸ì•ˆí•¨ì„ ì œê³µí•˜ê³  ì—¬ê¸°ì„œ ì „
                                                  ê°œëœ ì•„ì´ë””ì–´ì˜ ê´‘...
(That makes 100 errors; please try again.) 
Here is how much of TeX's memory you used:
 93 strings out of 478889
 1160 string characters out of 7600833
 80290439 words of memory out of 159999998
 18069 multiletter control sequences out of 15000+600000
 403430 words of font info for 27 fonts, out of 799999 for 9000
 1141 hyphenation exceptions out of 8191
 13i,0n,12p,974b,20s stack positions out of 5000i,500n,10000p,7999999b,79999s

!  ==> Fatal error occurred, no output PDF file produced!
