This is pdfTeX, Version 3.141592653-2.6-1.40.25 (MiKTeX 23.5) (preloaded format=pdflatex 2023.7.30)  11 NOV 2023 17:08
entering extended mode
 \write18 enabled.
 %&-line parsing enabled.
**./template_Article.tex
(template_Article.tex
LaTeX2e <2023-06-01> patch level 1
L3 programming layer <2023-06-30>
(C:\Users\halin\AppData\Local\Programs\MiKTeX\tex/latex/base\article.cls
Document Class: article 2023/05/17 v1.4n Standard LaTeX document class
(C:\Users\halin\AppData\Local\Programs\MiKTeX\tex/latex/base\size10.clo
File: size10.clo 2023/05/17 v1.4n Standard LaTeX file (size option)
)
\c@part=\count185
\c@section=\count186
\c@subsection=\count187
\c@subsubsection=\count188
\c@paragraph=\count189
\c@subparagraph=\count190
\c@figure=\count191
\c@table=\count192
\abovecaptionskip=\skip48
\belowcaptionskip=\skip49
\bibindent=\dimen140
)
(C:\Users\halin\AppData\Local\Programs\MiKTeX\tex/latex/cjk-ko\kotex.sty
Package: kotex 2015/04/19 v1.6 Korean TeX (ko.TeX)

(C:\Users\halin\AppData\Local\Programs\MiKTeX\tex/latex/kotex-utf\kotex.cfg)
(C:\Users\halin\AppData\Local\Programs\MiKTeX\tex/latex/kotex-utf\kotexutf.sty
Package: kotexutf 2022/06/22 v3.0.0 typesetting UTF-8 Korean documents

(C:\Users\halin\AppData\Local\Programs\MiKTeX\tex/latex/base\inputenc.sty
Package: inputenc 2021/02/14 v1.3d Input encoding file
\inpenc@prehook=\toks17
\inpenc@posthook=\toks18
)
(C:\Users\halin\AppData\Local\Programs\MiKTeX\tex/plain/kotex-plain\kotexutf-co
re.tex
\unih@ngulpoint=\count193
\dhucs@emph@raise=\dimen141
)
Now handling font encoding LUC ...
... processing UTF-8 mapping file for font encoding LUC

(C:\Users\halin\AppData\Local\Programs\MiKTeX\tex/latex/kotex-utf\lucenc.dfu
File: lucenc.dfu 2007/09/05 UTF-8 support for dhucs
   defining Unicode char U+00B7 (decimal 183)
   defining Unicode char U+2018 (decimal 8216)
   defining Unicode char U+2019 (decimal 8217)
   defining Unicode char U+201C (decimal 8220)
   defining Unicode char U+201D (decimal 8221)
   defining Unicode char U+3001 (decimal 12289)
   defining Unicode char U+3002 (decimal 12290)
   defining Unicode char U+3008 (decimal 12296)
   defining Unicode char U+3009 (decimal 12297)
   defining Unicode char U+300A (decimal 12298)
   defining Unicode char U+300B (decimal 12299)
   defining Unicode char U+300C (decimal 12300)
   defining Unicode char U+300D (decimal 12301)
   defining Unicode char U+300E (decimal 12302)
   defining Unicode char U+300F (decimal 12303)
   defining Unicode char U+3010 (decimal 12304)
   defining Unicode char U+3011 (decimal 12305)
   defining Unicode char U+3014 (decimal 12308)
   defining Unicode char U+3015 (decimal 12309)
   defining Unicode char U+3016 (decimal 12310)
   defining Unicode char U+3017 (decimal 12311)
   defining Unicode char U+3018 (decimal 12312)
   defining Unicode char U+3019 (decimal 12313)
   defining Unicode char U+301A (decimal 12314)
   defining Unicode char U+301B (decimal 12315)
   defining Unicode char U+FF01 (decimal 65281)
   defining Unicode char U+FF08 (decimal 65288)
   defining Unicode char U+FF09 (decimal 65289)
   defining Unicode char U+FF0C (decimal 65292)
   defining Unicode char U+FF0E (decimal 65294)
   defining Unicode char U+FF1A (decimal 65306)
   defining Unicode char U+FF1B (decimal 65307)
   defining Unicode char U+FF1C (decimal 65308)
   defining Unicode char U+FF1D (decimal 65309)
   defining Unicode char U+FF1E (decimal 65310)
   defining Unicode char U+FF1F (decimal 65311)
   defining Unicode char U+FF3B (decimal 65339)
   defining Unicode char U+FF3D (decimal 65341)
   defining Unicode char U+FF5B (decimal 65371)
   defining Unicode char U+FF5D (decimal 65373)
   defining Unicode char U+FF61 (decimal 65377)
   defining Unicode char U+FF62 (decimal 65378)
   defining Unicode char U+FF63 (decimal 65379)
   defining Unicode char U+FF64 (decimal 65380)
   defining Unicode char U+FF65 (decimal 65381)
)
\@josa=\count194
\josatoks=\toks19

(C:\Users\halin\AppData\Local\Programs\MiKTeX\tex/latex/cjk-ko\kolabels-utf.sty
Package: kolabels-utf 2015/03/20 v1.5 UTF-8 Hangul item labels
)))
(C:\Users\halin\AppData\Local\Programs\MiKTeX\tex/latex/hyperref\hyperref.sty
Package: hyperref 2023-07-08 v7.01b Hypertext links for LaTeX

(C:\Users\halin\AppData\Local\Programs\MiKTeX\tex/generic/ltxcmds\ltxcmds.sty
Package: ltxcmds 2020-05-10 v1.25 LaTeX kernel commands for general use (HO)
)
(C:\Users\halin\AppData\Local\Programs\MiKTeX\tex/generic/iftex\iftex.sty
Package: iftex 2022/02/03 v1.0f TeX engine tests
)
(C:\Users\halin\AppData\Local\Programs\MiKTeX\tex/generic/pdftexcmds\pdftexcmds
.sty
Package: pdftexcmds 2020-06-27 v0.33 Utility functions of pdfTeX for LuaTeX (HO
)

(C:\Users\halin\AppData\Local\Programs\MiKTeX\tex/generic/infwarerr\infwarerr.s
ty
Package: infwarerr 2019/12/03 v1.5 Providing info/warning/error messages (HO)
)
Package pdftexcmds Info: \pdf@primitive is available.
Package pdftexcmds Info: \pdf@ifprimitive is available.
Package pdftexcmds Info: \pdfdraftmode found.
)
(C:\Users\halin\AppData\Local\Programs\MiKTeX\tex/latex/graphics\keyval.sty
Package: keyval 2022/05/29 v1.15 key=value parser (DPC)
\KV@toks@=\toks20
)
(C:\Users\halin\AppData\Local\Programs\MiKTeX\tex/latex/kvsetkeys\kvsetkeys.sty
Package: kvsetkeys 2022-10-05 v1.19 Key value parser (HO)
)
(C:\Users\halin\AppData\Local\Programs\MiKTeX\tex/generic/kvdefinekeys\kvdefine
keys.sty
Package: kvdefinekeys 2019-12-19 v1.6 Define keys (HO)
)
(C:\Users\halin\AppData\Local\Programs\MiKTeX\tex/generic/pdfescape\pdfescape.s
ty
Package: pdfescape 2019/12/09 v1.15 Implements pdfTeX's escape features (HO)
) (C:\Users\halin\AppData\Local\Programs\MiKTeX\tex/latex/hycolor\hycolor.sty
Package: hycolor 2020-01-27 v1.10 Color options for hyperref/bookmark (HO)
)
(C:\Users\halin\AppData\Local\Programs\MiKTeX\tex/latex/letltxmacro\letltxmacro
.sty
Package: letltxmacro 2019/12/03 v1.6 Let assignment for LaTeX macros (HO)
)
(C:\Users\halin\AppData\Local\Programs\MiKTeX\tex/latex/auxhook\auxhook.sty
Package: auxhook 2019-12-17 v1.6 Hooks for auxiliary files (HO)
)
(C:\Users\halin\AppData\Local\Programs\MiKTeX\tex/latex/hyperref\nameref.sty
Package: nameref 2023-08-07 v2.53 Cross-referencing by name of section

(C:\Users\halin\AppData\Local\Programs\MiKTeX\tex/latex/refcount\refcount.sty
Package: refcount 2019/12/15 v3.6 Data extraction from label references (HO)
)
(C:\Users\halin\AppData\Local\Programs\MiKTeX\tex/generic/gettitlestring\gettit
lestring.sty
Package: gettitlestring 2019/12/15 v1.6 Cleanup title references (HO)

(C:\Users\halin\AppData\Local\Programs\MiKTeX\tex/latex/kvoptions\kvoptions.sty
Package: kvoptions 2022-06-15 v3.15 Key value format for package options (HO)
))
\c@section@level=\count195
)
(C:\Users\halin\AppData\Local\Programs\MiKTeX\tex/latex/etoolbox\etoolbox.sty
Package: etoolbox 2020/10/05 v2.5k e-TeX tools for LaTeX (JAW)
\etb@tempcnta=\count196
)
\@linkdim=\dimen142
\Hy@linkcounter=\count197
\Hy@pagecounter=\count198

(C:\Users\halin\AppData\Local\Programs\MiKTeX\tex/latex/hyperref\pd1enc.def
File: pd1enc.def 2023-07-08 v7.01b Hyperref: PDFDocEncoding definition (HO)
Now handling font encoding PD1 ...
... no UTF-8 mapping file for font encoding PD1
)
(C:\Users\halin\AppData\Local\Programs\MiKTeX\tex/generic/intcalc\intcalc.sty
Package: intcalc 2019/12/15 v1.3 Expandable calculations with integers (HO)
)
\Hy@SavedSpaceFactor=\count199

(C:\Users\halin\AppData\Local\Programs\MiKTeX\tex/latex/hyperref\puenc.def
File: puenc.def 2023-07-08 v7.01b Hyperref: PDF Unicode definition (HO)
Now handling font encoding PU ...
... no UTF-8 mapping file for font encoding PU
)
Package hyperref Info: Hyper figures OFF on input line 4167.
Package hyperref Info: Link nesting OFF on input line 4172.
Package hyperref Info: Hyper index ON on input line 4175.
Package hyperref Info: Plain pages OFF on input line 4182.
Package hyperref Info: Backreferencing OFF on input line 4187.
Package hyperref Info: Implicit mode ON; LaTeX internals redefined.
Package hyperref Info: Bookmarks ON on input line 4434.
\c@Hy@tempcnt=\count266

(C:\Users\halin\AppData\Local\Programs\MiKTeX\tex/latex/url\url.sty
\Urlmuskip=\muskip16
Package: url 2013/09/16  ver 3.4  Verb mode for urls, etc.
)
LaTeX Info: Redefining \url on input line 4772.
\XeTeXLinkMargin=\dimen143

(C:\Users\halin\AppData\Local\Programs\MiKTeX\tex/generic/bitset\bitset.sty
Package: bitset 2019/12/09 v1.3 Handle bit-vector datatype (HO)

(C:\Users\halin\AppData\Local\Programs\MiKTeX\tex/generic/bigintcalc\bigintcalc
.sty
Package: bigintcalc 2019/12/15 v1.5 Expandable calculations on big integers (HO
)
))
\Fld@menulength=\count267
\Field@Width=\dimen144
\Fld@charsize=\dimen145
Package hyperref Info: Hyper figures OFF on input line 6051.
Package hyperref Info: Link nesting OFF on input line 6056.
Package hyperref Info: Hyper index ON on input line 6059.
Package hyperref Info: backreferencing OFF on input line 6066.
Package hyperref Info: Link coloring OFF on input line 6071.
Package hyperref Info: Link coloring with OCG OFF on input line 6076.
Package hyperref Info: PDF/A mode OFF on input line 6081.

(C:\Users\halin\AppData\Local\Programs\MiKTeX\tex/latex/base\atbegshi-ltx.sty
Package: atbegshi-ltx 2021/01/10 v1.0c Emulation of the original atbegshi
package with kernel methods
)
\Hy@abspage=\count268
\c@Item=\count269
\c@Hfootnote=\count270
)
Package hyperref Info: Driver (autodetected): hpdftex.
(C:\Users\halin\AppData\Local\Programs\MiKTeX\tex/latex/hyperref\hpdftex.def
File: hpdftex.def 2023-07-08 v7.01b Hyperref driver for pdfTeX

(C:\Users\halin\AppData\Local\Programs\MiKTeX\tex/latex/base\atveryend-ltx.sty
Package: atveryend-ltx 2020/08/19 v1.0a Emulation of the original atveryend pac
kage
with kernel methods
)
\Fld@listcount=\count271
\c@bookmark@seq@number=\count272

(C:\Users\halin\AppData\Local\Programs\MiKTeX\tex/latex/rerunfilecheck\rerunfil
echeck.sty
Package: rerunfilecheck 2022-07-10 v1.10 Rerun checks for auxiliary files (HO)

(C:\Users\halin\AppData\Local\Programs\MiKTeX\tex/generic/uniquecounter\uniquec
ounter.sty
Package: uniquecounter 2019/12/15 v1.4 Provide unlimited unique counter (HO)
)
Package uniquecounter Info: New unique counter `rerunfilecheck' on input line 2
85.
)
\Hy@SectionHShift=\skip50
)
(C:\Users\halin\AppData\Local\Programs\MiKTeX\tex/latex/newtx\newtxtext.sty
Package: newtxtext 2023/07/20 v1.72(Michael Sharpe) latex and unicode latex sup
port for TeXGyreTermesX

`newtxtext' v1.72, 2023/07/20 Text macros taking advantage of TeXGyre Termes an
d its extensions (msharpe)
(C:\Users\halin\AppData\Local\Programs\MiKTeX\tex/latex/xkeyval\xkeyval.sty
Package: xkeyval 2022/06/16 v2.9 package option processing (HA)

(C:\Users\halin\AppData\Local\Programs\MiKTeX\tex/generic/xkeyval\xkeyval.tex
(C:\Users\halin\AppData\Local\Programs\MiKTeX\tex/generic/xkeyval\xkvutils.tex
\XKV@toks=\toks21
\XKV@tempa@toks=\toks22
)
\XKV@depth=\count273
File: xkeyval.tex 2014/12/03 v2.7a key=value parser (HA)
)) (C:\Users\halin\AppData\Local\Programs\MiKTeX\tex/latex/base\textcomp.sty
Package: textcomp 2020/02/02 v2.0n Standard LaTeX package
)
(C:\Users\halin\AppData\Local\Programs\MiKTeX\tex/latex/xstring\xstring.sty
(C:\Users\halin\AppData\Local\Programs\MiKTeX\tex/generic/xstring\xstring.tex
\integerpart=\count274
\decimalpart=\count275
)
Package: xstring 2023/01/14 v1.85 String manipulations (CT)
) (C:\Users\halin\AppData\Local\Programs\MiKTeX\tex/latex/base\ifthen.sty
Package: ifthen 2022/04/13 v1.1d Standard LaTeX ifthen package (DPC)
)
(C:\Users\halin\AppData\Local\Programs\MiKTeX\tex/latex/carlisle\scalefnt.sty)
LaTeX Font Info:    Setting ntxLF sub-encoding to TS1/0 on input line 21.
LaTeX Font Info:    Setting ntxTLF sub-encoding to TS1/0 on input line 21.
LaTeX Font Info:    Setting ntxOsF sub-encoding to TS1/0 on input line 21.
LaTeX Font Info:    Setting ntxTOsF sub-encoding to TS1/0 on input line 21.

(C:\Users\halin\AppData\Local\Programs\MiKTeX\tex/generic/binhex\binhex.tex)
\ntx@tmpcnta=\count276
\ntx@cnt=\count277

ntx@otftextfalse
(C:\Users\halin\AppData\Local\Programs\MiKTeX\tex/latex/fontaxes\fontaxes.sty
Package: fontaxes 2020/07/21 v1.0e Font selection axes
LaTeX Info: Redefining \upshape on input line 29.
LaTeX Info: Redefining \itshape on input line 31.
LaTeX Info: Redefining \slshape on input line 33.
LaTeX Info: Redefining \swshape on input line 35.
LaTeX Info: Redefining \scshape on input line 37.
LaTeX Info: Redefining \sscshape on input line 39.
LaTeX Info: Redefining \ulcshape on input line 41.
LaTeX Info: Redefining \textsw on input line 47.
LaTeX Info: Redefining \textssc on input line 48.
LaTeX Info: Redefining \textulc on input line 49.
)
LaTeX Info: Redefining \oldstylenums on input line 653.
) (C:/Users/halin/TexCustom\tex/latex/mtpro2\mtpro2.sty
Package: mtpro2 2009/4/27 v2.3 MathTimePro II - added arc accents MathTimePro I
I - fixed rbrace problem with straightbraces and morphedbraces options MathTime
Pro II - fix bug with z = \backslash widetilde{\backslash sum_{x }}MathTimePro 
II v2 font support (PCTeX/WaS)MathTimePro II v2.1a Allowed alternate form of I 
in Math Script Fonts (MS)

(C:\Users\halin\AppData\Local\Programs\MiKTeX\tex/latex/newtx\ot1minntx.fd
File: ot1minntx.fd 2022/01/20 v1.0 font definition file for OT1/minntx
)
\c@mv@heavy=\count278
Now handling font encoding LMP1 ...
... no UTF-8 mapping file for font encoding LMP1
Now handling font encoding LMP2 ...
... no UTF-8 mapping file for font encoding LMP2
Now handling font encoding LMP3 ...
... no UTF-8 mapping file for font encoding LMP3
\pointcount@=\count279
\prePbox@=\box51
\Pbox@=\box52
\LRbox@=\box53
\HATbox@=\box54
\TDbox@=\box55
\CHbox@=\box56
\ARCbox@=\box57
\preSbox@=\box58
\Sbox@=\box59
\SQcount@=\count280
\SQRTbox@=\box60
\UPROOT@=\count281
\LEFTROOT@=\count282
\limtype@=\count283
\xlfont@=\count284
\xlposition@=\count285
\xlposition@ii=\count286
\optype@=\count287
\x@count=\count288
\maxXLscripts@=\dimen146
\symAMSa=\mathgroup4
)
(C:\Users\halin\AppData\Local\Programs\MiKTeX\tex/latex/mathalpha\mathalfa.sty)

(C:\Users\halin\AppData\Local\Programs\MiKTeX\tex/latex/mathalpha\mathalpha.sty
Package: mathalpha 2021/11/18 - 1.143mathalpha (License LPPL) Michael Sharpe
`mathalpha' v1.143, 2021/11/18, a renaming of mathalfa (msharpe))
(C:\Users\halin\AppData\Local\Programs\MiKTeX\tex/latex/physics\physics.sty
Package: physics 

(C:\Users\halin\AppData\Local\Programs\MiKTeX\tex/latex/l3packages/xparse\xpars
e.sty
(C:\Users\halin\AppData\Local\Programs\MiKTeX\tex/latex/l3kernel\expl3.sty
Package: expl3 2023-06-30 L3 programming layer (loader) 

(C:\Users\halin\AppData\Local\Programs\MiKTeX\tex/latex/l3backend\l3backend-pdf
tex.def
File: l3backend-pdftex.def 2023-04-19 L3 backend support: PDF output (pdfTeX)
\l__color_backend_stack_int=\count289
\l__pdf_internal_box=\box61
))
Package: xparse 2023-02-02 L3 Experimental document command parser
)
(C:\Users\halin\AppData\Local\Programs\MiKTeX\tex/latex/amsmath\amsmath.sty
Package: amsmath 2023/05/13 v2.17o AMS math features
\@mathmargin=\skip51

For additional information on amsmath, use the `?' option.
(C:\Users\halin\AppData\Local\Programs\MiKTeX\tex/latex/amsmath\amstext.sty
Package: amstext 2021/08/26 v2.01 AMS text

(C:\Users\halin\AppData\Local\Programs\MiKTeX\tex/latex/amsmath\amsgen.sty
File: amsgen.sty 1999/11/30 v2.0 generic functions
\@emptytoks=\toks23
\ex@=\dimen147
))
(C:\Users\halin\AppData\Local\Programs\MiKTeX\tex/latex/amsmath\amsbsy.sty
Package: amsbsy 1999/11/29 v1.2d Bold Symbols
\pmbraise@=\dimen148
)
(C:\Users\halin\AppData\Local\Programs\MiKTeX\tex/latex/amsmath\amsopn.sty
Package: amsopn 2022/04/08 v2.04 operator names
)
\inf@bad=\count290
LaTeX Info: Redefining \frac on input line 234.
\uproot@=\count291
\leftroot@=\count292
LaTeX Info: Redefining \overline on input line 399.
LaTeX Info: Redefining \colon on input line 410.
\classnum@=\count293
\DOTSCASE@=\count294
LaTeX Info: Redefining \ldots on input line 496.
LaTeX Info: Redefining \dots on input line 499.
LaTeX Info: Redefining \cdots on input line 620.
\Mathstrutbox@=\box62
\strutbox@=\box63
LaTeX Info: Redefining \big on input line 722.
LaTeX Info: Redefining \Big on input line 723.
LaTeX Info: Redefining \bigg on input line 724.
LaTeX Info: Redefining \Bigg on input line 725.
\big@size=\dimen149
\macc@depth=\count295
LaTeX Info: Redefining \bmod on input line 905.
LaTeX Info: Redefining \pmod on input line 910.
LaTeX Info: Redefining \smash on input line 940.
LaTeX Info: Redefining \relbar on input line 970.
LaTeX Info: Redefining \Relbar on input line 971.
\c@MaxMatrixCols=\count296
\dotsspace@=\muskip17
\c@parentequation=\count297
\dspbrk@lvl=\count298
\tag@help=\toks24
\row@=\count299
\column@=\count300
\maxfields@=\count301
\andhelp@=\toks25
\eqnshift@=\dimen150
\alignsep@=\dimen151
\tagshift@=\dimen152
\tagwidth@=\dimen153
\totwidth@=\dimen154
\lineht@=\dimen155
\@envbody=\toks26
\multlinegap=\skip52
\multlinetaggap=\skip53
\mathdisplay@stack=\toks27
LaTeX Info: Redefining \[ on input line 2953.
LaTeX Info: Redefining \] on input line 2954.
))
(C:\Users\halin\AppData\Local\Programs\MiKTeX\tex/latex/enumitem\enumitem.sty
Package: enumitem 2019/06/20 v3.9 Customized lists
\labelindent=\skip54
\enit@outerparindent=\dimen156
\enit@toks=\toks28
\enit@inbox=\box64
\enit@count@id=\count302
\enitdp@description=\count303
)
(C:\Users\halin\AppData\Local\Programs\MiKTeX\tex/latex/xcolor\xcolor.sty
Package: xcolor 2022/06/12 v2.14 LaTeX color extensions (UK)

(C:\Users\halin\AppData\Local\Programs\MiKTeX\tex/latex/graphics-cfg\color.cfg
File: color.cfg 2016/01/02 v1.6 sample color configuration
)
Package xcolor Info: Driver file: pdftex.def on input line 227.

(C:\Users\halin\AppData\Local\Programs\MiKTeX\tex/latex/graphics-def\pdftex.def
File: pdftex.def 2022/09/22 v1.2b Graphics/color driver for pdftex
)
(C:\Users\halin\AppData\Local\Programs\MiKTeX\tex/latex/graphics\mathcolor.ltx)
Package xcolor Info: Model `cmy' substituted by `cmy0' on input line 1353.
Package xcolor Info: Model `hsb' substituted by `rgb' on input line 1357.
Package xcolor Info: Model `RGB' extended on input line 1369.
Package xcolor Info: Model `HTML' substituted by `rgb' on input line 1371.
Package xcolor Info: Model `Hsb' substituted by `hsb' on input line 1372.
Package xcolor Info: Model `tHsb' substituted by `hsb' on input line 1373.
Package xcolor Info: Model `HSB' substituted by `hsb' on input line 1374.
Package xcolor Info: Model `Gray' substituted by `gray' on input line 1375.
Package xcolor Info: Model `wave' substituted by `hsb' on input line 1376.
)
Package hyperref Info: Option `colorlinks' set `true' on input line 18.
 (C:\Users\halin\AppData\Local\Programs\MiKTeX\tex/latex/newtx\ot1ntxtlf.fd
File: ot1ntxtlf.fd 2021/05/24 v1.0 font definition file for OT1/ntx/tlf
)
(template_Article.aux)
\openout1 = `template_Article.aux'.


(C:\Users\halin\AppData\Local\Programs\MiKTeX\tex/latex/nanumtype1\lucnanummj.f
d
File: lucnanummj.fd 2013/02/12 v0.1 Nanum Myeongjo font definitions
)
Package hyperref Info: Link coloring ON on input line 23.
 (template_Article.out) (template_Article.out)
\@outlinefile=\write3
\openout3 = `template_Article.out'.

\c@mv@tabular=\count304
\c@mv@boldtabular=\count305
LaTeX Info: Command `\dddot' is already robust on input line 23.
LaTeX Info: Command `\ddddot' is already robust on input line 23.

(C:\Users\halin\AppData\Local\Programs\MiKTeX\tex/context/base/mkii\supp-pdf.mk
ii
[Loading MPS to PDF converter (version 2006.09.02).]
\scratchcounter=\count306
\scratchdimen=\dimen157
\scratchbox=\box65
\nofMPsegments=\count307
\nofMParguments=\count308
\everyMPshowfont=\toks29
\MPscratchCnt=\count309
\MPscratchDim=\dimen158
\MPnumerator=\count310
\makeMPintoPDFobject=\count311
\everyMPtoPDFconversion=\toks30
) [1

{C:/Users/halin/AppData/Local/MiKTeX/fonts/map/pdftex/pdftex.map}{C:/Users/hali
n/AppData/Local/Programs/MiKTeX/fonts/enc/dvips/newtx/ntx-ot1-tlf.enc}{C:/Users
/halin/AppData/Local/Programs/MiKTeX/fonts/enc/dvips/newtx/ntx-ot1-tlf-pc.enc}]
 [2]
(C:\Users\halin\AppData\Local\Programs\MiKTeX\tex/latex/newtx\ot1ntxtt.fd
File: ot1ntxtt.fd 2012/04/20 v3.1
)
[3] [4] (template_Article.bbl [5]
(C:\Users\halin\AppData\Local\Programs\MiKTeX\tex/latex/newtx\ts1ntxtlf.fd
File: ts1ntxtlf.fd 2015/01/18 v1.0 fd file for TS1/ntxtlf
)
[6{C:/Users/halin/AppData/Local/Programs/MiKTeX/fonts/enc/dvips/tex-gyre/q-ts1.
enc}]) [7] (template_Article.aux)
 ***********
LaTeX2e <2023-06-01> patch level 1
L3 programming layer <2023-06-30>
 ***********
Package rerunfilecheck Info: File `template_Article.out' has not changed.
(rerunfilecheck)             Checksum: 78382303255AFD8B5543A5D0D4839A26;771.
 ) 
Here is how much of TeX's memory you used:
 13220 strings out of 475513
 200243 string characters out of 5760853
 1936238 words of memory out of 5000000
 34148 multiletter control sequences out of 15000+600000
 644278 words of font info for 131 fonts, out of 8000000 for 9000
 1141 hyphenation exceptions out of 8191
 79i,11n,93p,847b,613s stack positions out of 10000i,1000n,20000p,200000b,200000s
<C:/Users/halin/AppData/Local/Programs/MiKTeX/fonts/type1/public/amsfonts/cm/
cmsy10.pfb><C:/Users/halin/TexCustom/fonts/type1/pctex/mtpro2/mt2exa.pfb><C:/Us
ers/halin/TexCustom/fonts/type1/pctex/mtpro2/mt2mis.pfb><C:/Users/halin/TexCust
om/fonts/type1/pctex/mtpro2/mt2mit.pfb><C:/Users/halin/TexCustom/fonts/type1/pc
tex/mtpro2/mt2sys.pfb><C:/Users/halin/TexCustom/fonts/type1/pctex/mtpro2/mt2syt
.pfb><C:/Users/halin/AppData/Local/Programs/MiKTeX/fonts/type1/public/nanumtype
1/nanummjmac.pfb><C:/Users/halin/AppData/Local/Programs/MiKTeX/fonts/type1/publ
ic/nanumtype1/nanummjmad.pfb><C:/Users/halin/AppData/Local/Programs/MiKTeX/font
s/type1/public/nanumtype1/nanummjmae.pfb><C:/Users/halin/AppData/Local/Programs
/MiKTeX/fonts/type1/public/nanumtype1/nanummjmb0.pfb><C:/Users/halin/AppData/Lo
cal/Programs/MiKTeX/fonts/type1/public/nanumtype1/nanummjmb1.pfb><C:/Users/hali
n/AppData/Local/Programs/MiKTeX/fonts/type1/public/nanumtype1/nanummjmb2.pfb><C
:/Users/halin/AppData/Local/Programs/MiKTeX/fonts/type1/public/nanumtype1/nanum
mjmb3.pfb><C:/Users/halin/AppData/Local/Programs/MiKTeX/fonts/type1/public/nanu
mtype1/nanummjmb4.pfb><C:/Users/halin/AppData/Local/Programs/MiKTeX/fonts/type1
/public/nanumtype1/nanummjmb5.pfb><C:/Users/halin/AppData/Local/Programs/MiKTeX
/fonts/type1/public/nanumtype1/nanummjmb7.pfb><C:/Users/halin/AppData/Local/Pro
grams/MiKTeX/fonts/type1/public/nanumtype1/nanummjmb8.pfb><C:/Users/halin/AppDa
ta/Local/Programs/MiKTeX/fonts/type1/public/nanumtype1/nanummjmb9.pfb><C:/Users
/halin/AppData/Local/Programs/MiKTeX/fonts/type1/public/nanumtype1/nanummjmba.p
fb><C:/Users/halin/AppData/Local/Programs/MiKTeX/fonts/type1/public/nanumtype1/
nanummjmbb.pfb><C:/Users/halin/AppData/Local/Programs/MiKTeX/fonts/type1/public
/nanumtype1/nanummjmbc.pfb><C:/Users/halin/AppData/Local/Programs/MiKTeX/fonts/
type1/public/nanumtype1/nanummjmbd.pfb><C:/Users/halin/AppData/Local/Programs/M
iKTeX/fonts/type1/public/nanumtype1/nanummjmbe.pfb><C:/Users/halin/AppData/Loca
l/Programs/MiKTeX/fonts/type1/public/nanumtype1/nanummjmc0.pfb><C:/Users/halin/
AppData/Local/Programs/MiKTeX/fonts/type1/public/nanumtype1/nanummjmc1.pfb><C:/
Users/halin/AppData/Local/Programs/MiKTeX/fonts/type1/public/nanumtype1/nanummj
mc2.pfb><C:/Users/halin/AppData/Local/Programs/MiKTeX/fonts/type1/public/nanumt
ype1/nanummjmc3.pfb><C:/Users/halin/AppData/Local/Programs/MiKTeX/fonts/type1/p
ublic/nanumtype1/nanummjmc5.pfb><C:/Users/halin/AppData/Local/Programs/MiKTeX/f
onts/type1/public/nanumtype1/nanummjmc6.pfb><C:/Users/halin/AppData/Local/Progr
ams/MiKTeX/fonts/type1/public/nanumtype1/nanummjmc7.pfb><C:/Users/halin/AppData
/Local/Programs/MiKTeX/fonts/type1/public/nanumtype1/nanummjmc8.pfb><C:/Users/h
alin/AppData/Local/Programs/MiKTeX/fonts/type1/public/nanumtype1/nanummjmc9.pfb
><C:/Users/halin/AppData/Local/Programs/MiKTeX/fonts/type1/public/nanumtype1/na
nummjmcc.pfb><C:/Users/halin/AppData/Local/Programs/MiKTeX/fonts/type1/public/n
anumtype1/nanummjmcd.pfb><C:/Users/halin/AppData/Local/Programs/MiKTeX/fonts/ty
pe1/public/nanumtype1/nanummjmce.pfb><C:/Users/halin/AppData/Local/Programs/MiK
TeX/fonts/type1/public/nanumtype1/nanummjmcf.pfb><C:/Users/halin/AppData/Local/
Programs/MiKTeX/fonts/type1/public/nanumtype1/nanummjmd0.pfb><C:/Users/halin/Ap
pData/Local/Programs/MiKTeX/fonts/type1/public/nanumtype1/nanummjmd1.pfb><C:/Us
ers/halin/AppData/Local/Programs/MiKTeX/fonts/type1/public/nanumtype1/nanummjmd
3.pfb><C:/Users/halin/AppData/Local/Programs/MiKTeX/fonts/type1/public/nanumtyp
e1/nanummjmd4.pfb><C:/Users/halin/AppData/Local/Programs/MiKTeX/fonts/type1/pub
lic/nanumtype1/nanummjmd5.pfb><C:/Users/halin/AppData/Local/Programs/MiKTeX/fon
ts/type1/public/nanumtype1/nanummjmd6.pfb><C:/Users/halin/AppData/Local/Program
s/MiKTeX/fonts/type1/public/tex-gyre/qtmr.pfb><C:/Users/halin/AppData/Local/Pro
grams/MiKTeX/fonts/type1/public/txfonts/txtt.pfb><C:/Users/halin/AppData/Local/
Programs/MiKTeX/fonts/type1/public/newtx/ztmb.pfb><C:/Users/halin/AppData/Local
/Programs/MiKTeX/fonts/type1/public/newtx/ztmr.pfb><C:/Users/halin/AppData/Loca
l/Programs/MiKTeX/fonts/type1/public/newtx/ztmri.pfb>
Output written on template_Article.pdf (7 pages, 1950885 bytes).
PDF statistics:
 405 PDF objects out of 1000 (max. 8388607)
 64 named destinations out of 1000 (max. 500000)
 65 words of extra memory for PDF output out of 10000 (max. 10000000)

