This is pdfTeX, Version 3.141592653-2.6-1.40.23 (MiKTeX 21.8) (preloaded format=pdflatex 2022.12.1)  5 FEB 2023 21:31
entering extended mode
**./GroupTheory.tex
(GroupTheory.tex
LaTeX2e <2021-06-01> patch level 1
L3 programming layer <2021-08-27>
(C:\Users\halin\AppData\Local\Programs\MiKTeX\tex/latex/base\book.cls
Document Class: book 2021/02/12 v1.4n Standard LaTeX document class
(C:\Users\halin\AppData\Local\Programs\MiKTeX\tex/latex/base\bk10.clo
File: bk10.clo 2021/02/12 v1.4n Standard LaTeX file (size option)
)
\c@part=\count182
\c@chapter=\count183
\c@section=\count184
\c@subsection=\count185
\c@subsubsection=\count186
\c@paragraph=\count187
\c@subparagraph=\count188
\c@figure=\count189
\c@table=\count190
\abovecaptionskip=\skip47
\belowcaptionskip=\skip48
\bibindent=\dimen138
)
(C:\Users\halin\AppData\Local\Programs\MiKTeX\tex/latex/base\inputenc.sty
Package: inputenc 2021/02/14 v1.3d Input encoding file
\inpenc@prehook=\toks16
\inpenc@posthook=\toks17
)
(C:\Users\halin\AppData\Local\Programs\MiKTeX\tex/latex/cjk-ko\kotex.sty
Package: kotex 2015/04/19 v1.6 Korean TeX (ko.TeX)

(C:\Users\halin\AppData\Local\Programs\MiKTeX\tex/latex/kotex-utf\kotex.cfg)
(C:\Users\halin\AppData\Local\Programs\MiKTeX\tex/latex/kotex-utf\kotexutf.sty
Package: kotexutf 2015/07/18 v2.1.1 typesetting UTF-8 Korean documents

(C:\Users\halin\AppData\Local\Programs\MiKTeX\tex/plain/kotex-plain\kotexutf-co
re.tex
\unih@ngulpoint=\count191
\dhucs@emph@raise=\dimen139
)
Now handling font encoding LUC ...
... processing UTF-8 mapping file for font encoding LUC

(C:\Users\halin\AppData\Local\Programs\MiKTeX\tex/latex/kotex-utf\lucenc.dfu
File: lucenc.dfu 2007/09/05 UTF-8 support for dhucs
   defining Unicode char U+00B7 (decimal 183)
   defining Unicode char U+2018 (decimal 8216)
   defining Unicode char U+2019 (decimal 8217)
   defining Unicode char U+201C (decimal 8220)
   defining Unicode char U+201D (decimal 8221)
   defining Unicode char U+3001 (decimal 12289)
   defining Unicode char U+3002 (decimal 12290)
   defining Unicode char U+3008 (decimal 12296)
   defining Unicode char U+3009 (decimal 12297)
   defining Unicode char U+300A (decimal 12298)
   defining Unicode char U+300B (decimal 12299)
   defining Unicode char U+300C (decimal 12300)
   defining Unicode char U+300D (decimal 12301)
   defining Unicode char U+300E (decimal 12302)
   defining Unicode char U+300F (decimal 12303)
   defining Unicode char U+3010 (decimal 12304)
   defining Unicode char U+3011 (decimal 12305)
   defining Unicode char U+3014 (decimal 12308)
   defining Unicode char U+3015 (decimal 12309)
   defining Unicode char U+3016 (decimal 12310)
   defining Unicode char U+3017 (decimal 12311)
   defining Unicode char U+3018 (decimal 12312)
   defining Unicode char U+3019 (decimal 12313)
   defining Unicode char U+301A (decimal 12314)
   defining Unicode char U+301B (decimal 12315)
   defining Unicode char U+FF01 (decimal 65281)
   defining Unicode char U+FF08 (decimal 65288)
   defining Unicode char U+FF09 (decimal 65289)
   defining Unicode char U+FF0C (decimal 65292)
   defining Unicode char U+FF0E (decimal 65294)
   defining Unicode char U+FF1A (decimal 65306)
   defining Unicode char U+FF1B (decimal 65307)
   defining Unicode char U+FF1C (decimal 65308)
   defining Unicode char U+FF1D (decimal 65309)
   defining Unicode char U+FF1E (decimal 65310)
   defining Unicode char U+FF1F (decimal 65311)
   defining Unicode char U+FF3B (decimal 65339)
   defining Unicode char U+FF3D (decimal 65341)
   defining Unicode char U+FF5B (decimal 65371)
   defining Unicode char U+FF5D (decimal 65373)
   defining Unicode char U+FF61 (decimal 65377)
   defining Unicode char U+FF62 (decimal 65378)
   defining Unicode char U+FF63 (decimal 65379)
   defining Unicode char U+FF64 (decimal 65380)
   defining Unicode char U+FF65 (decimal 65381)
)
\@josa=\count192
\josatoks=\toks18

(C:\Users\halin\AppData\Local\Programs\MiKTeX\tex/latex/cjk-ko\kolabels-utf.sty
Package: kolabels-utf 2015/03/20 v1.5 UTF-8 Hangul item labels
))) (C:\Users\halin\AppData\Local\Programs\MiKTeX\tex/latex/amsmath\amsmath.sty
Package: amsmath 2021/04/20 v2.17j AMS math features
\@mathmargin=\skip49
For additional information on amsmath, use the `?' option.
(C:\Users\halin\AppData\Local\Programs\MiKTeX\tex/latex/amsmath\amstext.sty
Package: amstext 2000/06/29 v2.01 AMS text

(C:\Users\halin\AppData\Local\Programs\MiKTeX\tex/latex/amsmath\amsgen.sty
File: amsgen.sty 1999/11/30 v2.0 generic functions
\@emptytoks=\toks19
\ex@=\dimen140
))
(C:\Users\halin\AppData\Local\Programs\MiKTeX\tex/latex/amsmath\amsbsy.sty
Package: amsbsy 1999/11/29 v1.2d Bold Symbols
\pmbraise@=\dimen141
)
(C:\Users\halin\AppData\Local\Programs\MiKTeX\tex/latex/amsmath\amsopn.sty
Package: amsopn 2016/03/08 v2.02 operator names
)
\inf@bad=\count193
LaTeX Info: Redefining \frac on input line 234.
\uproot@=\count194
\leftroot@=\count195
LaTeX Info: Redefining \overline on input line 399.
\classnum@=\count196
\DOTSCASE@=\count197
LaTeX Info: Redefining \ldots on input line 496.
LaTeX Info: Redefining \dots on input line 499.
LaTeX Info: Redefining \cdots on input line 620.
\Mathstrutbox@=\box50
\strutbox@=\box51
\big@size=\dimen142
LaTeX Font Info:    Redeclaring font encoding OML on input line 743.
LaTeX Font Info:    Redeclaring font encoding OMS on input line 744.
\macc@depth=\count198
\c@MaxMatrixCols=\count199
\dotsspace@=\muskip16
\c@parentequation=\count266
\dspbrk@lvl=\count267
\tag@help=\toks20
\row@=\count268
\column@=\count269
\maxfields@=\count270
\andhelp@=\toks21
\eqnshift@=\dimen143
\alignsep@=\dimen144
\tagshift@=\dimen145
\tagwidth@=\dimen146
\totwidth@=\dimen147
\lineht@=\dimen148
\@envbody=\toks22
\multlinegap=\skip50
\multlinetaggap=\skip51
\mathdisplay@stack=\toks23
LaTeX Info: Redefining \[ on input line 2923.
LaTeX Info: Redefining \] on input line 2924.
)
(C:\Users\halin\AppData\Local\Programs\MiKTeX\tex/latex/amscls\amsthm.sty
Package: amsthm 2020/05/29 v2.20.6
\thm@style=\toks24
\thm@bodyfont=\toks25
\thm@headfont=\toks26
\thm@notefont=\toks27
\thm@headpunct=\toks28
\thm@preskip=\skip52
\thm@postskip=\skip53
\thm@headsep=\skip54
\dth@everypar=\toks29
)
(C:\Users\halin\AppData\Local\Programs\MiKTeX\tex/latex/setspace\setspace.sty
Package: setspace 2011/12/19 v6.7a set line spacing
)
(C:\Users\halin\AppData\Local\Programs\MiKTeX\tex/latex/physics\physics.sty
Package: physics 

(C:\Users\halin\AppData\Local\Programs\MiKTeX\tex/latex/l3packages/xparse\xpars
e.sty
(C:\Users\halin\AppData\Local\Programs\MiKTeX\tex/latex/l3kernel\expl3.sty
Package: expl3 2021-08-27 L3 programming layer (loader) 

(C:\Users\halin\AppData\Local\Programs\MiKTeX\tex/latex/l3backend\l3backend-pdf
tex.def
File: l3backend-pdftex.def 2021-08-04 L3 backend support: PDF output (pdfTeX)
\l__color_backend_stack_int=\count271
\l__pdf_internal_box=\box52
))
Package: xparse 2021-08-27 L3 Experimental document command parser
))
(C:\Users\halin\AppData\Local\Programs\MiKTeX\tex/latex/newtx\newtxtext.sty
Package: newtxtext 2021/09/01 v1.656

`newtxtext' v1.656, 2021/09/01 Text macros taking advantage of TeX-Gyre Termes 
fonts (msharpe)
(C:\Users\halin\AppData\Local\Programs\MiKTeX\tex/latex/fontaxes\fontaxes.sty
Package: fontaxes 2020/07/21 v1.0e Font selection axes
LaTeX Info: Redefining \upshape on input line 29.
LaTeX Info: Redefining \itshape on input line 31.
LaTeX Info: Redefining \slshape on input line 33.
LaTeX Info: Redefining \swshape on input line 35.
LaTeX Info: Redefining \scshape on input line 37.
LaTeX Info: Redefining \sscshape on input line 39.
LaTeX Info: Redefining \ulcshape on input line 41.
LaTeX Info: Redefining \textsw on input line 47.
LaTeX Info: Redefining \textssc on input line 48.
LaTeX Info: Redefining \textulc on input line 49.
)
\ntx@fs=\dimen149

(C:\Users\halin\AppData\Local\Programs\MiKTeX\tex/latex/xkeyval\xkeyval.sty
Package: xkeyval 2020/11/20 v2.8 package option processing (HA)

(C:\Users\halin\AppData\Local\Programs\MiKTeX\tex/generic/xkeyval\xkeyval.tex
(C:\Users\halin\AppData\Local\Programs\MiKTeX\tex/generic/xkeyval\xkvutils.tex
\XKV@toks=\toks30
\XKV@tempa@toks=\toks31

(C:\Users\halin\AppData\Local\Programs\MiKTeX\tex/generic/xkeyval\keyval.tex))
\XKV@depth=\count272
File: xkeyval.tex 2014/12/03 v2.7a key=value parser (HA)
)) (C:\Users\halin\AppData\Local\Programs\MiKTeX\tex/latex/etoolbox\etoolbox.st
y
Package: etoolbox 2020/10/05 v2.5k e-TeX tools for LaTeX (JAW)
\etb@tempcnta=\count273
) (C:\Users\halin\AppData\Local\Programs\MiKTeX\tex/latex/xstring\xstring.sty
(C:\Users\halin\AppData\Local\Programs\MiKTeX\tex/generic/xstring\xstring.tex
\integerpart=\count274
\decimalpart=\count275
)
Package: xstring 2021/07/21 v1.84 String manipulations (CT)
) (C:\Users\halin\AppData\Local\Programs\MiKTeX\tex/latex/base\ifthen.sty
Package: ifthen 2020/11/24 v1.1c Standard LaTeX ifthen package (DPC)
)
(C:\Users\halin\AppData\Local\Programs\MiKTeX\tex/latex/carlisle\scalefnt.sty)
(C:\Users\halin\AppData\Local\Programs\MiKTeX\tex/latex/base\fontenc.sty
Package: fontenc 2021/04/29 v2.0v Standard LaTeX package
LaTeX Font Info:    Trying to load font information for T1+ntxtlf on input line
 112.

(C:\Users\halin\AppData\Local\Programs\MiKTeX\tex/latex/newtx\t1ntxtlf.fd
File: t1ntxtlf.fd 2021/05/24 v1.1 font definition file for T1/ntx/tlf
)
LaTeX Font Info:    Font shape `T1/ntxtlf/m/n' will be
(Font)              scaled to size 10.0pt on input line 112.
)
(C:\Users\halin\AppData\Local\Programs\MiKTeX\tex/latex/base\textcomp.sty
Package: textcomp 2020/02/02 v2.0n Standard LaTeX package
LaTeX Font Info:    Changing ? sub-encoding to TS1/0 on input line 78.
)
\ntxt@cntz=\count276
LaTeX Font Info:    Redeclaring math symbol \mathsterling on input line 325.
)
(C:/Users/halin/Desktop/Temp/mtp2fonts.zip/texmf\tex/latex/mtpro2\mtpro2.sty
Package: mtpro2 2009/4/27 v2.3 MathTimePro II - added arc accents MathTimePro I
I - fixed rbrace problem with straightbraces and morphedbraces options MathTime
Pro II - fix bug with z = \backslash widetilde{\backslash sum_{x }}MathTimePro 
II v2 font support (PCTeX/WaS)MathTimePro II v2.1a Allowed alternate form of I 
in Math Script Fonts (MS)
\c@mv@heavy=\count277
Now handling font encoding LMP1 ...
... no UTF-8 mapping file for font encoding LMP1
Now handling font encoding LMP2 ...
... no UTF-8 mapping file for font encoding LMP2
Now handling font encoding LMP3 ...
... no UTF-8 mapping file for font encoding LMP3
\pointcount@=\count278
\prePbox@=\box53
\Pbox@=\box54
\LRbox@=\box55
\HATbox@=\box56
\TDbox@=\box57
\CHbox@=\box58
\ARCbox@=\box59
\preSbox@=\box60
\Sbox@=\box61
\SQcount@=\count279
\SQRTbox@=\box62
\UPROOT@=\count280
\LEFTROOT@=\count281
\limtype@=\count282
\xlfont@=\count283
\xlposition@=\count284
\xlposition@ii=\count285
\optype@=\count286
\x@count=\count287
\maxXLscripts@=\dimen150
\symAMSa=\mathgroup4
)
(C:\Users\halin\AppData\Local\Programs\MiKTeX\tex/latex/mhchem\mhchem.sty
Package: mhchem 2018/06/22 v4.08 for typesetting chemical formulae

(C:\Users\halin\AppData\Local\Programs\MiKTeX\tex/latex/l3packages/l3keys2e\l3k
eys2e.sty
Package: l3keys2e 2021-08-27 LaTeX2e option processing using LaTeX3 keys
)
(C:\Users\halin\AppData\Local\Programs\MiKTeX\tex/latex/tools\calc.sty
Package: calc 2017/05/25 v4.3 Infix arithmetic (KKT,FJ)
\calc@Acount=\count288
\calc@Bcount=\count289
\calc@Adimen=\dimen151
\calc@Bdimen=\dimen152
\calc@Askip=\skip55
\calc@Bskip=\skip56
LaTeX Info: Redefining \setlength on input line 80.
LaTeX Info: Redefining \addtolength on input line 81.
\calc@Ccount=\count290
\calc@Cskip=\skip57
)
(C:\Users\halin\AppData\Local\Programs\MiKTeX\tex/latex/chemgreek\chemgreek.sty
Package: chemgreek 2020/01/16 v1.1a interface for upright Greek letters for use
 in chemistry (CN)
\l__chemgreek_tmpa_int=\count291
\g__chemgreek_tmpa_int=\count292
) (C:\Users\halin\AppData\Local\Programs\MiKTeX\tex/latex/graphics\graphics.sty
Package: graphics 2021/03/04 v1.4d Standard LaTeX Graphics (DPC,SPQR)
(C:\Users\halin\AppData\Local\Programs\MiKTeX\tex/latex/graphics\trig.sty
Package: trig 2016/01/03 v1.10 sin cos tan (DPC)
)
(C:\Users\halin\AppData\Local\Programs\MiKTeX\tex/latex/graphics-cfg\graphics.c
fg
File: graphics.cfg 2016/06/04 v1.11 sample graphics configuration
)
Package graphics Info: Driver file: pdftex.def on input line 107.

(C:\Users\halin\AppData\Local\Programs\MiKTeX\tex/latex/graphics-def\pdftex.def
File: pdftex.def 2020/10/05 v1.2a Graphics/color driver for pdftex
))
\l__mhchem_ce_distanceFromLastComma_int=\count293
\__mhchem_arrow_extPgfLength_skip=\skip58
\mhchem@minispace@tmp=\skip59
\mhchem@minibackspace@tmp=\skip60
\mhchem@bondwidth=\skip61
\mhchem@bondheight=\skip62
\mhchem@smallbondwidth@tmpA=\skip63
\mhchem@smallbondwidth@tmpB=\skip64
\mhchem@smallbondwidth=\skip65
\mhchem@bondtmp@minussidebearingleft=\skip66
\mhchem@bondtmp@minussidebearingright=\skip67
\l__mhchem_option_version_int=\count294
\mhchem@option@minusmathsidebearingleft=\dimen153
\mhchem@option@minusmathsidebearingright=\dimen154
\mhchem@option@minustextsidebearingleft=\dimen155
\mhchem@option@minustextsidebearingright=\dimen156
)
(C:\Users\halin\AppData\Local\Programs\MiKTeX\tex/latex/tools\indentfirst.sty
Package: indentfirst 1995/11/23 v1.03 Indent first paragraph (DPC)
)
(C:\Users\halin\AppData\Local\Programs\MiKTeX\tex/latex/geometry\geometry.sty
Package: geometry 2020/01/02 v5.9 Page Geometry

(C:\Users\halin\AppData\Local\Programs\MiKTeX\tex/generic/iftex\ifvtex.sty
Package: ifvtex 2019/10/25 v1.7 ifvtex legacy package. Use iftex instead.

(C:\Users\halin\AppData\Local\Programs\MiKTeX\tex/generic/iftex\iftex.sty
Package: iftex 2020/03/06 v1.0d TeX engine tests
))
\Gm@cnth=\count295
\Gm@cntv=\count296
\c@Gm@tempcnt=\count297
\Gm@bindingoffset=\dimen157
\Gm@wd@mp=\dimen158
\Gm@odd@mp=\dimen159
\Gm@even@mp=\dimen160
\Gm@layoutwidth=\dimen161
\Gm@layoutheight=\dimen162
\Gm@layouthoffset=\dimen163
\Gm@layoutvoffset=\dimen164
\Gm@dimlist=\toks32

(C:\Users\halin\AppData\Local\Programs\MiKTeX\tex/latex/geometry\geometry.cfg))
(C:\Users\halin\AppData\Local\Programs\MiKTeX\tex/latex/tools\bm.sty
Package: bm 2021/04/25 v1.2e Bold Symbol Support (DPC/FMi)
\symboldoperators=\mathgroup5
\symboldletters=\mathgroup6
\symboldsymbols=\mathgroup7
\symboldlargesymbols=\mathgroup8
Package bm Info: No heavy for \T1/ntxtlf/m/n, using \pmb.
Package bm Info: No heavy for \LMP1/mtt/m/it, using \pmb.
\symheavysymbols=\mathgroup9
\symheavylargesymbols=\mathgroup10
\symheavyAMSa=\mathgroup11
Package bm Info: No heavy for \T1/ntxtlf/b/n, using \pmb.
Package bm Info: No heavy for \LMP1/mtt/b/it, using \pmb.
Package bm Info: No heavy for \LMP2/mtt/b/n, using \pmb.
Package bm Info: No heavy for \LMP3/mtt/b/n, using \pmb.
)
(C:\Users\halin\AppData\Local\Programs\MiKTeX\tex/latex/enumitem\enumitem.sty
Package: enumitem 2019/06/20 v3.9 Customized lists
\enitkv@toks@=\toks33
\labelindent=\skip68
\enit@outerparindent=\dimen165
\enit@toks=\toks34
\enit@inbox=\box63
\enit@count@id=\count298
\enitdp@description=\count299
)
(C:\Users\halin\AppData\Local\Programs\MiKTeX\tex/latex/koma-script\scrextend.s
ty
Package: scrextend 2021/06/25 v3.34 KOMA-Script package (extend other classes w
ith features of KOMA-Script classes)

(C:\Users\halin\AppData\Local\Programs\MiKTeX\tex/latex/koma-script\scrkbase.st
y
Package: scrkbase 2021/06/25 v3.34 KOMA-Script package (KOMA-Script-dependent b
asics and keyval usage)

(C:\Users\halin\AppData\Local\Programs\MiKTeX\tex/latex/koma-script\scrbase.sty
Package: scrbase 2021/06/25 v3.34 KOMA-Script package (KOMA-Script-independent 
basics and keyval usage)

(C:\Users\halin\AppData\Local\Programs\MiKTeX\tex/latex/koma-script\scrlfile.st
y
Package: scrlfile 2021/06/25 v3.34 KOMA-Script package (file load hooks)

(C:\Users\halin\AppData\Local\Programs\MiKTeX\tex/latex/koma-script\scrlfile-ho
ok.sty
Package: scrlfile-hook 2021/06/25 v3.34 KOMA-Script package (using LaTeX hooks)


(C:\Users\halin\AppData\Local\Programs\MiKTeX\tex/latex/koma-script\scrlogo.sty
Package: scrlogo 2021/06/25 v3.34 KOMA-Script package (logo)
)))
Applying: [2021/05/01] Usage of raw or classic option list on input line 252.
Already applied: [0000/00/00] Usage of raw or classic option list on input line
 368.
))
Package scrextend Info: unexpected definition of `\@makefnmark'.
(scrextend)             Trying to patch it on input line 1594.
Package scrextend Info: patch seems to be successfull on input line 1594.
)
(C:\Users\halin\AppData\Local\Programs\MiKTeX\tex/latex/exsheets\exsheets.sty
Package: exsheets 2019/09/30 v0.21k Yet another package for the creation of exe
rcise sheets and exams.
\l__exsheets_tmpa_int=\count300
\l__exsheets_tmpb_int=\count301
\l__exsheets_tmpc_int=\count302
\l__exsheets_tmpd_int=\count303
\l__exsheets_tmpe_int=\count304
\g__exsheets_tmpa_int=\count305
\l__exsheets_tmpa_dim=\dimen166
\l__exsheets_tmpb_dim=\dimen167

(C:\Users\halin\AppData\Local\Programs\MiKTeX\tex/latex/l3packages/xtemplate\xt
emplate.sty
Package: xtemplate 2021-08-27 L3 Experimental prototype document functions
\l__xtemplate_tmp_dim=\dimen168
\l__xtemplate_tmp_int=\count306
\l__xtemplate_tmp_muskip=\muskip17
\l__xtemplate_tmp_skip=\skip69
)
(C:\Users\halin\AppData\Local\Programs\MiKTeX\tex/latex/environ\environ.sty
Package: environ 2014/05/04 v0.3 A new way to define environments

(C:\Users\halin\AppData\Local\Programs\MiKTeX\tex/latex/trimspaces\trimspaces.s
ty
Package: trimspaces 2009/09/17 v1.1 Trim spaces around a token list
))
(C:\Users\halin\AppData\Local\Programs\MiKTeX\tex/latex/pgf/basiclayer\pgfcore.
sty
(C:\Users\halin\AppData\Local\Programs\MiKTeX\tex/latex/graphics\graphicx.sty
Package: graphicx 2020/12/05 v1.2c Enhanced LaTeX Graphics (DPC,SPQR)
\Gin@req@height=\dimen169
\Gin@req@width=\dimen170
)
(C:\Users\halin\AppData\Local\Programs\MiKTeX\tex/latex/pgf/systemlayer\pgfsys.
sty
(C:\Users\halin\AppData\Local\Programs\MiKTeX\tex/latex/pgf/utilities\pgfrcs.st
y
(C:\Users\halin\AppData\Local\Programs\MiKTeX\tex/generic/pgf/utilities\pgfutil
-common.tex
\pgfutil@everybye=\toks35
\pgfutil@tempdima=\dimen171
\pgfutil@tempdimb=\dimen172

(C:\Users\halin\AppData\Local\Programs\MiKTeX\tex/generic/pgf/utilities\pgfutil
-common-lists.tex))
(C:\Users\halin\AppData\Local\Programs\MiKTeX\tex/generic/pgf/utilities\pgfutil
-latex.def
\pgfutil@abb=\box64
)
(C:\Users\halin\AppData\Local\Programs\MiKTeX\tex/generic/pgf/utilities\pgfrcs.
code.tex
(C:\Users\halin\AppData\Local\Programs\MiKTeX\tex/generic/pgf\pgf.revision.tex)
Package: pgfrcs 2021/05/15 v3.1.9a (3.1.9a)
))
(C:\Users\halin\AppData\Local\Programs\MiKTeX\tex/generic/pgf/systemlayer\pgfsy
s.code.tex
Package: pgfsys 2021/05/15 v3.1.9a (3.1.9a)

(C:\Users\halin\AppData\Local\Programs\MiKTeX\tex/generic/pgf/utilities\pgfkeys
.code.tex
\pgfkeys@pathtoks=\toks36
\pgfkeys@temptoks=\toks37

(C:\Users\halin\AppData\Local\Programs\MiKTeX\tex/generic/pgf/utilities\pgfkeys
filtered.code.tex
\pgfkeys@tmptoks=\toks38
))
\pgf@x=\dimen173
\pgf@y=\dimen174
\pgf@xa=\dimen175
\pgf@ya=\dimen176
\pgf@xb=\dimen177
\pgf@yb=\dimen178
\pgf@xc=\dimen179
\pgf@yc=\dimen180
\pgf@xd=\dimen181
\pgf@yd=\dimen182
\w@pgf@writea=\write3
\r@pgf@reada=\read2
\c@pgf@counta=\count307
\c@pgf@countb=\count308
\c@pgf@countc=\count309
\c@pgf@countd=\count310
\t@pgf@toka=\toks39
\t@pgf@tokb=\toks40
\t@pgf@tokc=\toks41
\pgf@sys@id@count=\count311

(C:\Users\halin\AppData\Local\Programs\MiKTeX\tex/generic/pgf/systemlayer\pgf.c
fg
File: pgf.cfg 2021/05/15 v3.1.9a (3.1.9a)
)
Driver file for pgf: pgfsys-pdftex.def

(C:\Users\halin\AppData\Local\Programs\MiKTeX\tex/generic/pgf/systemlayer\pgfsy
s-pdftex.def
File: pgfsys-pdftex.def 2021/05/15 v3.1.9a (3.1.9a)

(C:\Users\halin\AppData\Local\Programs\MiKTeX\tex/generic/pgf/systemlayer\pgfsy
s-common-pdf.def
File: pgfsys-common-pdf.def 2021/05/15 v3.1.9a (3.1.9a)
)))
(C:\Users\halin\AppData\Local\Programs\MiKTeX\tex/generic/pgf/systemlayer\pgfsy
ssoftpath.code.tex
File: pgfsyssoftpath.code.tex 2021/05/15 v3.1.9a (3.1.9a)
\pgfsyssoftpath@smallbuffer@items=\count312
\pgfsyssoftpath@bigbuffer@items=\count313
)
(C:\Users\halin\AppData\Local\Programs\MiKTeX\tex/generic/pgf/systemlayer\pgfsy
sprotocol.code.tex
File: pgfsysprotocol.code.tex 2021/05/15 v3.1.9a (3.1.9a)
))
(C:\Users\halin\AppData\Local\Programs\MiKTeX\tex/latex/xcolor\xcolor.sty
Package: xcolor 2016/05/11 v2.12 LaTeX color extensions (UK)

(C:\Users\halin\AppData\Local\Programs\MiKTeX\tex/latex/graphics-cfg\color.cfg
File: color.cfg 2016/01/02 v1.6 sample color configuration
)
Package xcolor Info: Driver file: pdftex.def on input line 225.
Package xcolor Info: Model `cmy' substituted by `cmy0' on input line 1348.
Package xcolor Info: Model `hsb' substituted by `rgb' on input line 1352.
Package xcolor Info: Model `RGB' extended on input line 1364.
Package xcolor Info: Model `HTML' substituted by `rgb' on input line 1366.
Package xcolor Info: Model `Hsb' substituted by `hsb' on input line 1367.
Package xcolor Info: Model `tHsb' substituted by `hsb' on input line 1368.
Package xcolor Info: Model `HSB' substituted by `hsb' on input line 1369.
Package xcolor Info: Model `Gray' substituted by `gray' on input line 1370.
Package xcolor Info: Model `wave' substituted by `hsb' on input line 1371.
)
(C:\Users\halin\AppData\Local\Programs\MiKTeX\tex/generic/pgf/basiclayer\pgfcor
e.code.tex
Package: pgfcore 2021/05/15 v3.1.9a (3.1.9a)

(C:\Users\halin\AppData\Local\Programs\MiKTeX\tex/generic/pgf/math\pgfmath.code
.tex
(C:\Users\halin\AppData\Local\Programs\MiKTeX\tex/generic/pgf/math\pgfmathcalc.
code.tex
(C:\Users\halin\AppData\Local\Programs\MiKTeX\tex/generic/pgf/math\pgfmathutil.
code.tex)
(C:\Users\halin\AppData\Local\Programs\MiKTeX\tex/generic/pgf/math\pgfmathparse
r.code.tex
\pgfmath@dimen=\dimen183
\pgfmath@count=\count314
\pgfmath@box=\box65
\pgfmath@toks=\toks42
\pgfmath@stack@operand=\toks43
\pgfmath@stack@operation=\toks44
)
(C:\Users\halin\AppData\Local\Programs\MiKTeX\tex/generic/pgf/math\pgfmathfunct
ions.code.tex
(C:\Users\halin\AppData\Local\Programs\MiKTeX\tex/generic/pgf/math\pgfmathfunct
ions.basic.code.tex)
(C:\Users\halin\AppData\Local\Programs\MiKTeX\tex/generic/pgf/math\pgfmathfunct
ions.trigonometric.code.tex)
(C:\Users\halin\AppData\Local\Programs\MiKTeX\tex/generic/pgf/math\pgfmathfunct
ions.random.code.tex)
(C:\Users\halin\AppData\Local\Programs\MiKTeX\tex/generic/pgf/math\pgfmathfunct
ions.comparison.code.tex)
(C:\Users\halin\AppData\Local\Programs\MiKTeX\tex/generic/pgf/math\pgfmathfunct
ions.base.code.tex)
(C:\Users\halin\AppData\Local\Programs\MiKTeX\tex/generic/pgf/math\pgfmathfunct
ions.round.code.tex)
(C:\Users\halin\AppData\Local\Programs\MiKTeX\tex/generic/pgf/math\pgfmathfunct
ions.misc.code.tex)
(C:\Users\halin\AppData\Local\Programs\MiKTeX\tex/generic/pgf/math\pgfmathfunct
ions.integerarithmetics.code.tex)))
(C:\Users\halin\AppData\Local\Programs\MiKTeX\tex/generic/pgf/math\pgfmathfloat
.code.tex
\c@pgfmathroundto@lastzeros=\count315
))
(C:\Users\halin\AppData\Local\Programs\MiKTeX\tex/generic/pgf/math\pgfint.code.
tex)
(C:\Users\halin\AppData\Local\Programs\MiKTeX\tex/generic/pgf/basiclayer\pgfcor
epoints.code.tex
File: pgfcorepoints.code.tex 2021/05/15 v3.1.9a (3.1.9a)
\pgf@picminx=\dimen184
\pgf@picmaxx=\dimen185
\pgf@picminy=\dimen186
\pgf@picmaxy=\dimen187
\pgf@pathminx=\dimen188
\pgf@pathmaxx=\dimen189
\pgf@pathminy=\dimen190
\pgf@pathmaxy=\dimen191
\pgf@xx=\dimen192
\pgf@xy=\dimen193
\pgf@yx=\dimen194
\pgf@yy=\dimen195
\pgf@zx=\dimen196
\pgf@zy=\dimen197
)
(C:\Users\halin\AppData\Local\Programs\MiKTeX\tex/generic/pgf/basiclayer\pgfcor
epathconstruct.code.tex
File: pgfcorepathconstruct.code.tex 2021/05/15 v3.1.9a (3.1.9a)
\pgf@path@lastx=\dimen198
\pgf@path@lasty=\dimen199
)
(C:\Users\halin\AppData\Local\Programs\MiKTeX\tex/generic/pgf/basiclayer\pgfcor
epathusage.code.tex
File: pgfcorepathusage.code.tex 2021/05/15 v3.1.9a (3.1.9a)
\pgf@shorten@end@additional=\dimen256
\pgf@shorten@start@additional=\dimen257
)
(C:\Users\halin\AppData\Local\Programs\MiKTeX\tex/generic/pgf/basiclayer\pgfcor
escopes.code.tex
File: pgfcorescopes.code.tex 2021/05/15 v3.1.9a (3.1.9a)
\pgfpic=\box66
\pgf@hbox=\box67
\pgf@layerbox@main=\box68
\pgf@picture@serial@count=\count316
)
(C:\Users\halin\AppData\Local\Programs\MiKTeX\tex/generic/pgf/basiclayer\pgfcor
egraphicstate.code.tex
File: pgfcoregraphicstate.code.tex 2021/05/15 v3.1.9a (3.1.9a)
\pgflinewidth=\dimen258
)
(C:\Users\halin\AppData\Local\Programs\MiKTeX\tex/generic/pgf/basiclayer\pgfcor
etransformations.code.tex
File: pgfcoretransformations.code.tex 2021/05/15 v3.1.9a (3.1.9a)
\pgf@pt@x=\dimen259
\pgf@pt@y=\dimen260
\pgf@pt@temp=\dimen261
)
(C:\Users\halin\AppData\Local\Programs\MiKTeX\tex/generic/pgf/basiclayer\pgfcor
equick.code.tex
File: pgfcorequick.code.tex 2021/05/15 v3.1.9a (3.1.9a)
)
(C:\Users\halin\AppData\Local\Programs\MiKTeX\tex/generic/pgf/basiclayer\pgfcor
eobjects.code.tex
File: pgfcoreobjects.code.tex 2021/05/15 v3.1.9a (3.1.9a)
)
(C:\Users\halin\AppData\Local\Programs\MiKTeX\tex/generic/pgf/basiclayer\pgfcor
epathprocessing.code.tex
File: pgfcorepathprocessing.code.tex 2021/05/15 v3.1.9a (3.1.9a)
)
(C:\Users\halin\AppData\Local\Programs\MiKTeX\tex/generic/pgf/basiclayer\pgfcor
earrows.code.tex
File: pgfcorearrows.code.tex 2021/05/15 v3.1.9a (3.1.9a)
\pgfarrowsep=\dimen262
)
(C:\Users\halin\AppData\Local\Programs\MiKTeX\tex/generic/pgf/basiclayer\pgfcor
eshade.code.tex
File: pgfcoreshade.code.tex 2021/05/15 v3.1.9a (3.1.9a)
\pgf@max=\dimen263
\pgf@sys@shading@range@num=\count317
\pgf@shadingcount=\count318
)
(C:\Users\halin\AppData\Local\Programs\MiKTeX\tex/generic/pgf/basiclayer\pgfcor
eimage.code.tex
File: pgfcoreimage.code.tex 2021/05/15 v3.1.9a (3.1.9a)

(C:\Users\halin\AppData\Local\Programs\MiKTeX\tex/generic/pgf/basiclayer\pgfcor
eexternal.code.tex
File: pgfcoreexternal.code.tex 2021/05/15 v3.1.9a (3.1.9a)
\pgfexternal@startupbox=\box69
))
(C:\Users\halin\AppData\Local\Programs\MiKTeX\tex/generic/pgf/basiclayer\pgfcor
elayers.code.tex
File: pgfcorelayers.code.tex 2021/05/15 v3.1.9a (3.1.9a)
)
(C:\Users\halin\AppData\Local\Programs\MiKTeX\tex/generic/pgf/basiclayer\pgfcor
etransparency.code.tex
File: pgfcoretransparency.code.tex 2021/05/15 v3.1.9a (3.1.9a)
)
(C:\Users\halin\AppData\Local\Programs\MiKTeX\tex/generic/pgf/basiclayer\pgfcor
epatterns.code.tex
File: pgfcorepatterns.code.tex 2021/05/15 v3.1.9a (3.1.9a)
)
(C:\Users\halin\AppData\Local\Programs\MiKTeX\tex/generic/pgf/basiclayer\pgfcor
erdf.code.tex
File: pgfcorerdf.code.tex 2021/05/15 v3.1.9a (3.1.9a)
)))
\l__exsheets_variations_int=\count319
\g__exsheets_questions_id_int=\count320
\g__exsheets_questions_used_int=\count321
\l__exsheets_include_random_int=\count322
\l__exsheets_questions_set_int=\count323
\g__exsheets_select_random_int=\count324
\g__exsheets_selection_number_int=\count325
\l__exsheets_counter_ch_int=\count326
\l__exsheets_current_ch_int=\count327
\l__exsheets_counter_sec_int=\count328
\l__exsheets_current_sec_int=\count329
\l_exsheets_counter_qu_int=\count330
\l__exsheets_questions_skip_below_dim=\dimen264
\l__exsheets_solutions_skip_below_dim=\dimen265
\l__exsheets_blank_dim=\dimen266
\l__exsheets_blank_line_increment_dim=\dimen267
\l__exsheets_blank_line_minimum_length_dim=\dimen268
\l__exsheets_blank_box=\box70

(C:\Users\halin\AppData\Local\Programs\MiKTeX\tex/latex/cntformats\cntformats.s
ty
Package: cntformats 2014/07/20 v0.7 A different way to read counters. (CN)
 (C:\Users\halin\AppData\Local\Programs\MiKTeX\tex/latex/cnltx\cnltx-base.sty
Package: cnltx-base 2019/11/01 v0.15 LaTeX tools and documenting facilities (CN
)
(C:\Users\halin\AppData\Local\Programs\MiKTeX\tex/latex/pgfopts\pgfopts.sty
Package: pgfopts 2014/07/10 v2.1a LaTeX package options with pgfkeys

(C:\Users\halin\AppData\Local\Programs\MiKTeX\tex/latex/pgf/utilities\pgfkeys.s
ty
(C:\Users\halin\AppData\Local\Programs\MiKTeX\tex/generic/pgf/utilities\pgfkeys
.code.tex))
\pgfopts@list@add@a@toks=\toks45
\pgfopts@list@add@b@toks=\toks46
)
(C:\Users\halin\AppData\Local\Programs\MiKTeX\tex/generic/ltxcmds\ltxcmds.sty
Package: ltxcmds 2020-05-10 v1.25 LaTeX kernel commands for general use (HO)
)
(C:\Users\halin\AppData\Local\Programs\MiKTeX\tex/generic/pdftexcmds\pdftexcmds
.sty
Package: pdftexcmds 2020-06-27 v0.33 Utility functions of pdfTeX for LuaTeX (HO
)

(C:\Users\halin\AppData\Local\Programs\MiKTeX\tex/generic/infwarerr\infwarerr.s
ty
Package: infwarerr 2019/12/03 v1.5 Providing info/warning/error messages (HO)
)
Package pdftexcmds Info: \pdf@primitive is available.
Package pdftexcmds Info: \pdf@ifprimitive is available.
Package pdftexcmds Info: \pdfdraftmode found.
)
\c@cnltx@tmpa=\count331
\c@cnltx@tmpb=\count332
\c@cnltx@tmpc=\count333
\cnltx@tmpa@length=\skip70
\cnltx@tmpb@length=\skip71
\cnltx@tmpc@length=\skip72
))
\c@question=\count334


Package exsheets Warning: The option `load-headings' has been dropped.


(C:\Users\halin\AppData\Local\Programs\MiKTeX\tex/latex/exsheets\exsheets_headi
ngs.def
File: exsheets_headings.def  2019/09/30 v0.21k ExSheets headings object
\l__exsheets_heading_above_dim=\dimen269
\l__exsheets_heading_below_dim=\dimen270
\l__exsheets_heading_main_coffin=\box71
\l__exsheets_heading_pre_coffin=\box72
\l__exsheets_heading_post_coffin=\box73
\l__exsheets_heading_title_coffin=\box74
\l__exsheets_heading_number_coffin=\box75
\l__exsheets_heading_points_coffin=\box76
\l__exsheets_heading_subtitle_coffin=\box77

Package xtemplate Info: Declaring object type 'exsheets-heading' taking 5
(xtemplate)             argument(s) on line 184.

)
(C:\Users\halin\AppData\Local\Programs\MiKTeX\tex/latex/exsheets\exsheets_headi
ngs.cfg
File: exsheets_headings.cfg  2019/09/30 v0.21k ExSheets headings instances 
)
(C:\Users\halin\AppData\Local\Programs\MiKTeX\tex/latex/tasks\tasks.sty
Package: tasks 2021/02/20 v1.3a lists with columns filled horizontally
\g__tasks_total_items_int=\count335
\l__tasks_columns_int=\count336
\g__tasks_rows_int=\count337
\g__tasks_current_col_num_int=\count338
\g__tasks_current_row_num_int=\count339
\l__tasks_item_columns_int=\count340
\g__tasks_env_int=\count341
\l__tasks_start_int=\count342
\l__tasks_item_indent_dim=\dimen271
\l__tasks_item_default_indent_dim=\dimen272
\l__tasks_item_width_dim=\dimen273
\l__tasks_label_width_dim=\dimen274
\l__tasks_label_default_width_dim=\dimen275
\l__tasks_label_offset_dim=\dimen276
\l__tasks_label_default_offset_dim=\dimen277
\l__tasks_column_sep_dim=\dimen278
\l__tasks_correction_dim=\dimen279
\l__tasks_full_width_dim=\dimen280
\l__tasks_after_item_skip=\skip73
\l__tasks_custom_after_item_skip=\skip74
\l__tasks_before_list_skip=\skip75
\l__tasks_after_list_skip=\skip76
\l__tasks_item_coffin=\box78
\l__tasks_label_coffin=\box79
\c@task=\count343
\l__tasks_tmpa_int=\count344
\l__tasks_tmpb_int=\count345
\l__tasks_tmpa_coffin=\box80
\l__tasks_tmpa_box=\box81

Package xtemplate Info: Declaring object type 'tasks' taking 3 argument(s) on
(xtemplate)             line 450.


(C:\Users\halin\AppData\Local\Programs\MiKTeX\tex/latex/tasks\tasks.cfg))
(C:\Users\halin\AppData\Local\Programs\MiKTeX\tex/latex/ulem\ulem.sty
\UL@box=\box82
\UL@hyphenbox=\box83
\UL@skip=\skip77
\UL@hook=\toks47
\UL@height=\dimen281
\UL@pe=\count346
\UL@pixel=\dimen282
\ULC@box=\box84
Package: ulem 2019/11/18
\ULdepth=\dimen283
)
(C:\Users\halin\AppData\Local\Programs\MiKTeX\tex/latex/translations\translatio
ns.sty
Package: translations 2021/01/17 v1.10a internationalization of LaTeX2e package
s (CN)
))
\c@example=\count347
Package translations Info: No language package found. I am going to use `englis
h' as default language. on input line 59.
 (GroupTheory.aux)
\openout1 = `GroupTheory.aux'.


(C:\Users\halin\AppData\Local\Programs\MiKTeX\tex/latex/nanumtype1\lucnanummj.f
d
File: lucnanummj.fd 2013/02/12 v0.1 Nanum Myeongjo font definitions
)
\c@mv@tabular=\count348
\c@mv@boldtabular=\count349

Package chemgreek Info: Activating mapping `default' on line 59.


(C:\Users\halin\AppData\Local\Programs\MiKTeX\tex/context/base/mkii\supp-pdf.mk
ii
[Loading MPS to PDF converter (version 2006.09.02).]
\scratchcounter=\count350
\scratchdimen=\dimen284
\scratchbox=\box85
\nofMPsegments=\count351
\nofMParguments=\count352
\everyMPshowfont=\toks48
\MPscratchCnt=\count353
\MPscratchDim=\dimen285
\MPnumerator=\count354
\makeMPintoPDFobject=\count355
\everyMPtoPDFconversion=\toks49
)
(C:\Users\halin\AppData\Local\Programs\MiKTeX\tex/latex/epstopdf-pkg\epstopdf-b
ase.sty
Package: epstopdf-base 2020-01-24 v2.11 Base part for package epstopdf
Package epstopdf-base Info: Redefining graphics rule for `.eps' on input line 4
85.

(C:\Users\halin\AppData\Local\Programs\MiKTeX\tex/latex/00miktex\epstopdf-sys.c
fg
File: epstopdf-sys.cfg 2021/03/18 v2.0 Configuration of epstopdf for MiKTeX
))
*geometry* driver: auto-detecting
*geometry* detected driver: pdftex
*geometry* verbose mode - [ preamble ] result:
* driver: pdftex
* paper: a4paper
* layout: <same size as paper>
* layoutoffset:(h,v)=(0.0pt,0.0pt)
* modes: twoside 
* h-part:(L,W,R)=(65.55515pt, 433.62pt, 98.33273pt)
* v-part:(T,H,B)=(77.84674pt, 650.43pt, 116.77011pt)
* \paperwidth=597.50787pt
* \paperheight=845.04684pt
* \textwidth=433.62pt
* \textheight=650.43pt
* \oddsidemargin=-6.71484pt
* \evensidemargin=26.06274pt
* \topmargin=-24.49074pt
* \headheight=12.0pt
* \headsep=18.06749pt
* \topskip=10.0pt
* \footskip=25.29494pt
* \marginparwidth=125.0pt
* \marginparsep=7.0pt
* \columnsep=10.0pt
* \skip\footins=9.0pt plus 4.0pt minus 2.0pt
* \hoffset=0.0pt
* \voffset=0.0pt
* \mag=1000
* \@twocolumnfalse
* \@twosidetrue
* \@mparswitchtrue
* \@reversemarginfalse
* (1in=72.27pt=25.4mm, 1cm=28.453pt)


Package exsheets Info: Loading custom configurations file
(exsheets)             `exsheets_configurations.cfg'.


(C:\Users\halin\AppData\Local\Programs\MiKTeX\tex/latex/exsheets\exsheets_confi
gurations.cfg
File: exsheets_configurations.cfg 
)
(C:\Users\halin\AppData\Local\Programs\MiKTeX\tex/latex/translations/dicts\tran
slations-basic-dictionary-english.trsl
File: translations-basic-dictionary-english.trsl (english translation file `tra
nslations-basic-dictionary')
)
Package translations Info: loading dictionary `translations-basic-dictionary' f
or `english'. on input line 59.
 [1



{C:/Users/halin/AppData/Local/MiKTeX/pdftex/config/pdftex.map}] [2


]
Chapter 17.
(17_1.tex [3]
(C:\Users\halin\AppData\Local\Programs\MiKTeX\tex/latex/tex-gyre\t1qhv.fd
File: t1qhv.fd 2009/09/25 v1.2 font definition file for T1/qhv
)
(C:\Users\halin\AppData\Local\Programs\MiKTeX\tex/latex/nanumtype1\lucnanumgt.f
d
File: lucnanumgt.fd 2013/02/12 v0.1 Nanum Gothic font definitions
) [4] [5] [6]) [7] (GroupTheory.aux) ) 
Here is how much of TeX's memory you used:
 19136 strings out of 478889
 373509 string characters out of 7600833
 80705034 words of memory out of 160414593
 36519 multiletter control sequences out of 15000+600000
 663293 words of font info for 232 fonts, out of 799999 for 9000
 1141 hyphenation exceptions out of 8191
 108i,9n,108p,1696b,630s stack positions out of 5000i,500n,10000p,7999999b,79999s
{C:/Users/halin/AppData/Local/Programs/Mi
KTeX/fonts/enc/dvips/newtx/ntx-ec-tlf.enc}{C:/Users/halin/AppData/Local/Program
s/MiKTeX/fonts/enc/dvips/tex-gyre/q-ec.enc}{C:/Users/halin/AppData/Local/Progra
ms/MiKTeX/fonts/enc/dvips/newtx/ntx-ecth-tlf.enc}<C:/Users/halin/Desktop/Temp/m
tp2fonts.zip/texmf/fonts/type1/pctex/mtpro2/mt2bmit.pfb><C:/Users/halin/Desktop
/Temp/mtp2fonts.zip/texmf/fonts/type1/pctex/mtpro2/mt2exa.pfb><C:/Users/halin/D
esktop/Temp/mtp2fonts.zip/texmf/fonts/type1/pctex/mtpro2/mt2mis.pfb><C:/Users/h
alin/Desktop/Temp/mtp2fonts.zip/texmf/fonts/type1/pctex/mtpro2/mt2mit.pfb><C:/U
sers/halin/Desktop/Temp/mtp2fonts.zip/texmf/fonts/type1/pctex/mtpro2/mt2syat.pf
b><C:/Users/halin/Desktop/Temp/mtp2fonts.zip/texmf/fonts/type1/pctex/mtpro2/mt2
sys.pfb><C:/Users/halin/Desktop/Temp/mtp2fonts.zip/texmf/fonts/type1/pctex/mtpr
o2/mt2syt.pfb><C:/Users/halin/AppData/Local/Programs/MiKTeX/fonts/type1/public/
nanumtype1/nanumgtmac.pfb><C:/Users/halin/AppData/Local/Programs/MiKTeX/fonts/t
ype1/public/nanumtype1/nanumgtmad.pfb><C:/Users/halin/AppData/Local/Programs/Mi
KTeX/fonts/type1/public/nanumtype1/nanumgtmb3.pfb><C:/Users/halin/AppData/Local
/Programs/MiKTeX/fonts/type1/public/nanumtype1/nanumgtmb5.pfb><C:/Users/halin/A
ppData/Local/Programs/MiKTeX/fonts/type1/public/nanumtype1/nanumgtmc0.pfb><C:/U
sers/halin/AppData/Local/Programs/MiKTeX/fonts/type1/public/nanumtype1/nanumgtm
c1.pfb><C:/Users/halin/AppData/Local/Programs/MiKTeX/fonts/type1/public/nanumty
pe1/nanumgtmc2.pfb><C:/Users/halin/AppData/Local/Programs/MiKTeX/fonts/type1/pu
blic/nanumtype1/nanumgtmc6.pfb><C:/Users/halin/AppData/Local/Programs/MiKTeX/fo
nts/type1/public/nanumtype1/nanumgtmc7.pfb><C:/Users/halin/AppData/Local/Progra
ms/MiKTeX/fonts/type1/public/nanumtype1/nanumgtmc8.pfb><C:/Users/halin/AppData/
Local/Programs/MiKTeX/fonts/type1/public/nanumtype1/nanumgtmcd.pfb><C:/Users/ha
lin/AppData/Local/Programs/MiKTeX/fonts/type1/public/nanumtype1/nanumgtmce.pfb>
<C:/Users/halin/AppData/Local/Programs/MiKTeX/fonts/type1/public/nanumtype1/nan
umgtmd0.pfb><C:/Users/halin/AppData/Local/Programs/MiKTeX/fonts/type1/public/na
numtype1/nanumgtmd6.pfb><C:/Users/halin/AppData/Local/Programs/MiKTeX/fonts/typ
e1/public/nanumtype1/nanummjbac.pfb><C:/Users/halin/AppData/Local/Programs/MiKT
eX/fonts/type1/public/nanumtype1/nanummjbad.pfb><C:/Users/halin/AppData/Local/P
rograms/MiKTeX/fonts/type1/public/nanumtype1/nanummjbae.pfb><C:/Users/halin/App
Data/Local/Programs/MiKTeX/fonts/type1/public/nanumtype1/nanummjbb2.pfb><C:/Use
rs/halin/AppData/Local/Programs/MiKTeX/fonts/type1/public/nanumtype1/nanummjbb3
.pfb><C:/Users/halin/AppData/Local/Programs/MiKTeX/fonts/type1/public/nanumtype
1/nanummjbb8.pfb><C:/Users/halin/AppData/Local/Programs/MiKTeX/fonts/type1/publ
ic/nanumtype1/nanummjbb9.pfb><C:/Users/halin/AppData/Local/Programs/MiKTeX/font
s/type1/public/nanumtype1/nanummjbba.pfb><C:/Users/halin/AppData/Local/Programs
/MiKTeX/fonts/type1/public/nanumtype1/nanummjbbb.pfb><C:/Users/halin/AppData/Lo
cal/Programs/MiKTeX/fonts/type1/public/nanumtype1/nanummjbbc.pfb><C:/Users/hali
n/AppData/Local/Programs/MiKTeX/fonts/type1/public/nanumtype1/nanummjbbd.pfb><C
:/Users/halin/AppData/Local/Programs/MiKTeX/fonts/type1/public/nanumtype1/nanum
mjbc0.pfb><C:/Users/halin/AppData/Local/Programs/MiKTeX/fonts/type1/public/nanu
mtype1/nanummjbc1.pfb><C:/Users/halin/AppData/Local/Programs/MiKTeX/fonts/type1
/public/nanumtype1/nanummjbc2.pfb><C:/Users/halin/AppData/Local/Programs/MiKTeX
/fonts/type1/public/nanumtype1/nanummjbc5.pfb><C:/Users/halin/AppData/Local/Pro
grams/MiKTeX/fonts/type1/public/nanumtype1/nanummjbc6.pfb><C:/Users/halin/AppDa
ta/Local/Programs/MiKTeX/fonts/type1/public/nanumtype1/nanummjbc7.pfb><C:/Users
/halin/AppData/Local/Programs/MiKTeX/fonts/type1/public/nanumtype1/nanummjbc8.p
fb><C:/Users/halin/AppData/Local/Programs/MiKTeX/fonts/type1/public/nanumtype1/
nanummjbc9.pfb><C:/Users/halin/AppData/Local/Programs/MiKTeX/fonts/type1/public
/nanumtype1/nanummjbcc.pfb><C:/Users/halin/AppData/Local/Programs/MiKTeX/fonts/
type1/public/nanumtype1/nanummjbce.pfb><C:/Users/halin/AppData/Local/Programs/M
iKTeX/fonts/type1/public/nanumtype1/nanummjbcf.pfb><C:/Users/halin/AppData/Loca
l/Programs/MiKTeX/fonts/type1/public/nanumtype1/nanummjbd4.pfb><C:/Users/halin/
AppData/Local/Programs/MiKTeX/fonts/type1/public/nanumtype1/nanummjbd5.pfb><C:/
Users/halin/AppData/Local/Programs/MiKTeX/fonts/type1/public/nanumtype1/nanummj
bd6.pfb><C:/Users/halin/AppData/Local/Programs/MiKTeX/fonts/type1/public/nanumt
ype1/nanummjmac.pfb><C:/Users/halin/AppData/Local/Programs/MiKTeX/fonts/type1/p
ublic/nanumtype1/nanummjmad.pfb><C:/Users/halin/AppData/Local/Programs/MiKTeX/f
onts/type1/public/nanumtype1/nanummjmad.pfb><C:/Users/halin/AppData/Local/Progr
ams/MiKTeX/fonts/type1/public/nanumtype1/nanummjmae.pfb><C:/Users/halin/AppData
/Local/Programs/MiKTeX/fonts/type1/public/nanumtype1/nanummjmaf.pfb><C:/Users/h
alin/AppData/Local/Programs/MiKTeX/fonts/type1/public/nanumtype1/nanummjmb0.pfb
><C:/Users/halin/AppData/Local/Programs/MiKTeX/fonts/type1/public/nanumtype1/na
nummjmb1.pfb><C:/Users/halin/AppData/Local/Programs/MiKTeX/fonts/type1/public/n
anumtype1/nanummjmb2.pfb><C:/Users/halin/AppData/Local/Programs/MiKTeX/fonts/ty
pe1/public/nanumtype1/nanummjmb3.pfb><C:/Users/halin/AppData/Local/Programs/MiK
TeX/fonts/type1/public/nanumtype1/nanummjmb4.pfb><C:/Users/halin/AppData/Local/
Programs/MiKTeX/fonts/type1/public/nanumtype1/nanummjmb5.pfb><C:/Users/halin/Ap
pData/Local/Programs/MiKTeX/fonts/type1/public/nanumtype1/nanummjmb6.pfb><C:/Us
ers/halin/AppData/Local/Programs/MiKTeX/fonts/type1/public/nanumtype1/nanummjmb
7.pfb><C:/Users/halin/AppData/Local/Programs/MiKTeX/fonts/type1/public/nanumtyp
e1/nanummjmb8.pfb><C:/Users/halin/AppData/Local/Programs/MiKTeX/fonts/type1/pub
lic/nanumtype1/nanummjmb8.pfb><C:/Users/halin/AppData/Local/Programs/MiKTeX/fon
ts/type1/public/nanumtype1/nanummjmb9.pfb><C:/Users/halin/AppData/Local/Program
s/MiKTeX/fonts/type1/public/nanumtype1/nanummjmba.pfb><C:/Users/halin/AppData/L
ocal/Programs/MiKTeX/fonts/type1/public/nanumtype1/nanummjmbb.pfb><C:/Users/hal
in/AppData/Local/Programs/MiKTeX/fonts/type1/public/nanumtype1/nanummjmbc.pfb><
C:/Users/halin/AppData/Local/Programs/MiKTeX/fonts/type1/public/nanumtype1/nanu
mmjmbd.pfb><C:/Users/halin/AppData/Local/Programs/MiKTeX/fonts/type1/public/nan
umtype1/nanummjmc0.pfb><C:/Users/halin/AppData/Local/Programs/MiKTeX/fonts/type
1/public/nanumtype1/nanummjmc1.pfb><C:/Users/halin/AppData/Local/Programs/MiKTe
X/fonts/type1/public/nanumtype1/nanummjmc1.pfb><C:/Users/halin/AppData/Local/Pr
ograms/MiKTeX/fonts/type1/public/nanumtype1/nanummjmc2.pfb><C:/Users/halin/AppD
ata/Local/Programs/MiKTeX/fonts/type1/public/nanumtype1/nanummjmc3.pfb><C:/User
s/halin/AppData/Local/Programs/MiKTeX/fonts/type1/public/nanumtype1/nanummjmc4.
pfb><C:/Users/halin/AppData/Local/Programs/MiKTeX/fonts/type1/public/nanumtype1
/nanummjmc5.pfb><C:/Users/halin/AppData/Local/Programs/MiKTeX/fonts/type1/publi
c/nanumtype1/nanummjmc6.pfb><C:/Users/halin/AppData/Local/Programs/MiKTeX/fonts
/type1/public/nanumtype1/nanummjmc7.pfb><C:/Users/halin/AppData/Local/Programs/
MiKTeX/fonts/type1/public/nanumtype1/nanummjmc7.pfb><C:/Users/halin/AppData/Loc
al/Programs/MiKTeX/fonts/type1/public/nanumtype1/nanummjmc8.pfb><C:/Users/halin
/AppData/Local/Programs/MiKTeX/fonts/type1/public/nanumtype1/nanummjmc9.pfb><C:
/Users/halin/AppData/Local/Programs/MiKTeX/fonts/type1/public/nanumtype1/nanumm
jmca.pfb><C:/Users/halin/AppData/Local/Programs/MiKTeX/fonts/type1/public/nanum
type1/nanummjmcc.pfb><C:/Users/halin/AppData/Local/Programs/MiKTeX/fonts/type1/
public/nanumtype1/nanummjmcd.pfb><C:/Users/halin/AppData/Local/Programs/MiKTeX/
fonts/type1/public/nanumtype1/nanummjmce.pfb><C:/Users/halin/AppData/Local/Prog
rams/MiKTeX/fonts/type1/public/nanumtype1/nanummjmcf.pfb><C:/Users/halin/AppDat
a/Local/Programs/MiKTeX/fonts/type1/public/nanumtype1/nanummjmd0.pfb><C:/Users/
halin/AppData/Local/Programs/MiKTeX/fonts/type1/public/nanumtype1/nanummjmd1.pf
b><C:/Users/halin/AppData/Local/Programs/MiKTeX/fonts/type1/public/nanumtype1/n
anummjmd2.pfb><C:/Users/halin/AppData/Local/Programs/MiKTeX/fonts/type1/public/
nanumtype1/nanummjmd3.pfb><C:/Users/halin/AppData/Local/Programs/MiKTeX/fonts/t
ype1/public/nanumtype1/nanummjmd4.pfb><C:/Users/halin/AppData/Local/Programs/Mi
KTeX/fonts/type1/public/nanumtype1/nanummjmd4.pfb><C:/Users/halin/AppData/Local
/Programs/MiKTeX/fonts/type1/public/nanumtype1/nanummjmd5.pfb><C:/Users/halin/A
ppData/Local/Programs/MiKTeX/fonts/type1/public/nanumtype1/nanummjmd6.pfb><C:/U
sers/halin/AppData/Local/Programs/MiKTeX/fonts/type1/public/nanumtype1/nanummjm
d6.pfb><C:/Users/halin/AppData/Local/Programs/MiKTeX/fonts/type1/public/nanumty
pe1/nanummjmd7.pfb><C:/Users/halin/AppData/Local/Programs/MiKTeX/fonts/type1/pu
blic/newtx/ntxtmri.pfb><C:/Users/halin/AppData/Local/Programs/MiKTeX/fonts/type
1/public/tex-gyre/qhvr.pfb><C:/Users/halin/AppData/Local/Programs/MiKTeX/fonts/
type1/public/newtx/ztmb.pfb><C:/Users/halin/AppData/Local/Programs/MiKTeX/fonts
/type1/public/newtx/ztmr.pfb><C:/Users/halin/AppData/Local/Programs/MiKTeX/font
s/type1/public/newtx/ztmri.pfb>
Output written on GroupTheory.pdf (7 pages, 3690544 bytes).
PDF statistics:
 522 PDF objects out of 1000 (max. 8388607)
 0 named destinations out of 1000 (max. 500000)
 13 words of extra memory for PDF output out of 10000 (max. 10000000)

